[2025-11-10T09:02:16.354+0000] {processor.py:161} INFO - Started process (PID=83) to work on /home/airflow/.local/lib/python3.8/site-packages/airflow/example_dags/example_complex.py
[2025-11-10T09:02:16.357+0000] {processor.py:830} INFO - Processing file /home/airflow/.local/lib/python3.8/site-packages/airflow/example_dags/example_complex.py for tasks to queue
[2025-11-10T09:02:16.362+0000] {logging_mixin.py:188} INFO - [2025-11-10T09:02:16.361+0000] {dagbag.py:538} INFO - Filling up the DagBag from /home/airflow/.local/lib/python3.8/site-packages/airflow/example_dags/example_complex.py
[2025-11-10T09:02:16.448+0000] {processor.py:840} INFO - DAG(s) 'example_complex' retrieved from /home/airflow/.local/lib/python3.8/site-packages/airflow/example_dags/example_complex.py
[2025-11-10T09:02:17.341+0000] {logging_mixin.py:188} INFO - [2025-11-10T09:02:17.340+0000] {dag.py:3036} INFO - Sync 1 DAGs
[2025-11-10T09:02:17.421+0000] {logging_mixin.py:188} INFO - [2025-11-10T09:02:17.420+0000] {dag.py:3823} INFO - Setting next_dagrun for example_complex to None, run_after=None
[2025-11-10T09:02:17.608+0000] {processor.py:183} INFO - Processing /home/airflow/.local/lib/python3.8/site-packages/airflow/example_dags/example_complex.py took 1.270 seconds
[2025-11-10T09:02:47.775+0000] {processor.py:161} INFO - Started process (PID=138) to work on /home/airflow/.local/lib/python3.8/site-packages/airflow/example_dags/example_complex.py
[2025-11-10T09:02:47.788+0000] {processor.py:830} INFO - Processing file /home/airflow/.local/lib/python3.8/site-packages/airflow/example_dags/example_complex.py for tasks to queue
[2025-11-10T09:02:47.800+0000] {logging_mixin.py:188} INFO - [2025-11-10T09:02:47.799+0000] {dagbag.py:538} INFO - Filling up the DagBag from /home/airflow/.local/lib/python3.8/site-packages/airflow/example_dags/example_complex.py
[2025-11-10T09:02:47.912+0000] {processor.py:840} INFO - DAG(s) 'example_complex' retrieved from /home/airflow/.local/lib/python3.8/site-packages/airflow/example_dags/example_complex.py
[2025-11-10T09:02:48.087+0000] {logging_mixin.py:188} INFO - [2025-11-10T09:02:48.086+0000] {dag.py:3036} INFO - Sync 1 DAGs
[2025-11-10T09:02:48.155+0000] {logging_mixin.py:188} INFO - [2025-11-10T09:02:48.155+0000] {dag.py:3823} INFO - Setting next_dagrun for example_complex to None, run_after=None
[2025-11-10T09:02:48.259+0000] {processor.py:183} INFO - Processing /home/airflow/.local/lib/python3.8/site-packages/airflow/example_dags/example_complex.py took 0.502 seconds
[2025-11-10T09:19:48.691+0000] {processor.py:161} INFO - Started process (PID=78) to work on /home/airflow/.local/lib/python3.8/site-packages/airflow/example_dags/example_complex.py
[2025-11-10T09:19:48.693+0000] {processor.py:830} INFO - Processing file /home/airflow/.local/lib/python3.8/site-packages/airflow/example_dags/example_complex.py for tasks to queue
[2025-11-10T09:19:48.696+0000] {logging_mixin.py:188} INFO - [2025-11-10T09:19:48.695+0000] {dagbag.py:538} INFO - Filling up the DagBag from /home/airflow/.local/lib/python3.8/site-packages/airflow/example_dags/example_complex.py
[2025-11-10T09:19:48.720+0000] {processor.py:840} INFO - DAG(s) 'example_complex' retrieved from /home/airflow/.local/lib/python3.8/site-packages/airflow/example_dags/example_complex.py
[2025-11-10T09:19:48.788+0000] {logging_mixin.py:188} INFO - [2025-11-10T09:19:48.788+0000] {dag.py:3036} INFO - Sync 1 DAGs
[2025-11-10T09:19:48.812+0000] {logging_mixin.py:188} INFO - [2025-11-10T09:19:48.812+0000] {dag.py:3823} INFO - Setting next_dagrun for example_complex to None, run_after=None
[2025-11-10T09:19:48.848+0000] {processor.py:183} INFO - Processing /home/airflow/.local/lib/python3.8/site-packages/airflow/example_dags/example_complex.py took 0.163 seconds
[2025-11-10T12:21:40.942+0000] {processor.py:161} INFO - Started process (PID=66) to work on /home/airflow/.local/lib/python3.8/site-packages/airflow/example_dags/example_complex.py
[2025-11-10T12:21:40.943+0000] {processor.py:830} INFO - Processing file /home/airflow/.local/lib/python3.8/site-packages/airflow/example_dags/example_complex.py for tasks to queue
[2025-11-10T12:21:40.945+0000] {logging_mixin.py:188} INFO - [2025-11-10T12:21:40.945+0000] {dagbag.py:538} INFO - Filling up the DagBag from /home/airflow/.local/lib/python3.8/site-packages/airflow/example_dags/example_complex.py
[2025-11-10T12:21:40.960+0000] {processor.py:840} INFO - DAG(s) 'example_complex' retrieved from /home/airflow/.local/lib/python3.8/site-packages/airflow/example_dags/example_complex.py
[2025-11-10T12:21:41.018+0000] {logging_mixin.py:188} INFO - [2025-11-10T12:21:41.017+0000] {dag.py:3036} INFO - Sync 1 DAGs
[2025-11-10T12:21:41.045+0000] {logging_mixin.py:188} INFO - [2025-11-10T12:21:41.045+0000] {dag.py:3823} INFO - Setting next_dagrun for example_complex to None, run_after=None
[2025-11-10T12:21:41.070+0000] {processor.py:183} INFO - Processing /home/airflow/.local/lib/python3.8/site-packages/airflow/example_dags/example_complex.py took 0.132 seconds
[2025-11-10T12:22:11.585+0000] {processor.py:161} INFO - Started process (PID=127) to work on /home/airflow/.local/lib/python3.8/site-packages/airflow/example_dags/example_complex.py
[2025-11-10T12:22:11.586+0000] {processor.py:830} INFO - Processing file /home/airflow/.local/lib/python3.8/site-packages/airflow/example_dags/example_complex.py for tasks to queue
[2025-11-10T12:22:11.588+0000] {logging_mixin.py:188} INFO - [2025-11-10T12:22:11.588+0000] {dagbag.py:538} INFO - Filling up the DagBag from /home/airflow/.local/lib/python3.8/site-packages/airflow/example_dags/example_complex.py
[2025-11-10T12:22:11.602+0000] {processor.py:840} INFO - DAG(s) 'example_complex' retrieved from /home/airflow/.local/lib/python3.8/site-packages/airflow/example_dags/example_complex.py
[2025-11-10T12:22:11.654+0000] {logging_mixin.py:188} INFO - [2025-11-10T12:22:11.654+0000] {dag.py:3036} INFO - Sync 1 DAGs
[2025-11-10T12:22:11.676+0000] {logging_mixin.py:188} INFO - [2025-11-10T12:22:11.676+0000] {dag.py:3823} INFO - Setting next_dagrun for example_complex to None, run_after=None
[2025-11-10T12:22:11.700+0000] {processor.py:183} INFO - Processing /home/airflow/.local/lib/python3.8/site-packages/airflow/example_dags/example_complex.py took 0.119 seconds
[2025-11-10T12:22:42.382+0000] {processor.py:161} INFO - Started process (PID=183) to work on /home/airflow/.local/lib/python3.8/site-packages/airflow/example_dags/example_complex.py
[2025-11-10T12:22:42.394+0000] {processor.py:830} INFO - Processing file /home/airflow/.local/lib/python3.8/site-packages/airflow/example_dags/example_complex.py for tasks to queue
[2025-11-10T12:22:42.421+0000] {logging_mixin.py:188} INFO - [2025-11-10T12:22:42.409+0000] {dagbag.py:538} INFO - Filling up the DagBag from /home/airflow/.local/lib/python3.8/site-packages/airflow/example_dags/example_complex.py
[2025-11-10T12:22:42.501+0000] {processor.py:840} INFO - DAG(s) 'example_complex' retrieved from /home/airflow/.local/lib/python3.8/site-packages/airflow/example_dags/example_complex.py
[2025-11-10T12:22:42.817+0000] {logging_mixin.py:188} INFO - [2025-11-10T12:22:42.816+0000] {dag.py:3036} INFO - Sync 1 DAGs
[2025-11-10T12:22:42.980+0000] {logging_mixin.py:188} INFO - [2025-11-10T12:22:42.980+0000] {dag.py:3823} INFO - Setting next_dagrun for example_complex to None, run_after=None
[2025-11-10T12:22:43.064+0000] {processor.py:183} INFO - Processing /home/airflow/.local/lib/python3.8/site-packages/airflow/example_dags/example_complex.py took 0.703 seconds
