[2025-11-10T09:02:31.313+0000] {processor.py:161} INFO - Started process (PID=119) to work on /home/airflow/.local/lib/python3.8/site-packages/airflow/example_dags/example_params_ui_tutorial.py
[2025-11-10T09:02:31.315+0000] {processor.py:830} INFO - Processing file /home/airflow/.local/lib/python3.8/site-packages/airflow/example_dags/example_params_ui_tutorial.py for tasks to queue
[2025-11-10T09:02:31.320+0000] {logging_mixin.py:188} INFO - [2025-11-10T09:02:31.319+0000] {dagbag.py:538} INFO - Filling up the DagBag from /home/airflow/.local/lib/python3.8/site-packages/airflow/example_dags/example_params_ui_tutorial.py
[2025-11-10T09:02:31.359+0000] {processor.py:840} INFO - DAG(s) 'example_params_ui_tutorial' retrieved from /home/airflow/.local/lib/python3.8/site-packages/airflow/example_dags/example_params_ui_tutorial.py
[2025-11-10T09:02:31.718+0000] {logging_mixin.py:188} INFO - [2025-11-10T09:02:31.717+0000] {dag.py:3036} INFO - Sync 1 DAGs
[2025-11-10T09:02:31.752+0000] {logging_mixin.py:188} INFO - [2025-11-10T09:02:31.751+0000] {dag.py:3823} INFO - Setting next_dagrun for example_params_ui_tutorial to None, run_after=None
[2025-11-10T09:02:31.840+0000] {processor.py:183} INFO - Processing /home/airflow/.local/lib/python3.8/site-packages/airflow/example_dags/example_params_ui_tutorial.py took 0.540 seconds
[2025-11-10T09:03:01.972+0000] {processor.py:161} INFO - Started process (PID=174) to work on /home/airflow/.local/lib/python3.8/site-packages/airflow/example_dags/example_params_ui_tutorial.py
[2025-11-10T09:03:01.975+0000] {processor.py:830} INFO - Processing file /home/airflow/.local/lib/python3.8/site-packages/airflow/example_dags/example_params_ui_tutorial.py for tasks to queue
[2025-11-10T09:03:01.978+0000] {logging_mixin.py:188} INFO - [2025-11-10T09:03:01.977+0000] {dagbag.py:538} INFO - Filling up the DagBag from /home/airflow/.local/lib/python3.8/site-packages/airflow/example_dags/example_params_ui_tutorial.py
[2025-11-10T09:03:02.005+0000] {processor.py:840} INFO - DAG(s) 'example_params_ui_tutorial' retrieved from /home/airflow/.local/lib/python3.8/site-packages/airflow/example_dags/example_params_ui_tutorial.py
[2025-11-10T09:03:02.194+0000] {logging_mixin.py:188} INFO - [2025-11-10T09:03:02.193+0000] {dag.py:3036} INFO - Sync 1 DAGs
[2025-11-10T09:03:02.240+0000] {logging_mixin.py:188} INFO - [2025-11-10T09:03:02.239+0000] {dag.py:3823} INFO - Setting next_dagrun for example_params_ui_tutorial to None, run_after=None
[2025-11-10T09:03:02.298+0000] {processor.py:183} INFO - Processing /home/airflow/.local/lib/python3.8/site-packages/airflow/example_dags/example_params_ui_tutorial.py took 0.333 seconds
[2025-11-10T09:19:54.303+0000] {processor.py:161} INFO - Started process (PID=114) to work on /home/airflow/.local/lib/python3.8/site-packages/airflow/example_dags/example_params_ui_tutorial.py
[2025-11-10T09:19:54.305+0000] {processor.py:830} INFO - Processing file /home/airflow/.local/lib/python3.8/site-packages/airflow/example_dags/example_params_ui_tutorial.py for tasks to queue
[2025-11-10T09:19:54.310+0000] {logging_mixin.py:188} INFO - [2025-11-10T09:19:54.309+0000] {dagbag.py:538} INFO - Filling up the DagBag from /home/airflow/.local/lib/python3.8/site-packages/airflow/example_dags/example_params_ui_tutorial.py
[2025-11-10T09:19:54.339+0000] {processor.py:840} INFO - DAG(s) 'example_params_ui_tutorial' retrieved from /home/airflow/.local/lib/python3.8/site-packages/airflow/example_dags/example_params_ui_tutorial.py
[2025-11-10T09:19:54.471+0000] {logging_mixin.py:188} INFO - [2025-11-10T09:19:54.471+0000] {dag.py:3036} INFO - Sync 1 DAGs
[2025-11-10T09:19:54.495+0000] {logging_mixin.py:188} INFO - [2025-11-10T09:19:54.495+0000] {dag.py:3823} INFO - Setting next_dagrun for example_params_ui_tutorial to None, run_after=None
[2025-11-10T09:19:54.528+0000] {processor.py:183} INFO - Processing /home/airflow/.local/lib/python3.8/site-packages/airflow/example_dags/example_params_ui_tutorial.py took 0.235 seconds
[2025-11-10T12:21:46.281+0000] {processor.py:161} INFO - Started process (PID=108) to work on /home/airflow/.local/lib/python3.8/site-packages/airflow/example_dags/example_params_ui_tutorial.py
[2025-11-10T12:21:46.283+0000] {processor.py:830} INFO - Processing file /home/airflow/.local/lib/python3.8/site-packages/airflow/example_dags/example_params_ui_tutorial.py for tasks to queue
[2025-11-10T12:21:46.285+0000] {logging_mixin.py:188} INFO - [2025-11-10T12:21:46.285+0000] {dagbag.py:538} INFO - Filling up the DagBag from /home/airflow/.local/lib/python3.8/site-packages/airflow/example_dags/example_params_ui_tutorial.py
[2025-11-10T12:21:46.309+0000] {processor.py:840} INFO - DAG(s) 'example_params_ui_tutorial' retrieved from /home/airflow/.local/lib/python3.8/site-packages/airflow/example_dags/example_params_ui_tutorial.py
[2025-11-10T12:21:46.418+0000] {logging_mixin.py:188} INFO - [2025-11-10T12:21:46.418+0000] {dag.py:3036} INFO - Sync 1 DAGs
[2025-11-10T12:21:46.441+0000] {logging_mixin.py:188} INFO - [2025-11-10T12:21:46.441+0000] {dag.py:3823} INFO - Setting next_dagrun for example_params_ui_tutorial to None, run_after=None
[2025-11-10T12:21:46.472+0000] {processor.py:183} INFO - Processing /home/airflow/.local/lib/python3.8/site-packages/airflow/example_dags/example_params_ui_tutorial.py took 0.197 seconds
[2025-11-10T12:22:16.973+0000] {processor.py:161} INFO - Started process (PID=163) to work on /home/airflow/.local/lib/python3.8/site-packages/airflow/example_dags/example_params_ui_tutorial.py
[2025-11-10T12:22:16.975+0000] {processor.py:830} INFO - Processing file /home/airflow/.local/lib/python3.8/site-packages/airflow/example_dags/example_params_ui_tutorial.py for tasks to queue
[2025-11-10T12:22:16.977+0000] {logging_mixin.py:188} INFO - [2025-11-10T12:22:16.977+0000] {dagbag.py:538} INFO - Filling up the DagBag from /home/airflow/.local/lib/python3.8/site-packages/airflow/example_dags/example_params_ui_tutorial.py
[2025-11-10T12:22:16.993+0000] {processor.py:840} INFO - DAG(s) 'example_params_ui_tutorial' retrieved from /home/airflow/.local/lib/python3.8/site-packages/airflow/example_dags/example_params_ui_tutorial.py
[2025-11-10T12:22:17.080+0000] {logging_mixin.py:188} INFO - [2025-11-10T12:22:17.080+0000] {dag.py:3036} INFO - Sync 1 DAGs
[2025-11-10T12:22:17.098+0000] {logging_mixin.py:188} INFO - [2025-11-10T12:22:17.097+0000] {dag.py:3823} INFO - Setting next_dagrun for example_params_ui_tutorial to None, run_after=None
[2025-11-10T12:22:17.123+0000] {processor.py:183} INFO - Processing /home/airflow/.local/lib/python3.8/site-packages/airflow/example_dags/example_params_ui_tutorial.py took 0.155 seconds
[2025-11-10T12:22:48.230+0000] {processor.py:161} INFO - Started process (PID=219) to work on /home/airflow/.local/lib/python3.8/site-packages/airflow/example_dags/example_params_ui_tutorial.py
[2025-11-10T12:22:48.233+0000] {processor.py:830} INFO - Processing file /home/airflow/.local/lib/python3.8/site-packages/airflow/example_dags/example_params_ui_tutorial.py for tasks to queue
[2025-11-10T12:22:48.237+0000] {logging_mixin.py:188} INFO - [2025-11-10T12:22:48.236+0000] {dagbag.py:538} INFO - Filling up the DagBag from /home/airflow/.local/lib/python3.8/site-packages/airflow/example_dags/example_params_ui_tutorial.py
[2025-11-10T12:22:48.272+0000] {processor.py:840} INFO - DAG(s) 'example_params_ui_tutorial' retrieved from /home/airflow/.local/lib/python3.8/site-packages/airflow/example_dags/example_params_ui_tutorial.py
[2025-11-10T12:22:48.417+0000] {logging_mixin.py:188} INFO - [2025-11-10T12:22:48.416+0000] {dag.py:3036} INFO - Sync 1 DAGs
[2025-11-10T12:22:48.438+0000] {logging_mixin.py:188} INFO - [2025-11-10T12:22:48.438+0000] {dag.py:3823} INFO - Setting next_dagrun for example_params_ui_tutorial to None, run_after=None
[2025-11-10T12:22:48.469+0000] {processor.py:183} INFO - Processing /home/airflow/.local/lib/python3.8/site-packages/airflow/example_dags/example_params_ui_tutorial.py took 0.246 seconds
