[2025-11-10T09:02:31.490+0000] {processor.py:161} INFO - Started process (PID=120) to work on /home/airflow/.local/lib/python3.8/site-packages/airflow/example_dags/example_sla_dag.py
[2025-11-10T09:02:31.492+0000] {processor.py:830} INFO - Processing file /home/airflow/.local/lib/python3.8/site-packages/airflow/example_dags/example_sla_dag.py for tasks to queue
[2025-11-10T09:02:31.495+0000] {logging_mixin.py:188} INFO - [2025-11-10T09:02:31.495+0000] {dagbag.py:538} INFO - Filling up the DagBag from /home/airflow/.local/lib/python3.8/site-packages/airflow/example_dags/example_sla_dag.py
[2025-11-10T09:02:31.515+0000] {processor.py:840} INFO - DAG(s) 'example_sla_dag' retrieved from /home/airflow/.local/lib/python3.8/site-packages/airflow/example_dags/example_sla_dag.py
[2025-11-10T09:02:31.871+0000] {logging_mixin.py:188} INFO - [2025-11-10T09:02:31.870+0000] {dag.py:3036} INFO - Sync 1 DAGs
[2025-11-10T09:02:31.946+0000] {logging_mixin.py:188} INFO - [2025-11-10T09:02:31.946+0000] {dag.py:3823} INFO - Setting next_dagrun for example_sla_dag to 2025-11-10 09:00:00+00:00, run_after=2025-11-10 09:02:00+00:00
[2025-11-10T09:02:32.037+0000] {processor.py:183} INFO - Processing /home/airflow/.local/lib/python3.8/site-packages/airflow/example_dags/example_sla_dag.py took 0.553 seconds
[2025-11-10T09:03:02.231+0000] {processor.py:161} INFO - Started process (PID=175) to work on /home/airflow/.local/lib/python3.8/site-packages/airflow/example_dags/example_sla_dag.py
[2025-11-10T09:03:02.234+0000] {processor.py:830} INFO - Processing file /home/airflow/.local/lib/python3.8/site-packages/airflow/example_dags/example_sla_dag.py for tasks to queue
[2025-11-10T09:03:02.239+0000] {logging_mixin.py:188} INFO - [2025-11-10T09:03:02.238+0000] {dagbag.py:538} INFO - Filling up the DagBag from /home/airflow/.local/lib/python3.8/site-packages/airflow/example_dags/example_sla_dag.py
[2025-11-10T09:03:02.268+0000] {processor.py:840} INFO - DAG(s) 'example_sla_dag' retrieved from /home/airflow/.local/lib/python3.8/site-packages/airflow/example_dags/example_sla_dag.py
[2025-11-10T09:03:02.314+0000] {logging_mixin.py:188} INFO - [2025-11-10T09:03:02.313+0000] {dag.py:3036} INFO - Sync 1 DAGs
[2025-11-10T09:03:02.357+0000] {logging_mixin.py:188} INFO - [2025-11-10T09:03:02.357+0000] {dag.py:3823} INFO - Setting next_dagrun for example_sla_dag to 2025-11-10 09:00:00+00:00, run_after=2025-11-10 09:02:00+00:00
[2025-11-10T09:03:02.388+0000] {processor.py:183} INFO - Processing /home/airflow/.local/lib/python3.8/site-packages/airflow/example_dags/example_sla_dag.py took 0.175 seconds
[2025-11-10T09:19:54.378+0000] {processor.py:161} INFO - Started process (PID=115) to work on /home/airflow/.local/lib/python3.8/site-packages/airflow/example_dags/example_sla_dag.py
[2025-11-10T09:19:54.380+0000] {processor.py:830} INFO - Processing file /home/airflow/.local/lib/python3.8/site-packages/airflow/example_dags/example_sla_dag.py for tasks to queue
[2025-11-10T09:19:54.382+0000] {logging_mixin.py:188} INFO - [2025-11-10T09:19:54.382+0000] {dagbag.py:538} INFO - Filling up the DagBag from /home/airflow/.local/lib/python3.8/site-packages/airflow/example_dags/example_sla_dag.py
[2025-11-10T09:19:54.394+0000] {processor.py:840} INFO - DAG(s) 'example_sla_dag' retrieved from /home/airflow/.local/lib/python3.8/site-packages/airflow/example_dags/example_sla_dag.py
[2025-11-10T09:19:54.435+0000] {logging_mixin.py:188} INFO - [2025-11-10T09:19:54.435+0000] {dag.py:3036} INFO - Sync 1 DAGs
[2025-11-10T09:19:54.490+0000] {logging_mixin.py:188} INFO - [2025-11-10T09:19:54.490+0000] {dag.py:3823} INFO - Setting next_dagrun for example_sla_dag to 2025-11-10 09:16:00+00:00, run_after=2025-11-10 09:18:00+00:00
[2025-11-10T09:19:54.526+0000] {processor.py:183} INFO - Processing /home/airflow/.local/lib/python3.8/site-packages/airflow/example_dags/example_sla_dag.py took 0.153 seconds
[2025-11-10T12:21:46.328+0000] {processor.py:161} INFO - Started process (PID=109) to work on /home/airflow/.local/lib/python3.8/site-packages/airflow/example_dags/example_sla_dag.py
[2025-11-10T12:21:46.330+0000] {processor.py:830} INFO - Processing file /home/airflow/.local/lib/python3.8/site-packages/airflow/example_dags/example_sla_dag.py for tasks to queue
[2025-11-10T12:21:46.333+0000] {logging_mixin.py:188} INFO - [2025-11-10T12:21:46.332+0000] {dagbag.py:538} INFO - Filling up the DagBag from /home/airflow/.local/lib/python3.8/site-packages/airflow/example_dags/example_sla_dag.py
[2025-11-10T12:21:46.346+0000] {processor.py:840} INFO - DAG(s) 'example_sla_dag' retrieved from /home/airflow/.local/lib/python3.8/site-packages/airflow/example_dags/example_sla_dag.py
[2025-11-10T12:21:46.375+0000] {logging_mixin.py:188} INFO - [2025-11-10T12:21:46.375+0000] {dag.py:3036} INFO - Sync 1 DAGs
[2025-11-10T12:21:46.419+0000] {logging_mixin.py:188} INFO - [2025-11-10T12:21:46.418+0000] {dag.py:3823} INFO - Setting next_dagrun for example_sla_dag to 2025-11-10 12:18:00+00:00, run_after=2025-11-10 12:20:00+00:00
[2025-11-10T12:21:46.454+0000] {processor.py:183} INFO - Processing /home/airflow/.local/lib/python3.8/site-packages/airflow/example_dags/example_sla_dag.py took 0.132 seconds
[2025-11-10T12:22:17.007+0000] {processor.py:161} INFO - Started process (PID=164) to work on /home/airflow/.local/lib/python3.8/site-packages/airflow/example_dags/example_sla_dag.py
[2025-11-10T12:22:17.009+0000] {processor.py:830} INFO - Processing file /home/airflow/.local/lib/python3.8/site-packages/airflow/example_dags/example_sla_dag.py for tasks to queue
[2025-11-10T12:22:17.011+0000] {logging_mixin.py:188} INFO - [2025-11-10T12:22:17.010+0000] {dagbag.py:538} INFO - Filling up the DagBag from /home/airflow/.local/lib/python3.8/site-packages/airflow/example_dags/example_sla_dag.py
[2025-11-10T12:22:17.022+0000] {processor.py:840} INFO - DAG(s) 'example_sla_dag' retrieved from /home/airflow/.local/lib/python3.8/site-packages/airflow/example_dags/example_sla_dag.py
[2025-11-10T12:22:17.047+0000] {logging_mixin.py:188} INFO - [2025-11-10T12:22:17.046+0000] {dag.py:3036} INFO - Sync 1 DAGs
[2025-11-10T12:22:17.081+0000] {logging_mixin.py:188} INFO - [2025-11-10T12:22:17.081+0000] {dag.py:3823} INFO - Setting next_dagrun for example_sla_dag to 2025-11-10 12:20:00+00:00, run_after=2025-11-10 12:22:00+00:00
[2025-11-10T12:22:17.110+0000] {processor.py:183} INFO - Processing /home/airflow/.local/lib/python3.8/site-packages/airflow/example_dags/example_sla_dag.py took 0.106 seconds
[2025-11-10T12:22:48.295+0000] {processor.py:161} INFO - Started process (PID=220) to work on /home/airflow/.local/lib/python3.8/site-packages/airflow/example_dags/example_sla_dag.py
[2025-11-10T12:22:48.299+0000] {processor.py:830} INFO - Processing file /home/airflow/.local/lib/python3.8/site-packages/airflow/example_dags/example_sla_dag.py for tasks to queue
[2025-11-10T12:22:48.304+0000] {logging_mixin.py:188} INFO - [2025-11-10T12:22:48.303+0000] {dagbag.py:538} INFO - Filling up the DagBag from /home/airflow/.local/lib/python3.8/site-packages/airflow/example_dags/example_sla_dag.py
[2025-11-10T12:22:48.324+0000] {processor.py:840} INFO - DAG(s) 'example_sla_dag' retrieved from /home/airflow/.local/lib/python3.8/site-packages/airflow/example_dags/example_sla_dag.py
[2025-11-10T12:22:48.365+0000] {logging_mixin.py:188} INFO - [2025-11-10T12:22:48.364+0000] {dag.py:3036} INFO - Sync 1 DAGs
[2025-11-10T12:22:48.413+0000] {logging_mixin.py:188} INFO - [2025-11-10T12:22:48.412+0000] {dag.py:3823} INFO - Setting next_dagrun for example_sla_dag to 2025-11-10 12:20:00+00:00, run_after=2025-11-10 12:22:00+00:00
[2025-11-10T12:22:48.442+0000] {processor.py:183} INFO - Processing /home/airflow/.local/lib/python3.8/site-packages/airflow/example_dags/example_sla_dag.py took 0.160 seconds
