[2025-11-10T09:02:28.828+0000] {processor.py:161} INFO - Started process (PID=109) to work on /home/airflow/.local/lib/python3.8/site-packages/airflow/example_dags/example_sensors.py
[2025-11-10T09:02:28.830+0000] {processor.py:830} INFO - Processing file /home/airflow/.local/lib/python3.8/site-packages/airflow/example_dags/example_sensors.py for tasks to queue
[2025-11-10T09:02:28.835+0000] {logging_mixin.py:188} INFO - [2025-11-10T09:02:28.834+0000] {dagbag.py:538} INFO - Filling up the DagBag from /home/airflow/.local/lib/python3.8/site-packages/airflow/example_dags/example_sensors.py
[2025-11-10T09:02:28.867+0000] {processor.py:840} INFO - DAG(s) 'example_sensors' retrieved from /home/airflow/.local/lib/python3.8/site-packages/airflow/example_dags/example_sensors.py
[2025-11-10T09:02:29.313+0000] {logging_mixin.py:188} INFO - [2025-11-10T09:02:29.312+0000] {dag.py:3036} INFO - Sync 1 DAGs
[2025-11-10T09:02:29.354+0000] {logging_mixin.py:188} INFO - [2025-11-10T09:02:29.354+0000] {dag.py:3823} INFO - Setting next_dagrun for example_sensors to None, run_after=None
[2025-11-10T09:02:29.415+0000] {processor.py:183} INFO - Processing /home/airflow/.local/lib/python3.8/site-packages/airflow/example_dags/example_sensors.py took 0.597 seconds
[2025-11-10T09:02:59.871+0000] {processor.py:161} INFO - Started process (PID=164) to work on /home/airflow/.local/lib/python3.8/site-packages/airflow/example_dags/example_sensors.py
[2025-11-10T09:02:59.874+0000] {processor.py:830} INFO - Processing file /home/airflow/.local/lib/python3.8/site-packages/airflow/example_dags/example_sensors.py for tasks to queue
[2025-11-10T09:02:59.877+0000] {logging_mixin.py:188} INFO - [2025-11-10T09:02:59.876+0000] {dagbag.py:538} INFO - Filling up the DagBag from /home/airflow/.local/lib/python3.8/site-packages/airflow/example_dags/example_sensors.py
[2025-11-10T09:02:59.901+0000] {processor.py:840} INFO - DAG(s) 'example_sensors' retrieved from /home/airflow/.local/lib/python3.8/site-packages/airflow/example_dags/example_sensors.py
[2025-11-10T09:02:59.960+0000] {logging_mixin.py:188} INFO - [2025-11-10T09:02:59.960+0000] {dag.py:3036} INFO - Sync 1 DAGs
[2025-11-10T09:02:59.991+0000] {logging_mixin.py:188} INFO - [2025-11-10T09:02:59.991+0000] {dag.py:3823} INFO - Setting next_dagrun for example_sensors to None, run_after=None
[2025-11-10T09:03:00.036+0000] {processor.py:183} INFO - Processing /home/airflow/.local/lib/python3.8/site-packages/airflow/example_dags/example_sensors.py took 0.175 seconds
[2025-11-10T09:19:53.316+0000] {processor.py:161} INFO - Started process (PID=104) to work on /home/airflow/.local/lib/python3.8/site-packages/airflow/example_dags/example_sensors.py
[2025-11-10T09:19:53.318+0000] {processor.py:830} INFO - Processing file /home/airflow/.local/lib/python3.8/site-packages/airflow/example_dags/example_sensors.py for tasks to queue
[2025-11-10T09:19:53.320+0000] {logging_mixin.py:188} INFO - [2025-11-10T09:19:53.320+0000] {dagbag.py:538} INFO - Filling up the DagBag from /home/airflow/.local/lib/python3.8/site-packages/airflow/example_dags/example_sensors.py
[2025-11-10T09:19:53.334+0000] {processor.py:840} INFO - DAG(s) 'example_sensors' retrieved from /home/airflow/.local/lib/python3.8/site-packages/airflow/example_dags/example_sensors.py
[2025-11-10T09:19:53.375+0000] {logging_mixin.py:188} INFO - [2025-11-10T09:19:53.374+0000] {dag.py:3036} INFO - Sync 1 DAGs
[2025-11-10T09:19:53.390+0000] {logging_mixin.py:188} INFO - [2025-11-10T09:19:53.390+0000] {dag.py:3823} INFO - Setting next_dagrun for example_sensors to None, run_after=None
[2025-11-10T09:19:53.416+0000] {processor.py:183} INFO - Processing /home/airflow/.local/lib/python3.8/site-packages/airflow/example_dags/example_sensors.py took 0.105 seconds
[2025-11-10T12:21:45.224+0000] {processor.py:161} INFO - Started process (PID=98) to work on /home/airflow/.local/lib/python3.8/site-packages/airflow/example_dags/example_sensors.py
[2025-11-10T12:21:45.226+0000] {processor.py:830} INFO - Processing file /home/airflow/.local/lib/python3.8/site-packages/airflow/example_dags/example_sensors.py for tasks to queue
[2025-11-10T12:21:45.228+0000] {logging_mixin.py:188} INFO - [2025-11-10T12:21:45.227+0000] {dagbag.py:538} INFO - Filling up the DagBag from /home/airflow/.local/lib/python3.8/site-packages/airflow/example_dags/example_sensors.py
[2025-11-10T12:21:45.241+0000] {processor.py:840} INFO - DAG(s) 'example_sensors' retrieved from /home/airflow/.local/lib/python3.8/site-packages/airflow/example_dags/example_sensors.py
[2025-11-10T12:21:45.279+0000] {logging_mixin.py:188} INFO - [2025-11-10T12:21:45.278+0000] {dag.py:3036} INFO - Sync 1 DAGs
[2025-11-10T12:21:45.295+0000] {logging_mixin.py:188} INFO - [2025-11-10T12:21:45.295+0000] {dag.py:3823} INFO - Setting next_dagrun for example_sensors to None, run_after=None
[2025-11-10T12:21:45.323+0000] {processor.py:183} INFO - Processing /home/airflow/.local/lib/python3.8/site-packages/airflow/example_dags/example_sensors.py took 0.103 seconds
[2025-11-10T12:22:15.372+0000] {processor.py:161} INFO - Started process (PID=153) to work on /home/airflow/.local/lib/python3.8/site-packages/airflow/example_dags/example_sensors.py
[2025-11-10T12:22:15.374+0000] {processor.py:830} INFO - Processing file /home/airflow/.local/lib/python3.8/site-packages/airflow/example_dags/example_sensors.py for tasks to queue
[2025-11-10T12:22:15.376+0000] {logging_mixin.py:188} INFO - [2025-11-10T12:22:15.375+0000] {dagbag.py:538} INFO - Filling up the DagBag from /home/airflow/.local/lib/python3.8/site-packages/airflow/example_dags/example_sensors.py
[2025-11-10T12:22:15.388+0000] {processor.py:840} INFO - DAG(s) 'example_sensors' retrieved from /home/airflow/.local/lib/python3.8/site-packages/airflow/example_dags/example_sensors.py
[2025-11-10T12:22:15.418+0000] {logging_mixin.py:188} INFO - [2025-11-10T12:22:15.418+0000] {dag.py:3036} INFO - Sync 1 DAGs
[2025-11-10T12:22:15.431+0000] {logging_mixin.py:188} INFO - [2025-11-10T12:22:15.431+0000] {dag.py:3823} INFO - Setting next_dagrun for example_sensors to None, run_after=None
[2025-11-10T12:22:15.453+0000] {processor.py:183} INFO - Processing /home/airflow/.local/lib/python3.8/site-packages/airflow/example_dags/example_sensors.py took 0.086 seconds
[2025-11-10T12:22:46.373+0000] {processor.py:161} INFO - Started process (PID=209) to work on /home/airflow/.local/lib/python3.8/site-packages/airflow/example_dags/example_sensors.py
[2025-11-10T12:22:46.375+0000] {processor.py:830} INFO - Processing file /home/airflow/.local/lib/python3.8/site-packages/airflow/example_dags/example_sensors.py for tasks to queue
[2025-11-10T12:22:46.378+0000] {logging_mixin.py:188} INFO - [2025-11-10T12:22:46.377+0000] {dagbag.py:538} INFO - Filling up the DagBag from /home/airflow/.local/lib/python3.8/site-packages/airflow/example_dags/example_sensors.py
[2025-11-10T12:22:46.392+0000] {processor.py:840} INFO - DAG(s) 'example_sensors' retrieved from /home/airflow/.local/lib/python3.8/site-packages/airflow/example_dags/example_sensors.py
[2025-11-10T12:22:46.424+0000] {logging_mixin.py:188} INFO - [2025-11-10T12:22:46.424+0000] {dag.py:3036} INFO - Sync 1 DAGs
[2025-11-10T12:22:46.439+0000] {logging_mixin.py:188} INFO - [2025-11-10T12:22:46.439+0000] {dag.py:3823} INFO - Setting next_dagrun for example_sensors to None, run_after=None
[2025-11-10T12:22:46.461+0000] {processor.py:183} INFO - Processing /home/airflow/.local/lib/python3.8/site-packages/airflow/example_dags/example_sensors.py took 0.093 seconds
