[2025-11-10T09:02:25.424+0000] {processor.py:161} INFO - Started process (PID=101) to work on /home/airflow/.local/lib/python3.8/site-packages/airflow/example_dags/example_xcomargs.py
[2025-11-10T09:02:25.431+0000] {processor.py:830} INFO - Processing file /home/airflow/.local/lib/python3.8/site-packages/airflow/example_dags/example_xcomargs.py for tasks to queue
[2025-11-10T09:02:25.437+0000] {logging_mixin.py:188} INFO - [2025-11-10T09:02:25.436+0000] {dagbag.py:538} INFO - Filling up the DagBag from /home/airflow/.local/lib/python3.8/site-packages/airflow/example_dags/example_xcomargs.py
[2025-11-10T09:02:25.479+0000] {processor.py:840} INFO - DAG(s) 'example_xcom_args_with_operators', 'example_xcom_args' retrieved from /home/airflow/.local/lib/python3.8/site-packages/airflow/example_dags/example_xcomargs.py
[2025-11-10T09:02:26.063+0000] {logging_mixin.py:188} INFO - [2025-11-10T09:02:26.054+0000] {dag.py:3036} INFO - Sync 2 DAGs
[2025-11-10T09:02:26.123+0000] {logging_mixin.py:188} INFO - [2025-11-10T09:02:26.122+0000] {dag.py:3823} INFO - Setting next_dagrun for example_xcom_args to None, run_after=None
[2025-11-10T09:02:26.140+0000] {logging_mixin.py:188} INFO - [2025-11-10T09:02:26.140+0000] {dag.py:3823} INFO - Setting next_dagrun for example_xcom_args_with_operators to None, run_after=None
[2025-11-10T09:02:26.205+0000] {processor.py:183} INFO - Processing /home/airflow/.local/lib/python3.8/site-packages/airflow/example_dags/example_xcomargs.py took 0.799 seconds
[2025-11-10T09:02:56.435+0000] {processor.py:161} INFO - Started process (PID=156) to work on /home/airflow/.local/lib/python3.8/site-packages/airflow/example_dags/example_xcomargs.py
[2025-11-10T09:02:56.438+0000] {processor.py:830} INFO - Processing file /home/airflow/.local/lib/python3.8/site-packages/airflow/example_dags/example_xcomargs.py for tasks to queue
[2025-11-10T09:02:56.443+0000] {logging_mixin.py:188} INFO - [2025-11-10T09:02:56.442+0000] {dagbag.py:538} INFO - Filling up the DagBag from /home/airflow/.local/lib/python3.8/site-packages/airflow/example_dags/example_xcomargs.py
[2025-11-10T09:02:56.479+0000] {processor.py:840} INFO - DAG(s) 'example_xcom_args_with_operators', 'example_xcom_args' retrieved from /home/airflow/.local/lib/python3.8/site-packages/airflow/example_dags/example_xcomargs.py
[2025-11-10T09:02:56.563+0000] {logging_mixin.py:188} INFO - [2025-11-10T09:02:56.562+0000] {dag.py:3036} INFO - Sync 2 DAGs
[2025-11-10T09:02:56.608+0000] {logging_mixin.py:188} INFO - [2025-11-10T09:02:56.608+0000] {dag.py:3823} INFO - Setting next_dagrun for example_xcom_args to None, run_after=None
[2025-11-10T09:02:56.618+0000] {logging_mixin.py:188} INFO - [2025-11-10T09:02:56.618+0000] {dag.py:3823} INFO - Setting next_dagrun for example_xcom_args_with_operators to None, run_after=None
[2025-11-10T09:02:56.665+0000] {processor.py:183} INFO - Processing /home/airflow/.local/lib/python3.8/site-packages/airflow/example_dags/example_xcomargs.py took 0.243 seconds
[2025-11-10T09:19:51.268+0000] {processor.py:161} INFO - Started process (PID=96) to work on /home/airflow/.local/lib/python3.8/site-packages/airflow/example_dags/example_xcomargs.py
[2025-11-10T09:19:51.270+0000] {processor.py:830} INFO - Processing file /home/airflow/.local/lib/python3.8/site-packages/airflow/example_dags/example_xcomargs.py for tasks to queue
[2025-11-10T09:19:51.274+0000] {logging_mixin.py:188} INFO - [2025-11-10T09:19:51.273+0000] {dagbag.py:538} INFO - Filling up the DagBag from /home/airflow/.local/lib/python3.8/site-packages/airflow/example_dags/example_xcomargs.py
[2025-11-10T09:19:51.290+0000] {processor.py:840} INFO - DAG(s) 'example_xcom_args_with_operators', 'example_xcom_args' retrieved from /home/airflow/.local/lib/python3.8/site-packages/airflow/example_dags/example_xcomargs.py
[2025-11-10T09:19:51.389+0000] {logging_mixin.py:188} INFO - [2025-11-10T09:19:51.387+0000] {dag.py:3036} INFO - Sync 2 DAGs
[2025-11-10T09:19:51.454+0000] {logging_mixin.py:188} INFO - [2025-11-10T09:19:51.453+0000] {dag.py:3823} INFO - Setting next_dagrun for example_xcom_args to None, run_after=None
[2025-11-10T09:19:51.485+0000] {logging_mixin.py:188} INFO - [2025-11-10T09:19:51.485+0000] {dag.py:3823} INFO - Setting next_dagrun for example_xcom_args_with_operators to None, run_after=None
[2025-11-10T09:19:51.594+0000] {processor.py:183} INFO - Processing /home/airflow/.local/lib/python3.8/site-packages/airflow/example_dags/example_xcomargs.py took 0.332 seconds
[2025-11-10T12:21:44.195+0000] {processor.py:161} INFO - Started process (PID=90) to work on /home/airflow/.local/lib/python3.8/site-packages/airflow/example_dags/example_xcomargs.py
[2025-11-10T12:21:44.197+0000] {processor.py:830} INFO - Processing file /home/airflow/.local/lib/python3.8/site-packages/airflow/example_dags/example_xcomargs.py for tasks to queue
[2025-11-10T12:21:44.199+0000] {logging_mixin.py:188} INFO - [2025-11-10T12:21:44.199+0000] {dagbag.py:538} INFO - Filling up the DagBag from /home/airflow/.local/lib/python3.8/site-packages/airflow/example_dags/example_xcomargs.py
[2025-11-10T12:21:44.208+0000] {processor.py:840} INFO - DAG(s) 'example_xcom_args', 'example_xcom_args_with_operators' retrieved from /home/airflow/.local/lib/python3.8/site-packages/airflow/example_dags/example_xcomargs.py
[2025-11-10T12:21:44.244+0000] {logging_mixin.py:188} INFO - [2025-11-10T12:21:44.244+0000] {dag.py:3036} INFO - Sync 2 DAGs
[2025-11-10T12:21:44.258+0000] {logging_mixin.py:188} INFO - [2025-11-10T12:21:44.258+0000] {dag.py:3823} INFO - Setting next_dagrun for example_xcom_args to None, run_after=None
[2025-11-10T12:21:44.262+0000] {logging_mixin.py:188} INFO - [2025-11-10T12:21:44.262+0000] {dag.py:3823} INFO - Setting next_dagrun for example_xcom_args_with_operators to None, run_after=None
[2025-11-10T12:21:44.302+0000] {processor.py:183} INFO - Processing /home/airflow/.local/lib/python3.8/site-packages/airflow/example_dags/example_xcomargs.py took 0.111 seconds
[2025-11-10T12:22:14.805+0000] {processor.py:161} INFO - Started process (PID=145) to work on /home/airflow/.local/lib/python3.8/site-packages/airflow/example_dags/example_xcomargs.py
[2025-11-10T12:22:14.807+0000] {processor.py:830} INFO - Processing file /home/airflow/.local/lib/python3.8/site-packages/airflow/example_dags/example_xcomargs.py for tasks to queue
[2025-11-10T12:22:14.809+0000] {logging_mixin.py:188} INFO - [2025-11-10T12:22:14.809+0000] {dagbag.py:538} INFO - Filling up the DagBag from /home/airflow/.local/lib/python3.8/site-packages/airflow/example_dags/example_xcomargs.py
[2025-11-10T12:22:14.818+0000] {processor.py:840} INFO - DAG(s) 'example_xcom_args', 'example_xcom_args_with_operators' retrieved from /home/airflow/.local/lib/python3.8/site-packages/airflow/example_dags/example_xcomargs.py
[2025-11-10T12:22:14.848+0000] {logging_mixin.py:188} INFO - [2025-11-10T12:22:14.848+0000] {dag.py:3036} INFO - Sync 2 DAGs
[2025-11-10T12:22:14.865+0000] {logging_mixin.py:188} INFO - [2025-11-10T12:22:14.864+0000] {dag.py:3823} INFO - Setting next_dagrun for example_xcom_args to None, run_after=None
[2025-11-10T12:22:14.869+0000] {logging_mixin.py:188} INFO - [2025-11-10T12:22:14.869+0000] {dag.py:3823} INFO - Setting next_dagrun for example_xcom_args_with_operators to None, run_after=None
[2025-11-10T12:22:14.894+0000] {processor.py:183} INFO - Processing /home/airflow/.local/lib/python3.8/site-packages/airflow/example_dags/example_xcomargs.py took 0.092 seconds
[2025-11-10T12:22:45.617+0000] {processor.py:161} INFO - Started process (PID=201) to work on /home/airflow/.local/lib/python3.8/site-packages/airflow/example_dags/example_xcomargs.py
[2025-11-10T12:22:45.619+0000] {processor.py:830} INFO - Processing file /home/airflow/.local/lib/python3.8/site-packages/airflow/example_dags/example_xcomargs.py for tasks to queue
[2025-11-10T12:22:45.622+0000] {logging_mixin.py:188} INFO - [2025-11-10T12:22:45.622+0000] {dagbag.py:538} INFO - Filling up the DagBag from /home/airflow/.local/lib/python3.8/site-packages/airflow/example_dags/example_xcomargs.py
[2025-11-10T12:22:45.638+0000] {processor.py:840} INFO - DAG(s) 'example_xcom_args', 'example_xcom_args_with_operators' retrieved from /home/airflow/.local/lib/python3.8/site-packages/airflow/example_dags/example_xcomargs.py
[2025-11-10T12:22:45.691+0000] {logging_mixin.py:188} INFO - [2025-11-10T12:22:45.691+0000] {dag.py:3036} INFO - Sync 2 DAGs
[2025-11-10T12:22:45.718+0000] {logging_mixin.py:188} INFO - [2025-11-10T12:22:45.718+0000] {dag.py:3823} INFO - Setting next_dagrun for example_xcom_args to None, run_after=None
[2025-11-10T12:22:45.726+0000] {logging_mixin.py:188} INFO - [2025-11-10T12:22:45.725+0000] {dag.py:3823} INFO - Setting next_dagrun for example_xcom_args_with_operators to None, run_after=None
[2025-11-10T12:22:45.758+0000] {processor.py:183} INFO - Processing /home/airflow/.local/lib/python3.8/site-packages/airflow/example_dags/example_xcomargs.py took 0.145 seconds
