[2025-11-10T09:02:29.695+0000] {processor.py:161} INFO - Started process (PID=112) to work on /home/airflow/.local/lib/python3.8/site-packages/airflow/example_dags/example_branch_labels.py
[2025-11-10T09:02:29.699+0000] {processor.py:830} INFO - Processing file /home/airflow/.local/lib/python3.8/site-packages/airflow/example_dags/example_branch_labels.py for tasks to queue
[2025-11-10T09:02:29.702+0000] {logging_mixin.py:188} INFO - [2025-11-10T09:02:29.702+0000] {dagbag.py:538} INFO - Filling up the DagBag from /home/airflow/.local/lib/python3.8/site-packages/airflow/example_dags/example_branch_labels.py
[2025-11-10T09:02:29.729+0000] {processor.py:840} INFO - DAG(s) 'example_branch_labels' retrieved from /home/airflow/.local/lib/python3.8/site-packages/airflow/example_dags/example_branch_labels.py
[2025-11-10T09:02:30.012+0000] {logging_mixin.py:188} INFO - [2025-11-10T09:02:30.012+0000] {dag.py:3036} INFO - Sync 1 DAGs
[2025-11-10T09:02:30.052+0000] {logging_mixin.py:188} INFO - [2025-11-10T09:02:30.052+0000] {dag.py:3823} INFO - Setting next_dagrun for example_branch_labels to 2025-11-09 00:00:00+00:00, run_after=2025-11-10 00:00:00+00:00
[2025-11-10T09:02:30.118+0000] {processor.py:183} INFO - Processing /home/airflow/.local/lib/python3.8/site-packages/airflow/example_dags/example_branch_labels.py took 0.433 seconds
[2025-11-10T09:03:00.248+0000] {processor.py:161} INFO - Started process (PID=167) to work on /home/airflow/.local/lib/python3.8/site-packages/airflow/example_dags/example_branch_labels.py
[2025-11-10T09:03:00.250+0000] {processor.py:830} INFO - Processing file /home/airflow/.local/lib/python3.8/site-packages/airflow/example_dags/example_branch_labels.py for tasks to queue
[2025-11-10T09:03:00.253+0000] {logging_mixin.py:188} INFO - [2025-11-10T09:03:00.253+0000] {dagbag.py:538} INFO - Filling up the DagBag from /home/airflow/.local/lib/python3.8/site-packages/airflow/example_dags/example_branch_labels.py
[2025-11-10T09:03:00.267+0000] {processor.py:840} INFO - DAG(s) 'example_branch_labels' retrieved from /home/airflow/.local/lib/python3.8/site-packages/airflow/example_dags/example_branch_labels.py
[2025-11-10T09:03:00.307+0000] {logging_mixin.py:188} INFO - [2025-11-10T09:03:00.307+0000] {dag.py:3036} INFO - Sync 1 DAGs
[2025-11-10T09:03:00.343+0000] {logging_mixin.py:188} INFO - [2025-11-10T09:03:00.343+0000] {dag.py:3823} INFO - Setting next_dagrun for example_branch_labels to 2025-11-09 00:00:00+00:00, run_after=2025-11-10 00:00:00+00:00
[2025-11-10T09:03:00.376+0000] {processor.py:183} INFO - Processing /home/airflow/.local/lib/python3.8/site-packages/airflow/example_dags/example_branch_labels.py took 0.134 seconds
[2025-11-10T09:19:53.694+0000] {processor.py:161} INFO - Started process (PID=107) to work on /home/airflow/.local/lib/python3.8/site-packages/airflow/example_dags/example_branch_labels.py
[2025-11-10T09:19:53.696+0000] {processor.py:830} INFO - Processing file /home/airflow/.local/lib/python3.8/site-packages/airflow/example_dags/example_branch_labels.py for tasks to queue
[2025-11-10T09:19:53.698+0000] {logging_mixin.py:188} INFO - [2025-11-10T09:19:53.697+0000] {dagbag.py:538} INFO - Filling up the DagBag from /home/airflow/.local/lib/python3.8/site-packages/airflow/example_dags/example_branch_labels.py
[2025-11-10T09:19:53.708+0000] {processor.py:840} INFO - DAG(s) 'example_branch_labels' retrieved from /home/airflow/.local/lib/python3.8/site-packages/airflow/example_dags/example_branch_labels.py
[2025-11-10T09:19:53.736+0000] {logging_mixin.py:188} INFO - [2025-11-10T09:19:53.736+0000] {dag.py:3036} INFO - Sync 1 DAGs
[2025-11-10T09:19:53.765+0000] {logging_mixin.py:188} INFO - [2025-11-10T09:19:53.765+0000] {dag.py:3823} INFO - Setting next_dagrun for example_branch_labels to 2025-11-09 00:00:00+00:00, run_after=2025-11-10 00:00:00+00:00
[2025-11-10T09:19:53.793+0000] {processor.py:183} INFO - Processing /home/airflow/.local/lib/python3.8/site-packages/airflow/example_dags/example_branch_labels.py took 0.103 seconds
[2025-11-10T12:21:45.650+0000] {processor.py:161} INFO - Started process (PID=101) to work on /home/airflow/.local/lib/python3.8/site-packages/airflow/example_dags/example_branch_labels.py
[2025-11-10T12:21:45.655+0000] {processor.py:830} INFO - Processing file /home/airflow/.local/lib/python3.8/site-packages/airflow/example_dags/example_branch_labels.py for tasks to queue
[2025-11-10T12:21:45.658+0000] {logging_mixin.py:188} INFO - [2025-11-10T12:21:45.657+0000] {dagbag.py:538} INFO - Filling up the DagBag from /home/airflow/.local/lib/python3.8/site-packages/airflow/example_dags/example_branch_labels.py
[2025-11-10T12:21:45.671+0000] {processor.py:840} INFO - DAG(s) 'example_branch_labels' retrieved from /home/airflow/.local/lib/python3.8/site-packages/airflow/example_dags/example_branch_labels.py
[2025-11-10T12:21:45.704+0000] {logging_mixin.py:188} INFO - [2025-11-10T12:21:45.703+0000] {dag.py:3036} INFO - Sync 1 DAGs
[2025-11-10T12:21:45.742+0000] {logging_mixin.py:188} INFO - [2025-11-10T12:21:45.742+0000] {dag.py:3823} INFO - Setting next_dagrun for example_branch_labels to 2025-11-09 00:00:00+00:00, run_after=2025-11-10 00:00:00+00:00
[2025-11-10T12:21:45.777+0000] {processor.py:183} INFO - Processing /home/airflow/.local/lib/python3.8/site-packages/airflow/example_dags/example_branch_labels.py took 0.134 seconds
[2025-11-10T12:22:16.498+0000] {processor.py:161} INFO - Started process (PID=156) to work on /home/airflow/.local/lib/python3.8/site-packages/airflow/example_dags/example_branch_labels.py
[2025-11-10T12:22:16.499+0000] {processor.py:830} INFO - Processing file /home/airflow/.local/lib/python3.8/site-packages/airflow/example_dags/example_branch_labels.py for tasks to queue
[2025-11-10T12:22:16.501+0000] {logging_mixin.py:188} INFO - [2025-11-10T12:22:16.500+0000] {dagbag.py:538} INFO - Filling up the DagBag from /home/airflow/.local/lib/python3.8/site-packages/airflow/example_dags/example_branch_labels.py
[2025-11-10T12:22:16.510+0000] {processor.py:840} INFO - DAG(s) 'example_branch_labels' retrieved from /home/airflow/.local/lib/python3.8/site-packages/airflow/example_dags/example_branch_labels.py
[2025-11-10T12:22:16.539+0000] {logging_mixin.py:188} INFO - [2025-11-10T12:22:16.539+0000] {dag.py:3036} INFO - Sync 1 DAGs
[2025-11-10T12:22:16.567+0000] {logging_mixin.py:188} INFO - [2025-11-10T12:22:16.567+0000] {dag.py:3823} INFO - Setting next_dagrun for example_branch_labels to 2025-11-09 00:00:00+00:00, run_after=2025-11-10 00:00:00+00:00
[2025-11-10T12:22:16.595+0000] {processor.py:183} INFO - Processing /home/airflow/.local/lib/python3.8/site-packages/airflow/example_dags/example_branch_labels.py took 0.101 seconds
[2025-11-10T12:22:47.571+0000] {processor.py:161} INFO - Started process (PID=212) to work on /home/airflow/.local/lib/python3.8/site-packages/airflow/example_dags/example_branch_labels.py
[2025-11-10T12:22:47.573+0000] {processor.py:830} INFO - Processing file /home/airflow/.local/lib/python3.8/site-packages/airflow/example_dags/example_branch_labels.py for tasks to queue
[2025-11-10T12:22:47.575+0000] {logging_mixin.py:188} INFO - [2025-11-10T12:22:47.575+0000] {dagbag.py:538} INFO - Filling up the DagBag from /home/airflow/.local/lib/python3.8/site-packages/airflow/example_dags/example_branch_labels.py
[2025-11-10T12:22:47.586+0000] {processor.py:840} INFO - DAG(s) 'example_branch_labels' retrieved from /home/airflow/.local/lib/python3.8/site-packages/airflow/example_dags/example_branch_labels.py
[2025-11-10T12:22:47.616+0000] {logging_mixin.py:188} INFO - [2025-11-10T12:22:47.616+0000] {dag.py:3036} INFO - Sync 1 DAGs
[2025-11-10T12:22:47.664+0000] {logging_mixin.py:188} INFO - [2025-11-10T12:22:47.663+0000] {dag.py:3823} INFO - Setting next_dagrun for example_branch_labels to 2025-11-09 00:00:00+00:00, run_after=2025-11-10 00:00:00+00:00
[2025-11-10T12:22:47.703+0000] {processor.py:183} INFO - Processing /home/airflow/.local/lib/python3.8/site-packages/airflow/example_dags/example_branch_labels.py took 0.136 seconds
