[2025-11-10T09:02:14.828+0000] {processor.py:161} INFO - Started process (PID=80) to work on /home/airflow/.local/lib/python3.8/site-packages/airflow/example_dags/example_xcom.py
[2025-11-10T09:02:14.831+0000] {processor.py:830} INFO - Processing file /home/airflow/.local/lib/python3.8/site-packages/airflow/example_dags/example_xcom.py for tasks to queue
[2025-11-10T09:02:14.835+0000] {logging_mixin.py:188} INFO - [2025-11-10T09:02:14.834+0000] {dagbag.py:538} INFO - Filling up the DagBag from /home/airflow/.local/lib/python3.8/site-packages/airflow/example_dags/example_xcom.py
[2025-11-10T09:02:14.890+0000] {processor.py:840} INFO - DAG(s) 'example_xcom' retrieved from /home/airflow/.local/lib/python3.8/site-packages/airflow/example_dags/example_xcom.py
[2025-11-10T09:02:15.824+0000] {logging_mixin.py:188} INFO - [2025-11-10T09:02:15.823+0000] {dag.py:3036} INFO - Sync 1 DAGs
[2025-11-10T09:02:16.031+0000] {logging_mixin.py:188} INFO - [2025-11-10T09:02:16.028+0000] {dag.py:3823} INFO - Setting next_dagrun for example_xcom to 2021-01-01 00:00:00+00:00, run_after=2021-01-01 00:00:00+00:00
[2025-11-10T09:02:16.211+0000] {processor.py:183} INFO - Processing /home/airflow/.local/lib/python3.8/site-packages/airflow/example_dags/example_xcom.py took 1.396 seconds
[2025-11-10T09:02:46.440+0000] {processor.py:161} INFO - Started process (PID=136) to work on /home/airflow/.local/lib/python3.8/site-packages/airflow/example_dags/example_xcom.py
[2025-11-10T09:02:46.444+0000] {processor.py:830} INFO - Processing file /home/airflow/.local/lib/python3.8/site-packages/airflow/example_dags/example_xcom.py for tasks to queue
[2025-11-10T09:02:46.449+0000] {logging_mixin.py:188} INFO - [2025-11-10T09:02:46.448+0000] {dagbag.py:538} INFO - Filling up the DagBag from /home/airflow/.local/lib/python3.8/site-packages/airflow/example_dags/example_xcom.py
[2025-11-10T09:02:46.466+0000] {processor.py:840} INFO - DAG(s) 'example_xcom' retrieved from /home/airflow/.local/lib/python3.8/site-packages/airflow/example_dags/example_xcom.py
[2025-11-10T09:02:46.532+0000] {logging_mixin.py:188} INFO - [2025-11-10T09:02:46.531+0000] {dag.py:3036} INFO - Sync 1 DAGs
[2025-11-10T09:02:46.604+0000] {logging_mixin.py:188} INFO - [2025-11-10T09:02:46.603+0000] {dag.py:3823} INFO - Setting next_dagrun for example_xcom to 2021-01-01 00:00:00+00:00, run_after=2021-01-01 00:00:00+00:00
[2025-11-10T09:02:46.657+0000] {processor.py:183} INFO - Processing /home/airflow/.local/lib/python3.8/site-packages/airflow/example_dags/example_xcom.py took 0.224 seconds
[2025-11-10T09:19:48.373+0000] {processor.py:161} INFO - Started process (PID=75) to work on /home/airflow/.local/lib/python3.8/site-packages/airflow/example_dags/example_xcom.py
[2025-11-10T09:19:48.375+0000] {processor.py:830} INFO - Processing file /home/airflow/.local/lib/python3.8/site-packages/airflow/example_dags/example_xcom.py for tasks to queue
[2025-11-10T09:19:48.377+0000] {logging_mixin.py:188} INFO - [2025-11-10T09:19:48.377+0000] {dagbag.py:538} INFO - Filling up the DagBag from /home/airflow/.local/lib/python3.8/site-packages/airflow/example_dags/example_xcom.py
[2025-11-10T09:19:48.394+0000] {processor.py:840} INFO - DAG(s) 'example_xcom' retrieved from /home/airflow/.local/lib/python3.8/site-packages/airflow/example_dags/example_xcom.py
[2025-11-10T09:19:48.468+0000] {logging_mixin.py:188} INFO - [2025-11-10T09:19:48.468+0000] {dag.py:3036} INFO - Sync 1 DAGs
[2025-11-10T09:19:48.499+0000] {logging_mixin.py:188} INFO - [2025-11-10T09:19:48.499+0000] {dag.py:3823} INFO - Setting next_dagrun for example_xcom to 2021-01-01 00:00:00+00:00, run_after=2021-01-01 00:00:00+00:00
[2025-11-10T09:19:48.531+0000] {processor.py:183} INFO - Processing /home/airflow/.local/lib/python3.8/site-packages/airflow/example_dags/example_xcom.py took 0.162 seconds
[2025-11-10T12:21:40.479+0000] {processor.py:161} INFO - Started process (PID=63) to work on /home/airflow/.local/lib/python3.8/site-packages/airflow/example_dags/example_xcom.py
[2025-11-10T12:21:40.482+0000] {processor.py:830} INFO - Processing file /home/airflow/.local/lib/python3.8/site-packages/airflow/example_dags/example_xcom.py for tasks to queue
[2025-11-10T12:21:40.484+0000] {logging_mixin.py:188} INFO - [2025-11-10T12:21:40.484+0000] {dagbag.py:538} INFO - Filling up the DagBag from /home/airflow/.local/lib/python3.8/site-packages/airflow/example_dags/example_xcom.py
[2025-11-10T12:21:40.505+0000] {processor.py:840} INFO - DAG(s) 'example_xcom' retrieved from /home/airflow/.local/lib/python3.8/site-packages/airflow/example_dags/example_xcom.py
[2025-11-10T12:21:40.592+0000] {logging_mixin.py:188} INFO - [2025-11-10T12:21:40.592+0000] {dag.py:3036} INFO - Sync 1 DAGs
[2025-11-10T12:21:40.657+0000] {logging_mixin.py:188} INFO - [2025-11-10T12:21:40.656+0000] {dag.py:3823} INFO - Setting next_dagrun for example_xcom to 2021-01-01 00:00:00+00:00, run_after=2021-01-01 00:00:00+00:00
[2025-11-10T12:21:40.699+0000] {processor.py:183} INFO - Processing /home/airflow/.local/lib/python3.8/site-packages/airflow/example_dags/example_xcom.py took 0.226 seconds
[2025-11-10T12:22:11.308+0000] {processor.py:161} INFO - Started process (PID=118) to work on /home/airflow/.local/lib/python3.8/site-packages/airflow/example_dags/example_xcom.py
[2025-11-10T12:22:11.311+0000] {processor.py:830} INFO - Processing file /home/airflow/.local/lib/python3.8/site-packages/airflow/example_dags/example_xcom.py for tasks to queue
[2025-11-10T12:22:11.314+0000] {logging_mixin.py:188} INFO - [2025-11-10T12:22:11.314+0000] {dagbag.py:538} INFO - Filling up the DagBag from /home/airflow/.local/lib/python3.8/site-packages/airflow/example_dags/example_xcom.py
[2025-11-10T12:22:11.329+0000] {processor.py:840} INFO - DAG(s) 'example_xcom' retrieved from /home/airflow/.local/lib/python3.8/site-packages/airflow/example_dags/example_xcom.py
[2025-11-10T12:22:11.367+0000] {logging_mixin.py:188} INFO - [2025-11-10T12:22:11.367+0000] {dag.py:3036} INFO - Sync 1 DAGs
[2025-11-10T12:22:11.411+0000] {logging_mixin.py:188} INFO - [2025-11-10T12:22:11.411+0000] {dag.py:3823} INFO - Setting next_dagrun for example_xcom to 2021-01-01 00:00:00+00:00, run_after=2021-01-01 00:00:00+00:00
[2025-11-10T12:22:11.445+0000] {processor.py:183} INFO - Processing /home/airflow/.local/lib/python3.8/site-packages/airflow/example_dags/example_xcom.py took 0.141 seconds
[2025-11-10T12:22:41.618+0000] {processor.py:161} INFO - Started process (PID=180) to work on /home/airflow/.local/lib/python3.8/site-packages/airflow/example_dags/example_xcom.py
[2025-11-10T12:22:41.621+0000] {processor.py:830} INFO - Processing file /home/airflow/.local/lib/python3.8/site-packages/airflow/example_dags/example_xcom.py for tasks to queue
[2025-11-10T12:22:41.629+0000] {logging_mixin.py:188} INFO - [2025-11-10T12:22:41.628+0000] {dagbag.py:538} INFO - Filling up the DagBag from /home/airflow/.local/lib/python3.8/site-packages/airflow/example_dags/example_xcom.py
[2025-11-10T12:22:41.655+0000] {processor.py:840} INFO - DAG(s) 'example_xcom' retrieved from /home/airflow/.local/lib/python3.8/site-packages/airflow/example_dags/example_xcom.py
[2025-11-10T12:22:41.717+0000] {logging_mixin.py:188} INFO - [2025-11-10T12:22:41.716+0000] {dag.py:3036} INFO - Sync 1 DAGs
[2025-11-10T12:22:41.799+0000] {logging_mixin.py:188} INFO - [2025-11-10T12:22:41.798+0000] {dag.py:3823} INFO - Setting next_dagrun for example_xcom to 2021-01-01 00:00:00+00:00, run_after=2021-01-01 00:00:00+00:00
[2025-11-10T12:22:41.873+0000] {processor.py:183} INFO - Processing /home/airflow/.local/lib/python3.8/site-packages/airflow/example_dags/example_xcom.py took 0.269 seconds
