[2025-11-10T09:02:30.179+0000] {processor.py:161} INFO - Started process (PID=114) to work on /home/airflow/.local/lib/python3.8/site-packages/airflow/example_dags/example_task_group_decorator.py
[2025-11-10T09:02:30.180+0000] {processor.py:830} INFO - Processing file /home/airflow/.local/lib/python3.8/site-packages/airflow/example_dags/example_task_group_decorator.py for tasks to queue
[2025-11-10T09:02:30.186+0000] {logging_mixin.py:188} INFO - [2025-11-10T09:02:30.185+0000] {dagbag.py:538} INFO - Filling up the DagBag from /home/airflow/.local/lib/python3.8/site-packages/airflow/example_dags/example_task_group_decorator.py
[2025-11-10T09:02:30.218+0000] {processor.py:840} INFO - DAG(s) 'example_task_group_decorator' retrieved from /home/airflow/.local/lib/python3.8/site-packages/airflow/example_dags/example_task_group_decorator.py
[2025-11-10T09:02:30.410+0000] {logging_mixin.py:188} INFO - [2025-11-10T09:02:30.410+0000] {dag.py:3036} INFO - Sync 1 DAGs
[2025-11-10T09:02:30.478+0000] {logging_mixin.py:188} INFO - [2025-11-10T09:02:30.477+0000] {dag.py:3823} INFO - Setting next_dagrun for example_task_group_decorator to 2025-11-09 00:00:00+00:00, run_after=2025-11-10 00:00:00+00:00
[2025-11-10T09:02:30.535+0000] {processor.py:183} INFO - Processing /home/airflow/.local/lib/python3.8/site-packages/airflow/example_dags/example_task_group_decorator.py took 0.366 seconds
[2025-11-10T09:03:01.428+0000] {processor.py:161} INFO - Started process (PID=169) to work on /home/airflow/.local/lib/python3.8/site-packages/airflow/example_dags/example_task_group_decorator.py
[2025-11-10T09:03:01.431+0000] {processor.py:830} INFO - Processing file /home/airflow/.local/lib/python3.8/site-packages/airflow/example_dags/example_task_group_decorator.py for tasks to queue
[2025-11-10T09:03:01.440+0000] {logging_mixin.py:188} INFO - [2025-11-10T09:03:01.438+0000] {dagbag.py:538} INFO - Filling up the DagBag from /home/airflow/.local/lib/python3.8/site-packages/airflow/example_dags/example_task_group_decorator.py
[2025-11-10T09:03:01.480+0000] {processor.py:840} INFO - DAG(s) 'example_task_group_decorator' retrieved from /home/airflow/.local/lib/python3.8/site-packages/airflow/example_dags/example_task_group_decorator.py
[2025-11-10T09:03:01.559+0000] {logging_mixin.py:188} INFO - [2025-11-10T09:03:01.559+0000] {dag.py:3036} INFO - Sync 1 DAGs
[2025-11-10T09:03:01.611+0000] {logging_mixin.py:188} INFO - [2025-11-10T09:03:01.611+0000] {dag.py:3823} INFO - Setting next_dagrun for example_task_group_decorator to 2025-11-09 00:00:00+00:00, run_after=2025-11-10 00:00:00+00:00
[2025-11-10T09:03:01.649+0000] {processor.py:183} INFO - Processing /home/airflow/.local/lib/python3.8/site-packages/airflow/example_dags/example_task_group_decorator.py took 0.231 seconds
[2025-11-10T09:19:53.835+0000] {processor.py:161} INFO - Started process (PID=109) to work on /home/airflow/.local/lib/python3.8/site-packages/airflow/example_dags/example_task_group_decorator.py
[2025-11-10T09:19:53.837+0000] {processor.py:830} INFO - Processing file /home/airflow/.local/lib/python3.8/site-packages/airflow/example_dags/example_task_group_decorator.py for tasks to queue
[2025-11-10T09:19:53.839+0000] {logging_mixin.py:188} INFO - [2025-11-10T09:19:53.839+0000] {dagbag.py:538} INFO - Filling up the DagBag from /home/airflow/.local/lib/python3.8/site-packages/airflow/example_dags/example_task_group_decorator.py
[2025-11-10T09:19:53.865+0000] {processor.py:840} INFO - DAG(s) 'example_task_group_decorator' retrieved from /home/airflow/.local/lib/python3.8/site-packages/airflow/example_dags/example_task_group_decorator.py
[2025-11-10T09:19:53.909+0000] {logging_mixin.py:188} INFO - [2025-11-10T09:19:53.909+0000] {dag.py:3036} INFO - Sync 1 DAGs
[2025-11-10T09:19:53.946+0000] {logging_mixin.py:188} INFO - [2025-11-10T09:19:53.946+0000] {dag.py:3823} INFO - Setting next_dagrun for example_task_group_decorator to 2025-11-09 00:00:00+00:00, run_after=2025-11-10 00:00:00+00:00
[2025-11-10T09:19:53.974+0000] {processor.py:183} INFO - Processing /home/airflow/.local/lib/python3.8/site-packages/airflow/example_dags/example_task_group_decorator.py took 0.144 seconds
[2025-11-10T12:21:45.818+0000] {processor.py:161} INFO - Started process (PID=103) to work on /home/airflow/.local/lib/python3.8/site-packages/airflow/example_dags/example_task_group_decorator.py
[2025-11-10T12:21:45.820+0000] {processor.py:830} INFO - Processing file /home/airflow/.local/lib/python3.8/site-packages/airflow/example_dags/example_task_group_decorator.py for tasks to queue
[2025-11-10T12:21:45.824+0000] {logging_mixin.py:188} INFO - [2025-11-10T12:21:45.823+0000] {dagbag.py:538} INFO - Filling up the DagBag from /home/airflow/.local/lib/python3.8/site-packages/airflow/example_dags/example_task_group_decorator.py
[2025-11-10T12:21:45.849+0000] {processor.py:840} INFO - DAG(s) 'example_task_group_decorator' retrieved from /home/airflow/.local/lib/python3.8/site-packages/airflow/example_dags/example_task_group_decorator.py
[2025-11-10T12:21:45.896+0000] {logging_mixin.py:188} INFO - [2025-11-10T12:21:45.895+0000] {dag.py:3036} INFO - Sync 1 DAGs
[2025-11-10T12:21:45.936+0000] {logging_mixin.py:188} INFO - [2025-11-10T12:21:45.935+0000] {dag.py:3823} INFO - Setting next_dagrun for example_task_group_decorator to 2025-11-09 00:00:00+00:00, run_after=2025-11-10 00:00:00+00:00
[2025-11-10T12:21:45.966+0000] {processor.py:183} INFO - Processing /home/airflow/.local/lib/python3.8/site-packages/airflow/example_dags/example_task_group_decorator.py took 0.154 seconds
[2025-11-10T12:22:16.626+0000] {processor.py:161} INFO - Started process (PID=158) to work on /home/airflow/.local/lib/python3.8/site-packages/airflow/example_dags/example_task_group_decorator.py
[2025-11-10T12:22:16.627+0000] {processor.py:830} INFO - Processing file /home/airflow/.local/lib/python3.8/site-packages/airflow/example_dags/example_task_group_decorator.py for tasks to queue
[2025-11-10T12:22:16.629+0000] {logging_mixin.py:188} INFO - [2025-11-10T12:22:16.629+0000] {dagbag.py:538} INFO - Filling up the DagBag from /home/airflow/.local/lib/python3.8/site-packages/airflow/example_dags/example_task_group_decorator.py
[2025-11-10T12:22:16.646+0000] {processor.py:840} INFO - DAG(s) 'example_task_group_decorator' retrieved from /home/airflow/.local/lib/python3.8/site-packages/airflow/example_dags/example_task_group_decorator.py
[2025-11-10T12:22:16.677+0000] {logging_mixin.py:188} INFO - [2025-11-10T12:22:16.677+0000] {dag.py:3036} INFO - Sync 1 DAGs
[2025-11-10T12:22:16.706+0000] {logging_mixin.py:188} INFO - [2025-11-10T12:22:16.706+0000] {dag.py:3823} INFO - Setting next_dagrun for example_task_group_decorator to 2025-11-09 00:00:00+00:00, run_after=2025-11-10 00:00:00+00:00
[2025-11-10T12:22:16.731+0000] {processor.py:183} INFO - Processing /home/airflow/.local/lib/python3.8/site-packages/airflow/example_dags/example_task_group_decorator.py took 0.109 seconds
[2025-11-10T12:22:47.721+0000] {processor.py:161} INFO - Started process (PID=214) to work on /home/airflow/.local/lib/python3.8/site-packages/airflow/example_dags/example_task_group_decorator.py
[2025-11-10T12:22:47.723+0000] {processor.py:830} INFO - Processing file /home/airflow/.local/lib/python3.8/site-packages/airflow/example_dags/example_task_group_decorator.py for tasks to queue
[2025-11-10T12:22:47.726+0000] {logging_mixin.py:188} INFO - [2025-11-10T12:22:47.725+0000] {dagbag.py:538} INFO - Filling up the DagBag from /home/airflow/.local/lib/python3.8/site-packages/airflow/example_dags/example_task_group_decorator.py
[2025-11-10T12:22:47.755+0000] {processor.py:840} INFO - DAG(s) 'example_task_group_decorator' retrieved from /home/airflow/.local/lib/python3.8/site-packages/airflow/example_dags/example_task_group_decorator.py
[2025-11-10T12:22:47.813+0000] {logging_mixin.py:188} INFO - [2025-11-10T12:22:47.813+0000] {dag.py:3036} INFO - Sync 1 DAGs
[2025-11-10T12:22:47.863+0000] {logging_mixin.py:188} INFO - [2025-11-10T12:22:47.862+0000] {dag.py:3823} INFO - Setting next_dagrun for example_task_group_decorator to 2025-11-09 00:00:00+00:00, run_after=2025-11-10 00:00:00+00:00
[2025-11-10T12:22:47.900+0000] {processor.py:183} INFO - Processing /home/airflow/.local/lib/python3.8/site-packages/airflow/example_dags/example_task_group_decorator.py took 0.186 seconds
