[2025-11-10T09:02:28.084+0000] {processor.py:161} INFO - Started process (PID=107) to work on /home/airflow/.local/lib/python3.8/site-packages/airflow/example_dags/example_branch_python_dop_operator_3.py
[2025-11-10T09:02:28.086+0000] {processor.py:830} INFO - Processing file /home/airflow/.local/lib/python3.8/site-packages/airflow/example_dags/example_branch_python_dop_operator_3.py for tasks to queue
[2025-11-10T09:02:28.096+0000] {logging_mixin.py:188} INFO - [2025-11-10T09:02:28.092+0000] {dagbag.py:538} INFO - Filling up the DagBag from /home/airflow/.local/lib/python3.8/site-packages/airflow/example_dags/example_branch_python_dop_operator_3.py
[2025-11-10T09:02:28.137+0000] {processor.py:840} INFO - DAG(s) 'example_branch_dop_operator_v3' retrieved from /home/airflow/.local/lib/python3.8/site-packages/airflow/example_dags/example_branch_python_dop_operator_3.py
[2025-11-10T09:02:28.569+0000] {logging_mixin.py:188} INFO - [2025-11-10T09:02:28.568+0000] {dag.py:3036} INFO - Sync 1 DAGs
[2025-11-10T09:02:28.668+0000] {logging_mixin.py:188} INFO - [2025-11-10T09:02:28.667+0000] {dag.py:3823} INFO - Setting next_dagrun for example_branch_dop_operator_v3 to 2025-11-10 09:01:00+00:00, run_after=2025-11-10 09:02:00+00:00
[2025-11-10T09:02:28.736+0000] {processor.py:183} INFO - Processing /home/airflow/.local/lib/python3.8/site-packages/airflow/example_dags/example_branch_python_dop_operator_3.py took 0.667 seconds
[2025-11-10T09:02:58.842+0000] {processor.py:161} INFO - Started process (PID=162) to work on /home/airflow/.local/lib/python3.8/site-packages/airflow/example_dags/example_branch_python_dop_operator_3.py
[2025-11-10T09:02:58.844+0000] {processor.py:830} INFO - Processing file /home/airflow/.local/lib/python3.8/site-packages/airflow/example_dags/example_branch_python_dop_operator_3.py for tasks to queue
[2025-11-10T09:02:58.846+0000] {logging_mixin.py:188} INFO - [2025-11-10T09:02:58.846+0000] {dagbag.py:538} INFO - Filling up the DagBag from /home/airflow/.local/lib/python3.8/site-packages/airflow/example_dags/example_branch_python_dop_operator_3.py
[2025-11-10T09:02:58.859+0000] {processor.py:840} INFO - DAG(s) 'example_branch_dop_operator_v3' retrieved from /home/airflow/.local/lib/python3.8/site-packages/airflow/example_dags/example_branch_python_dop_operator_3.py
[2025-11-10T09:02:58.895+0000] {logging_mixin.py:188} INFO - [2025-11-10T09:02:58.895+0000] {dag.py:3036} INFO - Sync 1 DAGs
[2025-11-10T09:02:58.948+0000] {logging_mixin.py:188} INFO - [2025-11-10T09:02:58.948+0000] {dag.py:3823} INFO - Setting next_dagrun for example_branch_dop_operator_v3 to 2025-11-10 09:01:00+00:00, run_after=2025-11-10 09:02:00+00:00
[2025-11-10T09:02:58.978+0000] {processor.py:183} INFO - Processing /home/airflow/.local/lib/python3.8/site-packages/airflow/example_dags/example_branch_python_dop_operator_3.py took 0.141 seconds
[2025-11-10T09:19:53.116+0000] {processor.py:161} INFO - Started process (PID=102) to work on /home/airflow/.local/lib/python3.8/site-packages/airflow/example_dags/example_branch_python_dop_operator_3.py
[2025-11-10T09:19:53.118+0000] {processor.py:830} INFO - Processing file /home/airflow/.local/lib/python3.8/site-packages/airflow/example_dags/example_branch_python_dop_operator_3.py for tasks to queue
[2025-11-10T09:19:53.121+0000] {logging_mixin.py:188} INFO - [2025-11-10T09:19:53.121+0000] {dagbag.py:538} INFO - Filling up the DagBag from /home/airflow/.local/lib/python3.8/site-packages/airflow/example_dags/example_branch_python_dop_operator_3.py
[2025-11-10T09:19:53.138+0000] {processor.py:840} INFO - DAG(s) 'example_branch_dop_operator_v3' retrieved from /home/airflow/.local/lib/python3.8/site-packages/airflow/example_dags/example_branch_python_dop_operator_3.py
[2025-11-10T09:19:53.183+0000] {logging_mixin.py:188} INFO - [2025-11-10T09:19:53.183+0000] {dag.py:3036} INFO - Sync 1 DAGs
[2025-11-10T09:19:53.252+0000] {logging_mixin.py:188} INFO - [2025-11-10T09:19:53.251+0000] {dag.py:3823} INFO - Setting next_dagrun for example_branch_dop_operator_v3 to 2025-11-10 09:18:00+00:00, run_after=2025-11-10 09:19:00+00:00
[2025-11-10T09:19:53.288+0000] {processor.py:183} INFO - Processing /home/airflow/.local/lib/python3.8/site-packages/airflow/example_dags/example_branch_python_dop_operator_3.py took 0.179 seconds
[2025-11-10T12:21:45.080+0000] {processor.py:161} INFO - Started process (PID=96) to work on /home/airflow/.local/lib/python3.8/site-packages/airflow/example_dags/example_branch_python_dop_operator_3.py
[2025-11-10T12:21:45.082+0000] {processor.py:830} INFO - Processing file /home/airflow/.local/lib/python3.8/site-packages/airflow/example_dags/example_branch_python_dop_operator_3.py for tasks to queue
[2025-11-10T12:21:45.084+0000] {logging_mixin.py:188} INFO - [2025-11-10T12:21:45.084+0000] {dagbag.py:538} INFO - Filling up the DagBag from /home/airflow/.local/lib/python3.8/site-packages/airflow/example_dags/example_branch_python_dop_operator_3.py
[2025-11-10T12:21:45.096+0000] {processor.py:840} INFO - DAG(s) 'example_branch_dop_operator_v3' retrieved from /home/airflow/.local/lib/python3.8/site-packages/airflow/example_dags/example_branch_python_dop_operator_3.py
[2025-11-10T12:21:45.127+0000] {logging_mixin.py:188} INFO - [2025-11-10T12:21:45.126+0000] {dag.py:3036} INFO - Sync 1 DAGs
[2025-11-10T12:21:45.172+0000] {logging_mixin.py:188} INFO - [2025-11-10T12:21:45.172+0000] {dag.py:3823} INFO - Setting next_dagrun for example_branch_dop_operator_v3 to 2025-11-10 12:20:00+00:00, run_after=2025-11-10 12:21:00+00:00
[2025-11-10T12:21:45.204+0000] {processor.py:183} INFO - Processing /home/airflow/.local/lib/python3.8/site-packages/airflow/example_dags/example_branch_python_dop_operator_3.py took 0.129 seconds
[2025-11-10T12:22:15.250+0000] {processor.py:161} INFO - Started process (PID=151) to work on /home/airflow/.local/lib/python3.8/site-packages/airflow/example_dags/example_branch_python_dop_operator_3.py
[2025-11-10T12:22:15.251+0000] {processor.py:830} INFO - Processing file /home/airflow/.local/lib/python3.8/site-packages/airflow/example_dags/example_branch_python_dop_operator_3.py for tasks to queue
[2025-11-10T12:22:15.253+0000] {logging_mixin.py:188} INFO - [2025-11-10T12:22:15.253+0000] {dagbag.py:538} INFO - Filling up the DagBag from /home/airflow/.local/lib/python3.8/site-packages/airflow/example_dags/example_branch_python_dop_operator_3.py
[2025-11-10T12:22:15.264+0000] {processor.py:840} INFO - DAG(s) 'example_branch_dop_operator_v3' retrieved from /home/airflow/.local/lib/python3.8/site-packages/airflow/example_dags/example_branch_python_dop_operator_3.py
[2025-11-10T12:22:15.288+0000] {logging_mixin.py:188} INFO - [2025-11-10T12:22:15.288+0000] {dag.py:3036} INFO - Sync 1 DAGs
[2025-11-10T12:22:15.323+0000] {logging_mixin.py:188} INFO - [2025-11-10T12:22:15.323+0000] {dag.py:3823} INFO - Setting next_dagrun for example_branch_dop_operator_v3 to 2025-11-10 12:21:00+00:00, run_after=2025-11-10 12:22:00+00:00
[2025-11-10T12:22:15.348+0000] {processor.py:183} INFO - Processing /home/airflow/.local/lib/python3.8/site-packages/airflow/example_dags/example_branch_python_dop_operator_3.py took 0.102 seconds
[2025-11-10T12:22:46.207+0000] {processor.py:161} INFO - Started process (PID=207) to work on /home/airflow/.local/lib/python3.8/site-packages/airflow/example_dags/example_branch_python_dop_operator_3.py
[2025-11-10T12:22:46.208+0000] {processor.py:830} INFO - Processing file /home/airflow/.local/lib/python3.8/site-packages/airflow/example_dags/example_branch_python_dop_operator_3.py for tasks to queue
[2025-11-10T12:22:46.211+0000] {logging_mixin.py:188} INFO - [2025-11-10T12:22:46.210+0000] {dagbag.py:538} INFO - Filling up the DagBag from /home/airflow/.local/lib/python3.8/site-packages/airflow/example_dags/example_branch_python_dop_operator_3.py
[2025-11-10T12:22:46.226+0000] {processor.py:840} INFO - DAG(s) 'example_branch_dop_operator_v3' retrieved from /home/airflow/.local/lib/python3.8/site-packages/airflow/example_dags/example_branch_python_dop_operator_3.py
[2025-11-10T12:22:46.260+0000] {logging_mixin.py:188} INFO - [2025-11-10T12:22:46.260+0000] {dag.py:3036} INFO - Sync 1 DAGs
[2025-11-10T12:22:46.315+0000] {logging_mixin.py:188} INFO - [2025-11-10T12:22:46.314+0000] {dag.py:3823} INFO - Setting next_dagrun for example_branch_dop_operator_v3 to 2025-11-10 12:21:00+00:00, run_after=2025-11-10 12:22:00+00:00
[2025-11-10T12:22:46.344+0000] {processor.py:183} INFO - Processing /home/airflow/.local/lib/python3.8/site-packages/airflow/example_dags/example_branch_python_dop_operator_3.py took 0.142 seconds
