[2025-11-10T09:02:14.839+0000] {processor.py:161} INFO - Started process (PID=81) to work on /home/airflow/.local/lib/python3.8/site-packages/airflow/example_dags/example_skip_dag.py
[2025-11-10T09:02:14.841+0000] {processor.py:830} INFO - Processing file /home/airflow/.local/lib/python3.8/site-packages/airflow/example_dags/example_skip_dag.py for tasks to queue
[2025-11-10T09:02:14.847+0000] {logging_mixin.py:188} INFO - [2025-11-10T09:02:14.846+0000] {dagbag.py:538} INFO - Filling up the DagBag from /home/airflow/.local/lib/python3.8/site-packages/airflow/example_dags/example_skip_dag.py
[2025-11-10T09:02:14.891+0000] {processor.py:840} INFO - DAG(s) 'example_skip_dag' retrieved from /home/airflow/.local/lib/python3.8/site-packages/airflow/example_dags/example_skip_dag.py
[2025-11-10T09:02:15.809+0000] {logging_mixin.py:188} INFO - [2025-11-10T09:02:15.808+0000] {dag.py:3036} INFO - Sync 1 DAGs
[2025-11-10T09:02:15.956+0000] {logging_mixin.py:188} INFO - [2025-11-10T09:02:15.956+0000] {dag.py:3823} INFO - Setting next_dagrun for example_skip_dag to 2025-11-09 00:00:00+00:00, run_after=2025-11-10 00:00:00+00:00
[2025-11-10T09:02:16.066+0000] {processor.py:183} INFO - Processing /home/airflow/.local/lib/python3.8/site-packages/airflow/example_dags/example_skip_dag.py took 1.234 seconds
[2025-11-10T09:02:46.176+0000] {processor.py:161} INFO - Started process (PID=135) to work on /home/airflow/.local/lib/python3.8/site-packages/airflow/example_dags/example_skip_dag.py
[2025-11-10T09:02:46.179+0000] {processor.py:830} INFO - Processing file /home/airflow/.local/lib/python3.8/site-packages/airflow/example_dags/example_skip_dag.py for tasks to queue
[2025-11-10T09:02:46.183+0000] {logging_mixin.py:188} INFO - [2025-11-10T09:02:46.182+0000] {dagbag.py:538} INFO - Filling up the DagBag from /home/airflow/.local/lib/python3.8/site-packages/airflow/example_dags/example_skip_dag.py
[2025-11-10T09:02:46.202+0000] {processor.py:840} INFO - DAG(s) 'example_skip_dag' retrieved from /home/airflow/.local/lib/python3.8/site-packages/airflow/example_dags/example_skip_dag.py
[2025-11-10T09:02:46.262+0000] {logging_mixin.py:188} INFO - [2025-11-10T09:02:46.262+0000] {dag.py:3036} INFO - Sync 1 DAGs
[2025-11-10T09:02:46.326+0000] {logging_mixin.py:188} INFO - [2025-11-10T09:02:46.326+0000] {dag.py:3823} INFO - Setting next_dagrun for example_skip_dag to 2025-11-09 00:00:00+00:00, run_after=2025-11-10 00:00:00+00:00
[2025-11-10T09:02:46.387+0000] {processor.py:183} INFO - Processing /home/airflow/.local/lib/python3.8/site-packages/airflow/example_dags/example_skip_dag.py took 0.218 seconds
[2025-11-10T09:19:48.384+0000] {processor.py:161} INFO - Started process (PID=76) to work on /home/airflow/.local/lib/python3.8/site-packages/airflow/example_dags/example_skip_dag.py
[2025-11-10T09:19:48.385+0000] {processor.py:830} INFO - Processing file /home/airflow/.local/lib/python3.8/site-packages/airflow/example_dags/example_skip_dag.py for tasks to queue
[2025-11-10T09:19:48.387+0000] {logging_mixin.py:188} INFO - [2025-11-10T09:19:48.387+0000] {dagbag.py:538} INFO - Filling up the DagBag from /home/airflow/.local/lib/python3.8/site-packages/airflow/example_dags/example_skip_dag.py
[2025-11-10T09:19:48.400+0000] {processor.py:840} INFO - DAG(s) 'example_skip_dag' retrieved from /home/airflow/.local/lib/python3.8/site-packages/airflow/example_dags/example_skip_dag.py
[2025-11-10T09:19:48.469+0000] {logging_mixin.py:188} INFO - [2025-11-10T09:19:48.469+0000] {dag.py:3036} INFO - Sync 1 DAGs
[2025-11-10T09:19:48.507+0000] {logging_mixin.py:188} INFO - [2025-11-10T09:19:48.507+0000] {dag.py:3823} INFO - Setting next_dagrun for example_skip_dag to 2025-11-09 00:00:00+00:00, run_after=2025-11-10 00:00:00+00:00
[2025-11-10T09:19:48.538+0000] {processor.py:183} INFO - Processing /home/airflow/.local/lib/python3.8/site-packages/airflow/example_dags/example_skip_dag.py took 0.160 seconds
[2025-11-10T12:21:40.489+0000] {processor.py:161} INFO - Started process (PID=64) to work on /home/airflow/.local/lib/python3.8/site-packages/airflow/example_dags/example_skip_dag.py
[2025-11-10T12:21:40.491+0000] {processor.py:830} INFO - Processing file /home/airflow/.local/lib/python3.8/site-packages/airflow/example_dags/example_skip_dag.py for tasks to queue
[2025-11-10T12:21:40.494+0000] {logging_mixin.py:188} INFO - [2025-11-10T12:21:40.494+0000] {dagbag.py:538} INFO - Filling up the DagBag from /home/airflow/.local/lib/python3.8/site-packages/airflow/example_dags/example_skip_dag.py
[2025-11-10T12:21:40.509+0000] {processor.py:840} INFO - DAG(s) 'example_skip_dag' retrieved from /home/airflow/.local/lib/python3.8/site-packages/airflow/example_dags/example_skip_dag.py
[2025-11-10T12:21:40.595+0000] {logging_mixin.py:188} INFO - [2025-11-10T12:21:40.595+0000] {dag.py:3036} INFO - Sync 1 DAGs
[2025-11-10T12:21:40.669+0000] {logging_mixin.py:188} INFO - [2025-11-10T12:21:40.668+0000] {dag.py:3823} INFO - Setting next_dagrun for example_skip_dag to 2025-11-09 00:00:00+00:00, run_after=2025-11-10 00:00:00+00:00
[2025-11-10T12:21:40.710+0000] {processor.py:183} INFO - Processing /home/airflow/.local/lib/python3.8/site-packages/airflow/example_dags/example_skip_dag.py took 0.227 seconds
[2025-11-10T12:22:11.321+0000] {processor.py:161} INFO - Started process (PID=119) to work on /home/airflow/.local/lib/python3.8/site-packages/airflow/example_dags/example_skip_dag.py
[2025-11-10T12:22:11.323+0000] {processor.py:830} INFO - Processing file /home/airflow/.local/lib/python3.8/site-packages/airflow/example_dags/example_skip_dag.py for tasks to queue
[2025-11-10T12:22:11.326+0000] {logging_mixin.py:188} INFO - [2025-11-10T12:22:11.326+0000] {dagbag.py:538} INFO - Filling up the DagBag from /home/airflow/.local/lib/python3.8/site-packages/airflow/example_dags/example_skip_dag.py
[2025-11-10T12:22:11.339+0000] {processor.py:840} INFO - DAG(s) 'example_skip_dag' retrieved from /home/airflow/.local/lib/python3.8/site-packages/airflow/example_dags/example_skip_dag.py
[2025-11-10T12:22:11.378+0000] {logging_mixin.py:188} INFO - [2025-11-10T12:22:11.378+0000] {dag.py:3036} INFO - Sync 1 DAGs
[2025-11-10T12:22:11.419+0000] {logging_mixin.py:188} INFO - [2025-11-10T12:22:11.418+0000] {dag.py:3823} INFO - Setting next_dagrun for example_skip_dag to 2025-11-09 00:00:00+00:00, run_after=2025-11-10 00:00:00+00:00
[2025-11-10T12:22:11.456+0000] {processor.py:183} INFO - Processing /home/airflow/.local/lib/python3.8/site-packages/airflow/example_dags/example_skip_dag.py took 0.142 seconds
[2025-11-10T12:22:41.635+0000] {processor.py:161} INFO - Started process (PID=181) to work on /home/airflow/.local/lib/python3.8/site-packages/airflow/example_dags/example_skip_dag.py
[2025-11-10T12:22:41.638+0000] {processor.py:830} INFO - Processing file /home/airflow/.local/lib/python3.8/site-packages/airflow/example_dags/example_skip_dag.py for tasks to queue
[2025-11-10T12:22:41.646+0000] {logging_mixin.py:188} INFO - [2025-11-10T12:22:41.645+0000] {dagbag.py:538} INFO - Filling up the DagBag from /home/airflow/.local/lib/python3.8/site-packages/airflow/example_dags/example_skip_dag.py
[2025-11-10T12:22:41.667+0000] {processor.py:840} INFO - DAG(s) 'example_skip_dag' retrieved from /home/airflow/.local/lib/python3.8/site-packages/airflow/example_dags/example_skip_dag.py
[2025-11-10T12:22:41.728+0000] {logging_mixin.py:188} INFO - [2025-11-10T12:22:41.728+0000] {dag.py:3036} INFO - Sync 1 DAGs
[2025-11-10T12:22:41.806+0000] {logging_mixin.py:188} INFO - [2025-11-10T12:22:41.805+0000] {dag.py:3823} INFO - Setting next_dagrun for example_skip_dag to 2025-11-09 00:00:00+00:00, run_after=2025-11-10 00:00:00+00:00
[2025-11-10T12:22:41.862+0000] {processor.py:183} INFO - Processing /home/airflow/.local/lib/python3.8/site-packages/airflow/example_dags/example_skip_dag.py took 0.240 seconds
