[2025-11-10T09:02:27.170+0000] {processor.py:161} INFO - Started process (PID=105) to work on /home/airflow/.local/lib/python3.8/site-packages/airflow/example_dags/example_trigger_controller_dag.py
[2025-11-10T09:02:27.173+0000] {processor.py:830} INFO - Processing file /home/airflow/.local/lib/python3.8/site-packages/airflow/example_dags/example_trigger_controller_dag.py for tasks to queue
[2025-11-10T09:02:27.180+0000] {logging_mixin.py:188} INFO - [2025-11-10T09:02:27.179+0000] {dagbag.py:538} INFO - Filling up the DagBag from /home/airflow/.local/lib/python3.8/site-packages/airflow/example_dags/example_trigger_controller_dag.py
[2025-11-10T09:02:27.189+0000] {processor.py:840} INFO - DAG(s) 'example_trigger_controller_dag' retrieved from /home/airflow/.local/lib/python3.8/site-packages/airflow/example_dags/example_trigger_controller_dag.py
[2025-11-10T09:02:27.792+0000] {logging_mixin.py:188} INFO - [2025-11-10T09:02:27.792+0000] {dag.py:3036} INFO - Sync 1 DAGs
[2025-11-10T09:02:27.894+0000] {logging_mixin.py:188} INFO - [2025-11-10T09:02:27.894+0000] {dag.py:3823} INFO - Setting next_dagrun for example_trigger_controller_dag to 2021-01-01 00:00:00+00:00, run_after=2021-01-01 00:00:00+00:00
[2025-11-10T09:02:27.991+0000] {processor.py:183} INFO - Processing /home/airflow/.local/lib/python3.8/site-packages/airflow/example_dags/example_trigger_controller_dag.py took 0.833 seconds
[2025-11-10T09:02:58.219+0000] {processor.py:161} INFO - Started process (PID=160) to work on /home/airflow/.local/lib/python3.8/site-packages/airflow/example_dags/example_trigger_controller_dag.py
[2025-11-10T09:02:58.224+0000] {processor.py:830} INFO - Processing file /home/airflow/.local/lib/python3.8/site-packages/airflow/example_dags/example_trigger_controller_dag.py for tasks to queue
[2025-11-10T09:02:58.232+0000] {logging_mixin.py:188} INFO - [2025-11-10T09:02:58.230+0000] {dagbag.py:538} INFO - Filling up the DagBag from /home/airflow/.local/lib/python3.8/site-packages/airflow/example_dags/example_trigger_controller_dag.py
[2025-11-10T09:02:58.246+0000] {processor.py:840} INFO - DAG(s) 'example_trigger_controller_dag' retrieved from /home/airflow/.local/lib/python3.8/site-packages/airflow/example_dags/example_trigger_controller_dag.py
[2025-11-10T09:02:58.306+0000] {logging_mixin.py:188} INFO - [2025-11-10T09:02:58.305+0000] {dag.py:3036} INFO - Sync 1 DAGs
[2025-11-10T09:02:58.377+0000] {logging_mixin.py:188} INFO - [2025-11-10T09:02:58.376+0000] {dag.py:3823} INFO - Setting next_dagrun for example_trigger_controller_dag to 2021-01-01 00:00:00+00:00, run_after=2021-01-01 00:00:00+00:00
[2025-11-10T09:02:58.435+0000] {processor.py:183} INFO - Processing /home/airflow/.local/lib/python3.8/site-packages/airflow/example_dags/example_trigger_controller_dag.py took 0.227 seconds
[2025-11-10T09:19:52.373+0000] {processor.py:161} INFO - Started process (PID=100) to work on /home/airflow/.local/lib/python3.8/site-packages/airflow/example_dags/example_trigger_controller_dag.py
[2025-11-10T09:19:52.376+0000] {processor.py:830} INFO - Processing file /home/airflow/.local/lib/python3.8/site-packages/airflow/example_dags/example_trigger_controller_dag.py for tasks to queue
[2025-11-10T09:19:52.382+0000] {logging_mixin.py:188} INFO - [2025-11-10T09:19:52.381+0000] {dagbag.py:538} INFO - Filling up the DagBag from /home/airflow/.local/lib/python3.8/site-packages/airflow/example_dags/example_trigger_controller_dag.py
[2025-11-10T09:19:52.394+0000] {processor.py:840} INFO - DAG(s) 'example_trigger_controller_dag' retrieved from /home/airflow/.local/lib/python3.8/site-packages/airflow/example_dags/example_trigger_controller_dag.py
[2025-11-10T09:19:52.462+0000] {logging_mixin.py:188} INFO - [2025-11-10T09:19:52.462+0000] {dag.py:3036} INFO - Sync 1 DAGs
[2025-11-10T09:19:52.518+0000] {logging_mixin.py:188} INFO - [2025-11-10T09:19:52.518+0000] {dag.py:3823} INFO - Setting next_dagrun for example_trigger_controller_dag to 2021-01-01 00:00:00+00:00, run_after=2021-01-01 00:00:00+00:00
[2025-11-10T09:19:52.568+0000] {processor.py:183} INFO - Processing /home/airflow/.local/lib/python3.8/site-packages/airflow/example_dags/example_trigger_controller_dag.py took 0.213 seconds
[2025-11-10T12:21:44.622+0000] {processor.py:161} INFO - Started process (PID=94) to work on /home/airflow/.local/lib/python3.8/site-packages/airflow/example_dags/example_trigger_controller_dag.py
[2025-11-10T12:21:44.624+0000] {processor.py:830} INFO - Processing file /home/airflow/.local/lib/python3.8/site-packages/airflow/example_dags/example_trigger_controller_dag.py for tasks to queue
[2025-11-10T12:21:44.627+0000] {logging_mixin.py:188} INFO - [2025-11-10T12:21:44.626+0000] {dagbag.py:538} INFO - Filling up the DagBag from /home/airflow/.local/lib/python3.8/site-packages/airflow/example_dags/example_trigger_controller_dag.py
[2025-11-10T12:21:44.633+0000] {processor.py:840} INFO - DAG(s) 'example_trigger_controller_dag' retrieved from /home/airflow/.local/lib/python3.8/site-packages/airflow/example_dags/example_trigger_controller_dag.py
[2025-11-10T12:21:44.668+0000] {logging_mixin.py:188} INFO - [2025-11-10T12:21:44.668+0000] {dag.py:3036} INFO - Sync 1 DAGs
[2025-11-10T12:21:44.718+0000] {logging_mixin.py:188} INFO - [2025-11-10T12:21:44.718+0000] {dag.py:3823} INFO - Setting next_dagrun for example_trigger_controller_dag to 2021-01-01 00:00:00+00:00, run_after=2021-01-01 00:00:00+00:00
[2025-11-10T12:21:44.756+0000] {processor.py:183} INFO - Processing /home/airflow/.local/lib/python3.8/site-packages/airflow/example_dags/example_trigger_controller_dag.py took 0.145 seconds
[2025-11-10T12:22:15.021+0000] {processor.py:161} INFO - Started process (PID=149) to work on /home/airflow/.local/lib/python3.8/site-packages/airflow/example_dags/example_trigger_controller_dag.py
[2025-11-10T12:22:15.022+0000] {processor.py:830} INFO - Processing file /home/airflow/.local/lib/python3.8/site-packages/airflow/example_dags/example_trigger_controller_dag.py for tasks to queue
[2025-11-10T12:22:15.024+0000] {logging_mixin.py:188} INFO - [2025-11-10T12:22:15.024+0000] {dagbag.py:538} INFO - Filling up the DagBag from /home/airflow/.local/lib/python3.8/site-packages/airflow/example_dags/example_trigger_controller_dag.py
[2025-11-10T12:22:15.030+0000] {processor.py:840} INFO - DAG(s) 'example_trigger_controller_dag' retrieved from /home/airflow/.local/lib/python3.8/site-packages/airflow/example_dags/example_trigger_controller_dag.py
[2025-11-10T12:22:15.053+0000] {logging_mixin.py:188} INFO - [2025-11-10T12:22:15.052+0000] {dag.py:3036} INFO - Sync 1 DAGs
[2025-11-10T12:22:15.078+0000] {logging_mixin.py:188} INFO - [2025-11-10T12:22:15.078+0000] {dag.py:3823} INFO - Setting next_dagrun for example_trigger_controller_dag to 2021-01-01 00:00:00+00:00, run_after=2021-01-01 00:00:00+00:00
[2025-11-10T12:22:15.099+0000] {processor.py:183} INFO - Processing /home/airflow/.local/lib/python3.8/site-packages/airflow/example_dags/example_trigger_controller_dag.py took 0.082 seconds
[2025-11-10T12:22:46.077+0000] {processor.py:161} INFO - Started process (PID=205) to work on /home/airflow/.local/lib/python3.8/site-packages/airflow/example_dags/example_trigger_controller_dag.py
[2025-11-10T12:22:46.079+0000] {processor.py:830} INFO - Processing file /home/airflow/.local/lib/python3.8/site-packages/airflow/example_dags/example_trigger_controller_dag.py for tasks to queue
[2025-11-10T12:22:46.082+0000] {logging_mixin.py:188} INFO - [2025-11-10T12:22:46.081+0000] {dagbag.py:538} INFO - Filling up the DagBag from /home/airflow/.local/lib/python3.8/site-packages/airflow/example_dags/example_trigger_controller_dag.py
[2025-11-10T12:22:46.089+0000] {processor.py:840} INFO - DAG(s) 'example_trigger_controller_dag' retrieved from /home/airflow/.local/lib/python3.8/site-packages/airflow/example_dags/example_trigger_controller_dag.py
[2025-11-10T12:22:46.119+0000] {logging_mixin.py:188} INFO - [2025-11-10T12:22:46.119+0000] {dag.py:3036} INFO - Sync 1 DAGs
[2025-11-10T12:22:46.149+0000] {logging_mixin.py:188} INFO - [2025-11-10T12:22:46.149+0000] {dag.py:3823} INFO - Setting next_dagrun for example_trigger_controller_dag to 2021-01-01 00:00:00+00:00, run_after=2021-01-01 00:00:00+00:00
[2025-11-10T12:22:46.177+0000] {processor.py:183} INFO - Processing /home/airflow/.local/lib/python3.8/site-packages/airflow/example_dags/example_trigger_controller_dag.py took 0.105 seconds
