[2025-11-10T09:02:24.095+0000] {processor.py:161} INFO - Started process (PID=98) to work on /home/airflow/.local/lib/python3.8/site-packages/airflow/example_dags/example_setup_teardown_taskflow.py
[2025-11-10T09:02:24.099+0000] {processor.py:830} INFO - Processing file /home/airflow/.local/lib/python3.8/site-packages/airflow/example_dags/example_setup_teardown_taskflow.py for tasks to queue
[2025-11-10T09:02:24.107+0000] {logging_mixin.py:188} INFO - [2025-11-10T09:02:24.107+0000] {dagbag.py:538} INFO - Filling up the DagBag from /home/airflow/.local/lib/python3.8/site-packages/airflow/example_dags/example_setup_teardown_taskflow.py
[2025-11-10T09:02:24.154+0000] {processor.py:840} INFO - DAG(s) 'example_setup_teardown_taskflow' retrieved from /home/airflow/.local/lib/python3.8/site-packages/airflow/example_dags/example_setup_teardown_taskflow.py
[2025-11-10T09:02:24.571+0000] {logging_mixin.py:188} INFO - [2025-11-10T09:02:24.571+0000] {dag.py:3036} INFO - Sync 1 DAGs
[2025-11-10T09:02:24.643+0000] {logging_mixin.py:188} INFO - [2025-11-10T09:02:24.642+0000] {dag.py:3823} INFO - Setting next_dagrun for example_setup_teardown_taskflow to 2025-11-09 00:00:00+00:00, run_after=2025-11-10 00:00:00+00:00
[2025-11-10T09:02:24.708+0000] {processor.py:183} INFO - Processing /home/airflow/.local/lib/python3.8/site-packages/airflow/example_dags/example_setup_teardown_taskflow.py took 0.621 seconds
[2025-11-10T09:02:55.165+0000] {processor.py:161} INFO - Started process (PID=153) to work on /home/airflow/.local/lib/python3.8/site-packages/airflow/example_dags/example_setup_teardown_taskflow.py
[2025-11-10T09:02:55.167+0000] {processor.py:830} INFO - Processing file /home/airflow/.local/lib/python3.8/site-packages/airflow/example_dags/example_setup_teardown_taskflow.py for tasks to queue
[2025-11-10T09:02:55.171+0000] {logging_mixin.py:188} INFO - [2025-11-10T09:02:55.170+0000] {dagbag.py:538} INFO - Filling up the DagBag from /home/airflow/.local/lib/python3.8/site-packages/airflow/example_dags/example_setup_teardown_taskflow.py
[2025-11-10T09:02:55.193+0000] {processor.py:840} INFO - DAG(s) 'example_setup_teardown_taskflow' retrieved from /home/airflow/.local/lib/python3.8/site-packages/airflow/example_dags/example_setup_teardown_taskflow.py
[2025-11-10T09:02:55.250+0000] {logging_mixin.py:188} INFO - [2025-11-10T09:02:55.249+0000] {dag.py:3036} INFO - Sync 1 DAGs
[2025-11-10T09:02:55.315+0000] {logging_mixin.py:188} INFO - [2025-11-10T09:02:55.315+0000] {dag.py:3823} INFO - Setting next_dagrun for example_setup_teardown_taskflow to 2025-11-09 00:00:00+00:00, run_after=2025-11-10 00:00:00+00:00
[2025-11-10T09:02:55.354+0000] {processor.py:183} INFO - Processing /home/airflow/.local/lib/python3.8/site-packages/airflow/example_dags/example_setup_teardown_taskflow.py took 0.195 seconds
[2025-11-10T09:19:50.820+0000] {processor.py:161} INFO - Started process (PID=93) to work on /home/airflow/.local/lib/python3.8/site-packages/airflow/example_dags/example_setup_teardown_taskflow.py
[2025-11-10T09:19:50.822+0000] {processor.py:830} INFO - Processing file /home/airflow/.local/lib/python3.8/site-packages/airflow/example_dags/example_setup_teardown_taskflow.py for tasks to queue
[2025-11-10T09:19:50.825+0000] {logging_mixin.py:188} INFO - [2025-11-10T09:19:50.825+0000] {dagbag.py:538} INFO - Filling up the DagBag from /home/airflow/.local/lib/python3.8/site-packages/airflow/example_dags/example_setup_teardown_taskflow.py
[2025-11-10T09:19:50.844+0000] {processor.py:840} INFO - DAG(s) 'example_setup_teardown_taskflow' retrieved from /home/airflow/.local/lib/python3.8/site-packages/airflow/example_dags/example_setup_teardown_taskflow.py
[2025-11-10T09:19:50.888+0000] {logging_mixin.py:188} INFO - [2025-11-10T09:19:50.887+0000] {dag.py:3036} INFO - Sync 1 DAGs
[2025-11-10T09:19:50.932+0000] {logging_mixin.py:188} INFO - [2025-11-10T09:19:50.931+0000] {dag.py:3823} INFO - Setting next_dagrun for example_setup_teardown_taskflow to 2025-11-09 00:00:00+00:00, run_after=2025-11-10 00:00:00+00:00
[2025-11-10T09:19:50.972+0000] {processor.py:183} INFO - Processing /home/airflow/.local/lib/python3.8/site-packages/airflow/example_dags/example_setup_teardown_taskflow.py took 0.160 seconds
[2025-11-10T12:21:43.866+0000] {processor.py:161} INFO - Started process (PID=87) to work on /home/airflow/.local/lib/python3.8/site-packages/airflow/example_dags/example_setup_teardown_taskflow.py
[2025-11-10T12:21:43.868+0000] {processor.py:830} INFO - Processing file /home/airflow/.local/lib/python3.8/site-packages/airflow/example_dags/example_setup_teardown_taskflow.py for tasks to queue
[2025-11-10T12:21:43.870+0000] {logging_mixin.py:188} INFO - [2025-11-10T12:21:43.869+0000] {dagbag.py:538} INFO - Filling up the DagBag from /home/airflow/.local/lib/python3.8/site-packages/airflow/example_dags/example_setup_teardown_taskflow.py
[2025-11-10T12:21:43.882+0000] {processor.py:840} INFO - DAG(s) 'example_setup_teardown_taskflow' retrieved from /home/airflow/.local/lib/python3.8/site-packages/airflow/example_dags/example_setup_teardown_taskflow.py
[2025-11-10T12:21:43.919+0000] {logging_mixin.py:188} INFO - [2025-11-10T12:21:43.919+0000] {dag.py:3036} INFO - Sync 1 DAGs
[2025-11-10T12:21:43.959+0000] {logging_mixin.py:188} INFO - [2025-11-10T12:21:43.959+0000] {dag.py:3823} INFO - Setting next_dagrun for example_setup_teardown_taskflow to 2025-11-09 00:00:00+00:00, run_after=2025-11-10 00:00:00+00:00
[2025-11-10T12:21:43.985+0000] {processor.py:183} INFO - Processing /home/airflow/.local/lib/python3.8/site-packages/airflow/example_dags/example_setup_teardown_taskflow.py took 0.124 seconds
[2025-11-10T12:22:14.506+0000] {processor.py:161} INFO - Started process (PID=142) to work on /home/airflow/.local/lib/python3.8/site-packages/airflow/example_dags/example_setup_teardown_taskflow.py
[2025-11-10T12:22:14.508+0000] {processor.py:830} INFO - Processing file /home/airflow/.local/lib/python3.8/site-packages/airflow/example_dags/example_setup_teardown_taskflow.py for tasks to queue
[2025-11-10T12:22:14.510+0000] {logging_mixin.py:188} INFO - [2025-11-10T12:22:14.510+0000] {dagbag.py:538} INFO - Filling up the DagBag from /home/airflow/.local/lib/python3.8/site-packages/airflow/example_dags/example_setup_teardown_taskflow.py
[2025-11-10T12:22:14.523+0000] {processor.py:840} INFO - DAG(s) 'example_setup_teardown_taskflow' retrieved from /home/airflow/.local/lib/python3.8/site-packages/airflow/example_dags/example_setup_teardown_taskflow.py
[2025-11-10T12:22:14.553+0000] {logging_mixin.py:188} INFO - [2025-11-10T12:22:14.553+0000] {dag.py:3036} INFO - Sync 1 DAGs
[2025-11-10T12:22:14.582+0000] {logging_mixin.py:188} INFO - [2025-11-10T12:22:14.581+0000] {dag.py:3823} INFO - Setting next_dagrun for example_setup_teardown_taskflow to 2025-11-09 00:00:00+00:00, run_after=2025-11-10 00:00:00+00:00
[2025-11-10T12:22:14.610+0000] {processor.py:183} INFO - Processing /home/airflow/.local/lib/python3.8/site-packages/airflow/example_dags/example_setup_teardown_taskflow.py took 0.108 seconds
[2025-11-10T12:22:45.270+0000] {processor.py:161} INFO - Started process (PID=198) to work on /home/airflow/.local/lib/python3.8/site-packages/airflow/example_dags/example_setup_teardown_taskflow.py
[2025-11-10T12:22:45.272+0000] {processor.py:830} INFO - Processing file /home/airflow/.local/lib/python3.8/site-packages/airflow/example_dags/example_setup_teardown_taskflow.py for tasks to queue
[2025-11-10T12:22:45.276+0000] {logging_mixin.py:188} INFO - [2025-11-10T12:22:45.275+0000] {dagbag.py:538} INFO - Filling up the DagBag from /home/airflow/.local/lib/python3.8/site-packages/airflow/example_dags/example_setup_teardown_taskflow.py
[2025-11-10T12:22:45.299+0000] {processor.py:840} INFO - DAG(s) 'example_setup_teardown_taskflow' retrieved from /home/airflow/.local/lib/python3.8/site-packages/airflow/example_dags/example_setup_teardown_taskflow.py
[2025-11-10T12:22:45.350+0000] {logging_mixin.py:188} INFO - [2025-11-10T12:22:45.350+0000] {dag.py:3036} INFO - Sync 1 DAGs
[2025-11-10T12:22:45.401+0000] {logging_mixin.py:188} INFO - [2025-11-10T12:22:45.401+0000] {dag.py:3823} INFO - Setting next_dagrun for example_setup_teardown_taskflow to 2025-11-09 00:00:00+00:00, run_after=2025-11-10 00:00:00+00:00
[2025-11-10T12:22:45.442+0000] {processor.py:183} INFO - Processing /home/airflow/.local/lib/python3.8/site-packages/airflow/example_dags/example_setup_teardown_taskflow.py took 0.178 seconds
