[2025-11-10T09:02:24.775+0000] {processor.py:161} INFO - Started process (PID=100) to work on /home/airflow/.local/lib/python3.8/site-packages/airflow/example_dags/example_datasets.py
[2025-11-10T09:02:24.779+0000] {processor.py:830} INFO - Processing file /home/airflow/.local/lib/python3.8/site-packages/airflow/example_dags/example_datasets.py for tasks to queue
[2025-11-10T09:02:24.783+0000] {logging_mixin.py:188} INFO - [2025-11-10T09:02:24.782+0000] {dagbag.py:538} INFO - Filling up the DagBag from /home/airflow/.local/lib/python3.8/site-packages/airflow/example_dags/example_datasets.py
[2025-11-10T09:02:24.822+0000] {processor.py:840} INFO - DAG(s) 'dataset_consumes_1_and_2', 'dataset_produces_2', 'dataset_consumes_1_never_scheduled', 'dataset_consumes_unknown_never_scheduled', 'dataset_produces_1', 'dataset_consumes_1' retrieved from /home/airflow/.local/lib/python3.8/site-packages/airflow/example_dags/example_datasets.py
[2025-11-10T09:02:25.577+0000] {logging_mixin.py:188} INFO - [2025-11-10T09:02:25.576+0000] {dag.py:3036} INFO - Sync 6 DAGs
[2025-11-10T09:02:25.664+0000] {logging_mixin.py:188} INFO - [2025-11-10T09:02:25.663+0000] {dag.py:3823} INFO - Setting next_dagrun for dataset_consumes_1 to None, run_after=None
[2025-11-10T09:02:25.680+0000] {logging_mixin.py:188} INFO - [2025-11-10T09:02:25.679+0000] {dag.py:3823} INFO - Setting next_dagrun for dataset_consumes_1_and_2 to None, run_after=None
[2025-11-10T09:02:25.683+0000] {logging_mixin.py:188} INFO - [2025-11-10T09:02:25.683+0000] {dag.py:3823} INFO - Setting next_dagrun for dataset_consumes_1_never_scheduled to None, run_after=None
[2025-11-10T09:02:25.689+0000] {logging_mixin.py:188} INFO - [2025-11-10T09:02:25.687+0000] {dag.py:3823} INFO - Setting next_dagrun for dataset_consumes_unknown_never_scheduled to None, run_after=None
[2025-11-10T09:02:25.701+0000] {logging_mixin.py:188} INFO - [2025-11-10T09:02:25.700+0000] {dag.py:3823} INFO - Setting next_dagrun for dataset_produces_1 to 2025-11-09 00:00:00+00:00, run_after=2025-11-10 00:00:00+00:00
[2025-11-10T09:02:25.706+0000] {logging_mixin.py:188} INFO - [2025-11-10T09:02:25.705+0000] {dag.py:3823} INFO - Setting next_dagrun for dataset_produces_2 to None, run_after=None
[2025-11-10T09:02:25.866+0000] {processor.py:183} INFO - Processing /home/airflow/.local/lib/python3.8/site-packages/airflow/example_dags/example_datasets.py took 1.102 seconds
[2025-11-10T09:02:56.412+0000] {processor.py:161} INFO - Started process (PID=155) to work on /home/airflow/.local/lib/python3.8/site-packages/airflow/example_dags/example_datasets.py
[2025-11-10T09:02:56.415+0000] {processor.py:830} INFO - Processing file /home/airflow/.local/lib/python3.8/site-packages/airflow/example_dags/example_datasets.py for tasks to queue
[2025-11-10T09:02:56.420+0000] {logging_mixin.py:188} INFO - [2025-11-10T09:02:56.419+0000] {dagbag.py:538} INFO - Filling up the DagBag from /home/airflow/.local/lib/python3.8/site-packages/airflow/example_dags/example_datasets.py
[2025-11-10T09:02:56.455+0000] {processor.py:840} INFO - DAG(s) 'dataset_consumes_1_never_scheduled', 'dataset_consumes_1', 'dataset_produces_1', 'dataset_consumes_unknown_never_scheduled', 'dataset_produces_2', 'dataset_consumes_1_and_2' retrieved from /home/airflow/.local/lib/python3.8/site-packages/airflow/example_dags/example_datasets.py
[2025-11-10T09:02:56.599+0000] {logging_mixin.py:188} INFO - [2025-11-10T09:02:56.598+0000] {dag.py:3036} INFO - Sync 6 DAGs
[2025-11-10T09:02:56.667+0000] {logging_mixin.py:188} INFO - [2025-11-10T09:02:56.666+0000] {dag.py:3823} INFO - Setting next_dagrun for dataset_consumes_1 to None, run_after=None
[2025-11-10T09:02:56.681+0000] {logging_mixin.py:188} INFO - [2025-11-10T09:02:56.680+0000] {dag.py:3823} INFO - Setting next_dagrun for dataset_consumes_1_and_2 to None, run_after=None
[2025-11-10T09:02:56.685+0000] {logging_mixin.py:188} INFO - [2025-11-10T09:02:56.684+0000] {dag.py:3823} INFO - Setting next_dagrun for dataset_consumes_1_never_scheduled to None, run_after=None
[2025-11-10T09:02:56.689+0000] {logging_mixin.py:188} INFO - [2025-11-10T09:02:56.689+0000] {dag.py:3823} INFO - Setting next_dagrun for dataset_consumes_unknown_never_scheduled to None, run_after=None
[2025-11-10T09:02:56.702+0000] {logging_mixin.py:188} INFO - [2025-11-10T09:02:56.700+0000] {dag.py:3823} INFO - Setting next_dagrun for dataset_produces_1 to 2025-11-09 00:00:00+00:00, run_after=2025-11-10 00:00:00+00:00
[2025-11-10T09:02:56.706+0000] {logging_mixin.py:188} INFO - [2025-11-10T09:02:56.705+0000] {dag.py:3823} INFO - Setting next_dagrun for dataset_produces_2 to None, run_after=None
[2025-11-10T09:02:56.815+0000] {processor.py:183} INFO - Processing /home/airflow/.local/lib/python3.8/site-packages/airflow/example_dags/example_datasets.py took 0.414 seconds
[2025-11-10T09:19:51.011+0000] {processor.py:161} INFO - Started process (PID=95) to work on /home/airflow/.local/lib/python3.8/site-packages/airflow/example_dags/example_datasets.py
[2025-11-10T09:19:51.012+0000] {processor.py:830} INFO - Processing file /home/airflow/.local/lib/python3.8/site-packages/airflow/example_dags/example_datasets.py for tasks to queue
[2025-11-10T09:19:51.016+0000] {logging_mixin.py:188} INFO - [2025-11-10T09:19:51.015+0000] {dagbag.py:538} INFO - Filling up the DagBag from /home/airflow/.local/lib/python3.8/site-packages/airflow/example_dags/example_datasets.py
[2025-11-10T09:19:51.034+0000] {processor.py:840} INFO - DAG(s) 'dataset_consumes_1', 'dataset_consumes_1_never_scheduled', 'dataset_produces_2', 'dataset_consumes_1_and_2', 'dataset_produces_1', 'dataset_consumes_unknown_never_scheduled' retrieved from /home/airflow/.local/lib/python3.8/site-packages/airflow/example_dags/example_datasets.py
[2025-11-10T09:19:51.133+0000] {logging_mixin.py:188} INFO - [2025-11-10T09:19:51.133+0000] {dag.py:3036} INFO - Sync 6 DAGs
[2025-11-10T09:19:51.189+0000] {logging_mixin.py:188} INFO - [2025-11-10T09:19:51.188+0000] {dag.py:3823} INFO - Setting next_dagrun for dataset_consumes_1 to None, run_after=None
[2025-11-10T09:19:51.197+0000] {logging_mixin.py:188} INFO - [2025-11-10T09:19:51.196+0000] {dag.py:3823} INFO - Setting next_dagrun for dataset_consumes_1_and_2 to None, run_after=None
[2025-11-10T09:19:51.199+0000] {logging_mixin.py:188} INFO - [2025-11-10T09:19:51.199+0000] {dag.py:3823} INFO - Setting next_dagrun for dataset_consumes_1_never_scheduled to None, run_after=None
[2025-11-10T09:19:51.202+0000] {logging_mixin.py:188} INFO - [2025-11-10T09:19:51.201+0000] {dag.py:3823} INFO - Setting next_dagrun for dataset_consumes_unknown_never_scheduled to None, run_after=None
[2025-11-10T09:19:51.207+0000] {logging_mixin.py:188} INFO - [2025-11-10T09:19:51.207+0000] {dag.py:3823} INFO - Setting next_dagrun for dataset_produces_1 to 2025-11-09 00:00:00+00:00, run_after=2025-11-10 00:00:00+00:00
[2025-11-10T09:19:51.209+0000] {logging_mixin.py:188} INFO - [2025-11-10T09:19:51.209+0000] {dag.py:3823} INFO - Setting next_dagrun for dataset_produces_2 to None, run_after=None
[2025-11-10T09:19:51.274+0000] {processor.py:183} INFO - Processing /home/airflow/.local/lib/python3.8/site-packages/airflow/example_dags/example_datasets.py took 0.272 seconds
[2025-11-10T12:21:44.008+0000] {processor.py:161} INFO - Started process (PID=89) to work on /home/airflow/.local/lib/python3.8/site-packages/airflow/example_dags/example_datasets.py
[2025-11-10T12:21:44.010+0000] {processor.py:830} INFO - Processing file /home/airflow/.local/lib/python3.8/site-packages/airflow/example_dags/example_datasets.py for tasks to queue
[2025-11-10T12:21:44.012+0000] {logging_mixin.py:188} INFO - [2025-11-10T12:21:44.011+0000] {dagbag.py:538} INFO - Filling up the DagBag from /home/airflow/.local/lib/python3.8/site-packages/airflow/example_dags/example_datasets.py
[2025-11-10T12:21:44.024+0000] {processor.py:840} INFO - DAG(s) 'dataset_consumes_1_never_scheduled', 'dataset_consumes_unknown_never_scheduled', 'dataset_consumes_1', 'dataset_consumes_1_and_2', 'dataset_produces_2', 'dataset_produces_1' retrieved from /home/airflow/.local/lib/python3.8/site-packages/airflow/example_dags/example_datasets.py
[2025-11-10T12:21:44.078+0000] {logging_mixin.py:188} INFO - [2025-11-10T12:21:44.077+0000] {dag.py:3036} INFO - Sync 6 DAGs
[2025-11-10T12:21:44.106+0000] {logging_mixin.py:188} INFO - [2025-11-10T12:21:44.105+0000] {dag.py:3823} INFO - Setting next_dagrun for dataset_consumes_1 to None, run_after=None
[2025-11-10T12:21:44.110+0000] {logging_mixin.py:188} INFO - [2025-11-10T12:21:44.110+0000] {dag.py:3823} INFO - Setting next_dagrun for dataset_consumes_1_and_2 to None, run_after=None
[2025-11-10T12:21:44.111+0000] {logging_mixin.py:188} INFO - [2025-11-10T12:21:44.111+0000] {dag.py:3823} INFO - Setting next_dagrun for dataset_consumes_1_never_scheduled to None, run_after=None
[2025-11-10T12:21:44.113+0000] {logging_mixin.py:188} INFO - [2025-11-10T12:21:44.113+0000] {dag.py:3823} INFO - Setting next_dagrun for dataset_consumes_unknown_never_scheduled to None, run_after=None
[2025-11-10T12:21:44.117+0000] {logging_mixin.py:188} INFO - [2025-11-10T12:21:44.117+0000] {dag.py:3823} INFO - Setting next_dagrun for dataset_produces_1 to 2025-11-09 00:00:00+00:00, run_after=2025-11-10 00:00:00+00:00
[2025-11-10T12:21:44.119+0000] {logging_mixin.py:188} INFO - [2025-11-10T12:21:44.118+0000] {dag.py:3823} INFO - Setting next_dagrun for dataset_produces_2 to None, run_after=None
[2025-11-10T12:21:44.163+0000] {processor.py:183} INFO - Processing /home/airflow/.local/lib/python3.8/site-packages/airflow/example_dags/example_datasets.py took 0.158 seconds
[2025-11-10T12:22:14.639+0000] {processor.py:161} INFO - Started process (PID=144) to work on /home/airflow/.local/lib/python3.8/site-packages/airflow/example_dags/example_datasets.py
[2025-11-10T12:22:14.641+0000] {processor.py:830} INFO - Processing file /home/airflow/.local/lib/python3.8/site-packages/airflow/example_dags/example_datasets.py for tasks to queue
[2025-11-10T12:22:14.644+0000] {logging_mixin.py:188} INFO - [2025-11-10T12:22:14.643+0000] {dagbag.py:538} INFO - Filling up the DagBag from /home/airflow/.local/lib/python3.8/site-packages/airflow/example_dags/example_datasets.py
[2025-11-10T12:22:14.657+0000] {processor.py:840} INFO - DAG(s) 'dataset_consumes_1_and_2', 'dataset_produces_1', 'dataset_consumes_1_never_scheduled', 'dataset_consumes_unknown_never_scheduled', 'dataset_produces_2', 'dataset_consumes_1' retrieved from /home/airflow/.local/lib/python3.8/site-packages/airflow/example_dags/example_datasets.py
[2025-11-10T12:22:14.712+0000] {logging_mixin.py:188} INFO - [2025-11-10T12:22:14.711+0000] {dag.py:3036} INFO - Sync 6 DAGs
[2025-11-10T12:22:14.739+0000] {logging_mixin.py:188} INFO - [2025-11-10T12:22:14.739+0000] {dag.py:3823} INFO - Setting next_dagrun for dataset_consumes_1 to None, run_after=None
[2025-11-10T12:22:14.744+0000] {logging_mixin.py:188} INFO - [2025-11-10T12:22:14.743+0000] {dag.py:3823} INFO - Setting next_dagrun for dataset_consumes_1_and_2 to None, run_after=None
[2025-11-10T12:22:14.745+0000] {logging_mixin.py:188} INFO - [2025-11-10T12:22:14.745+0000] {dag.py:3823} INFO - Setting next_dagrun for dataset_consumes_1_never_scheduled to None, run_after=None
[2025-11-10T12:22:14.746+0000] {logging_mixin.py:188} INFO - [2025-11-10T12:22:14.746+0000] {dag.py:3823} INFO - Setting next_dagrun for dataset_consumes_unknown_never_scheduled to None, run_after=None
[2025-11-10T12:22:14.749+0000] {logging_mixin.py:188} INFO - [2025-11-10T12:22:14.749+0000] {dag.py:3823} INFO - Setting next_dagrun for dataset_produces_1 to 2025-11-09 00:00:00+00:00, run_after=2025-11-10 00:00:00+00:00
[2025-11-10T12:22:14.751+0000] {logging_mixin.py:188} INFO - [2025-11-10T12:22:14.751+0000] {dag.py:3823} INFO - Setting next_dagrun for dataset_produces_2 to None, run_after=None
[2025-11-10T12:22:14.784+0000] {processor.py:183} INFO - Processing /home/airflow/.local/lib/python3.8/site-packages/airflow/example_dags/example_datasets.py took 0.149 seconds
[2025-11-10T12:22:45.482+0000] {processor.py:161} INFO - Started process (PID=200) to work on /home/airflow/.local/lib/python3.8/site-packages/airflow/example_dags/example_datasets.py
[2025-11-10T12:22:45.484+0000] {processor.py:830} INFO - Processing file /home/airflow/.local/lib/python3.8/site-packages/airflow/example_dags/example_datasets.py for tasks to queue
[2025-11-10T12:22:45.488+0000] {logging_mixin.py:188} INFO - [2025-11-10T12:22:45.487+0000] {dagbag.py:538} INFO - Filling up the DagBag from /home/airflow/.local/lib/python3.8/site-packages/airflow/example_dags/example_datasets.py
[2025-11-10T12:22:45.526+0000] {processor.py:840} INFO - DAG(s) 'dataset_consumes_1_and_2', 'dataset_produces_1', 'dataset_consumes_1', 'dataset_produces_2', 'dataset_consumes_1_never_scheduled', 'dataset_consumes_unknown_never_scheduled' retrieved from /home/airflow/.local/lib/python3.8/site-packages/airflow/example_dags/example_datasets.py
[2025-11-10T12:22:45.617+0000] {logging_mixin.py:188} INFO - [2025-11-10T12:22:45.617+0000] {dag.py:3036} INFO - Sync 6 DAGs
[2025-11-10T12:22:45.660+0000] {logging_mixin.py:188} INFO - [2025-11-10T12:22:45.659+0000] {dag.py:3823} INFO - Setting next_dagrun for dataset_consumes_1 to None, run_after=None
[2025-11-10T12:22:45.666+0000] {logging_mixin.py:188} INFO - [2025-11-10T12:22:45.666+0000] {dag.py:3823} INFO - Setting next_dagrun for dataset_consumes_1_and_2 to None, run_after=None
[2025-11-10T12:22:45.672+0000] {logging_mixin.py:188} INFO - [2025-11-10T12:22:45.671+0000] {dag.py:3823} INFO - Setting next_dagrun for dataset_consumes_1_never_scheduled to None, run_after=None
[2025-11-10T12:22:45.677+0000] {logging_mixin.py:188} INFO - [2025-11-10T12:22:45.677+0000] {dag.py:3823} INFO - Setting next_dagrun for dataset_consumes_unknown_never_scheduled to None, run_after=None
[2025-11-10T12:22:45.685+0000] {logging_mixin.py:188} INFO - [2025-11-10T12:22:45.685+0000] {dag.py:3823} INFO - Setting next_dagrun for dataset_produces_1 to 2025-11-09 00:00:00+00:00, run_after=2025-11-10 00:00:00+00:00
[2025-11-10T12:22:45.689+0000] {logging_mixin.py:188} INFO - [2025-11-10T12:22:45.688+0000] {dag.py:3823} INFO - Setting next_dagrun for dataset_produces_2 to None, run_after=None
[2025-11-10T12:22:45.752+0000] {processor.py:183} INFO - Processing /home/airflow/.local/lib/python3.8/site-packages/airflow/example_dags/example_datasets.py took 0.277 seconds
