[2025-11-10T09:02:27.479+0000] {processor.py:161} INFO - Started process (PID=106) to work on /home/airflow/.local/lib/python3.8/site-packages/airflow/example_dags/example_branch_operator.py
[2025-11-10T09:02:27.481+0000] {processor.py:830} INFO - Processing file /home/airflow/.local/lib/python3.8/site-packages/airflow/example_dags/example_branch_operator.py for tasks to queue
[2025-11-10T09:02:27.486+0000] {logging_mixin.py:188} INFO - [2025-11-10T09:02:27.485+0000] {dagbag.py:538} INFO - Filling up the DagBag from /home/airflow/.local/lib/python3.8/site-packages/airflow/example_dags/example_branch_operator.py
[2025-11-10T09:02:27.600+0000] {processor.py:840} INFO - DAG(s) 'example_branch_operator' retrieved from /home/airflow/.local/lib/python3.8/site-packages/airflow/example_dags/example_branch_operator.py
[2025-11-10T09:02:28.224+0000] {logging_mixin.py:188} INFO - [2025-11-10T09:02:28.223+0000] {dag.py:3036} INFO - Sync 1 DAGs
[2025-11-10T09:02:28.320+0000] {logging_mixin.py:188} INFO - [2025-11-10T09:02:28.320+0000] {dag.py:3823} INFO - Setting next_dagrun for example_branch_operator to 2025-11-09 00:00:00+00:00, run_after=2025-11-10 00:00:00+00:00
[2025-11-10T09:02:28.411+0000] {processor.py:183} INFO - Processing /home/airflow/.local/lib/python3.8/site-packages/airflow/example_dags/example_branch_operator.py took 0.950 seconds
[2025-11-10T09:02:58.484+0000] {processor.py:161} INFO - Started process (PID=161) to work on /home/airflow/.local/lib/python3.8/site-packages/airflow/example_dags/example_branch_operator.py
[2025-11-10T09:02:58.487+0000] {processor.py:830} INFO - Processing file /home/airflow/.local/lib/python3.8/site-packages/airflow/example_dags/example_branch_operator.py for tasks to queue
[2025-11-10T09:02:58.491+0000] {logging_mixin.py:188} INFO - [2025-11-10T09:02:58.490+0000] {dagbag.py:538} INFO - Filling up the DagBag from /home/airflow/.local/lib/python3.8/site-packages/airflow/example_dags/example_branch_operator.py
[2025-11-10T09:02:58.540+0000] {processor.py:840} INFO - DAG(s) 'example_branch_operator' retrieved from /home/airflow/.local/lib/python3.8/site-packages/airflow/example_dags/example_branch_operator.py
[2025-11-10T09:02:58.665+0000] {logging_mixin.py:188} INFO - [2025-11-10T09:02:58.663+0000] {dag.py:3036} INFO - Sync 1 DAGs
[2025-11-10T09:02:58.774+0000] {logging_mixin.py:188} INFO - [2025-11-10T09:02:58.773+0000] {dag.py:3823} INFO - Setting next_dagrun for example_branch_operator to 2025-11-09 00:00:00+00:00, run_after=2025-11-10 00:00:00+00:00
[2025-11-10T09:02:58.809+0000] {processor.py:183} INFO - Processing /home/airflow/.local/lib/python3.8/site-packages/airflow/example_dags/example_branch_operator.py took 0.332 seconds
[2025-11-10T09:19:52.605+0000] {processor.py:161} INFO - Started process (PID=101) to work on /home/airflow/.local/lib/python3.8/site-packages/airflow/example_dags/example_branch_operator.py
[2025-11-10T09:19:52.607+0000] {processor.py:830} INFO - Processing file /home/airflow/.local/lib/python3.8/site-packages/airflow/example_dags/example_branch_operator.py for tasks to queue
[2025-11-10T09:19:52.610+0000] {logging_mixin.py:188} INFO - [2025-11-10T09:19:52.609+0000] {dagbag.py:538} INFO - Filling up the DagBag from /home/airflow/.local/lib/python3.8/site-packages/airflow/example_dags/example_branch_operator.py
[2025-11-10T09:19:52.648+0000] {processor.py:840} INFO - DAG(s) 'example_branch_operator' retrieved from /home/airflow/.local/lib/python3.8/site-packages/airflow/example_dags/example_branch_operator.py
[2025-11-10T09:19:53.005+0000] {logging_mixin.py:188} INFO - [2025-11-10T09:19:53.004+0000] {dag.py:3036} INFO - Sync 1 DAGs
[2025-11-10T09:19:53.050+0000] {logging_mixin.py:188} INFO - [2025-11-10T09:19:53.049+0000] {dag.py:3823} INFO - Setting next_dagrun for example_branch_operator to 2025-11-09 00:00:00+00:00, run_after=2025-11-10 00:00:00+00:00
[2025-11-10T09:19:53.084+0000] {processor.py:183} INFO - Processing /home/airflow/.local/lib/python3.8/site-packages/airflow/example_dags/example_branch_operator.py took 0.487 seconds
[2025-11-10T12:21:44.781+0000] {processor.py:161} INFO - Started process (PID=95) to work on /home/airflow/.local/lib/python3.8/site-packages/airflow/example_dags/example_branch_operator.py
[2025-11-10T12:21:44.783+0000] {processor.py:830} INFO - Processing file /home/airflow/.local/lib/python3.8/site-packages/airflow/example_dags/example_branch_operator.py for tasks to queue
[2025-11-10T12:21:44.786+0000] {logging_mixin.py:188} INFO - [2025-11-10T12:21:44.786+0000] {dagbag.py:538} INFO - Filling up the DagBag from /home/airflow/.local/lib/python3.8/site-packages/airflow/example_dags/example_branch_operator.py
[2025-11-10T12:21:44.822+0000] {processor.py:840} INFO - DAG(s) 'example_branch_operator' retrieved from /home/airflow/.local/lib/python3.8/site-packages/airflow/example_dags/example_branch_operator.py
[2025-11-10T12:21:44.989+0000] {logging_mixin.py:188} INFO - [2025-11-10T12:21:44.989+0000] {dag.py:3036} INFO - Sync 1 DAGs
[2025-11-10T12:21:45.023+0000] {logging_mixin.py:188} INFO - [2025-11-10T12:21:45.022+0000] {dag.py:3823} INFO - Setting next_dagrun for example_branch_operator to 2025-11-09 00:00:00+00:00, run_after=2025-11-10 00:00:00+00:00
[2025-11-10T12:21:45.053+0000] {processor.py:183} INFO - Processing /home/airflow/.local/lib/python3.8/site-packages/airflow/example_dags/example_branch_operator.py took 0.278 seconds
[2025-11-10T12:22:15.121+0000] {processor.py:161} INFO - Started process (PID=150) to work on /home/airflow/.local/lib/python3.8/site-packages/airflow/example_dags/example_branch_operator.py
[2025-11-10T12:22:15.123+0000] {processor.py:830} INFO - Processing file /home/airflow/.local/lib/python3.8/site-packages/airflow/example_dags/example_branch_operator.py for tasks to queue
[2025-11-10T12:22:15.124+0000] {logging_mixin.py:188} INFO - [2025-11-10T12:22:15.124+0000] {dagbag.py:538} INFO - Filling up the DagBag from /home/airflow/.local/lib/python3.8/site-packages/airflow/example_dags/example_branch_operator.py
[2025-11-10T12:22:15.145+0000] {processor.py:840} INFO - DAG(s) 'example_branch_operator' retrieved from /home/airflow/.local/lib/python3.8/site-packages/airflow/example_dags/example_branch_operator.py
[2025-11-10T12:22:15.179+0000] {logging_mixin.py:188} INFO - [2025-11-10T12:22:15.179+0000] {dag.py:3036} INFO - Sync 1 DAGs
[2025-11-10T12:22:15.206+0000] {logging_mixin.py:188} INFO - [2025-11-10T12:22:15.206+0000] {dag.py:3823} INFO - Setting next_dagrun for example_branch_operator to 2025-11-09 00:00:00+00:00, run_after=2025-11-10 00:00:00+00:00
[2025-11-10T12:22:15.229+0000] {processor.py:183} INFO - Processing /home/airflow/.local/lib/python3.8/site-packages/airflow/example_dags/example_branch_operator.py took 0.112 seconds
[2025-11-10T12:22:46.106+0000] {processor.py:161} INFO - Started process (PID=206) to work on /home/airflow/.local/lib/python3.8/site-packages/airflow/example_dags/example_branch_operator.py
[2025-11-10T12:22:46.108+0000] {processor.py:830} INFO - Processing file /home/airflow/.local/lib/python3.8/site-packages/airflow/example_dags/example_branch_operator.py for tasks to queue
[2025-11-10T12:22:46.110+0000] {logging_mixin.py:188} INFO - [2025-11-10T12:22:46.110+0000] {dagbag.py:538} INFO - Filling up the DagBag from /home/airflow/.local/lib/python3.8/site-packages/airflow/example_dags/example_branch_operator.py
[2025-11-10T12:22:46.136+0000] {processor.py:840} INFO - DAG(s) 'example_branch_operator' retrieved from /home/airflow/.local/lib/python3.8/site-packages/airflow/example_dags/example_branch_operator.py
[2025-11-10T12:22:46.181+0000] {logging_mixin.py:188} INFO - [2025-11-10T12:22:46.181+0000] {dag.py:3036} INFO - Sync 1 DAGs
[2025-11-10T12:22:46.222+0000] {logging_mixin.py:188} INFO - [2025-11-10T12:22:46.221+0000] {dag.py:3823} INFO - Setting next_dagrun for example_branch_operator to 2025-11-09 00:00:00+00:00, run_after=2025-11-10 00:00:00+00:00
[2025-11-10T12:22:46.252+0000] {processor.py:183} INFO - Processing /home/airflow/.local/lib/python3.8/site-packages/airflow/example_dags/example_branch_operator.py took 0.150 seconds
