[2025-11-10T09:02:17.433+0000] {processor.py:161} INFO - Started process (PID=84) to work on /home/airflow/.local/lib/python3.8/site-packages/airflow/example_dags/example_dynamic_task_mapping_with_no_taskflow_operators.py
[2025-11-10T09:02:17.437+0000] {processor.py:830} INFO - Processing file /home/airflow/.local/lib/python3.8/site-packages/airflow/example_dags/example_dynamic_task_mapping_with_no_taskflow_operators.py for tasks to queue
[2025-11-10T09:02:17.452+0000] {logging_mixin.py:188} INFO - [2025-11-10T09:02:17.451+0000] {dagbag.py:538} INFO - Filling up the DagBag from /home/airflow/.local/lib/python3.8/site-packages/airflow/example_dags/example_dynamic_task_mapping_with_no_taskflow_operators.py
[2025-11-10T09:02:17.531+0000] {processor.py:840} INFO - DAG(s) 'example_dynamic_task_mapping_with_no_taskflow_operators' retrieved from /home/airflow/.local/lib/python3.8/site-packages/airflow/example_dags/example_dynamic_task_mapping_with_no_taskflow_operators.py
[2025-11-10T09:02:18.487+0000] {logging_mixin.py:188} INFO - [2025-11-10T09:02:18.476+0000] {dag.py:3036} INFO - Sync 1 DAGs
[2025-11-10T09:02:18.599+0000] {logging_mixin.py:188} INFO - [2025-11-10T09:02:18.598+0000] {dag.py:3823} INFO - Setting next_dagrun for example_dynamic_task_mapping_with_no_taskflow_operators to 2025-11-09 00:00:00+00:00, run_after=2025-11-10 00:00:00+00:00
[2025-11-10T09:02:18.744+0000] {processor.py:183} INFO - Processing /home/airflow/.local/lib/python3.8/site-packages/airflow/example_dags/example_dynamic_task_mapping_with_no_taskflow_operators.py took 1.355 seconds
[2025-11-10T09:02:49.051+0000] {processor.py:161} INFO - Started process (PID=139) to work on /home/airflow/.local/lib/python3.8/site-packages/airflow/example_dags/example_dynamic_task_mapping_with_no_taskflow_operators.py
[2025-11-10T09:02:49.055+0000] {processor.py:830} INFO - Processing file /home/airflow/.local/lib/python3.8/site-packages/airflow/example_dags/example_dynamic_task_mapping_with_no_taskflow_operators.py for tasks to queue
[2025-11-10T09:02:49.083+0000] {logging_mixin.py:188} INFO - [2025-11-10T09:02:49.081+0000] {dagbag.py:538} INFO - Filling up the DagBag from /home/airflow/.local/lib/python3.8/site-packages/airflow/example_dags/example_dynamic_task_mapping_with_no_taskflow_operators.py
[2025-11-10T09:02:49.131+0000] {processor.py:840} INFO - DAG(s) 'example_dynamic_task_mapping_with_no_taskflow_operators' retrieved from /home/airflow/.local/lib/python3.8/site-packages/airflow/example_dags/example_dynamic_task_mapping_with_no_taskflow_operators.py
[2025-11-10T09:02:49.225+0000] {logging_mixin.py:188} INFO - [2025-11-10T09:02:49.225+0000] {dag.py:3036} INFO - Sync 1 DAGs
[2025-11-10T09:02:49.314+0000] {logging_mixin.py:188} INFO - [2025-11-10T09:02:49.313+0000] {dag.py:3823} INFO - Setting next_dagrun for example_dynamic_task_mapping_with_no_taskflow_operators to 2025-11-09 00:00:00+00:00, run_after=2025-11-10 00:00:00+00:00
[2025-11-10T09:02:49.436+0000] {processor.py:183} INFO - Processing /home/airflow/.local/lib/python3.8/site-packages/airflow/example_dags/example_dynamic_task_mapping_with_no_taskflow_operators.py took 0.397 seconds
[2025-11-10T09:19:48.701+0000] {processor.py:161} INFO - Started process (PID=79) to work on /home/airflow/.local/lib/python3.8/site-packages/airflow/example_dags/example_dynamic_task_mapping_with_no_taskflow_operators.py
[2025-11-10T09:19:48.704+0000] {processor.py:830} INFO - Processing file /home/airflow/.local/lib/python3.8/site-packages/airflow/example_dags/example_dynamic_task_mapping_with_no_taskflow_operators.py for tasks to queue
[2025-11-10T09:19:48.706+0000] {logging_mixin.py:188} INFO - [2025-11-10T09:19:48.706+0000] {dagbag.py:538} INFO - Filling up the DagBag from /home/airflow/.local/lib/python3.8/site-packages/airflow/example_dags/example_dynamic_task_mapping_with_no_taskflow_operators.py
[2025-11-10T09:19:48.723+0000] {processor.py:840} INFO - DAG(s) 'example_dynamic_task_mapping_with_no_taskflow_operators' retrieved from /home/airflow/.local/lib/python3.8/site-packages/airflow/example_dags/example_dynamic_task_mapping_with_no_taskflow_operators.py
[2025-11-10T09:19:48.770+0000] {logging_mixin.py:188} INFO - [2025-11-10T09:19:48.769+0000] {dag.py:3036} INFO - Sync 1 DAGs
[2025-11-10T09:19:48.809+0000] {logging_mixin.py:188} INFO - [2025-11-10T09:19:48.809+0000] {dag.py:3823} INFO - Setting next_dagrun for example_dynamic_task_mapping_with_no_taskflow_operators to 2025-11-09 00:00:00+00:00, run_after=2025-11-10 00:00:00+00:00
[2025-11-10T09:19:48.840+0000] {processor.py:183} INFO - Processing /home/airflow/.local/lib/python3.8/site-packages/airflow/example_dags/example_dynamic_task_mapping_with_no_taskflow_operators.py took 0.146 seconds
[2025-11-10T12:21:40.948+0000] {processor.py:161} INFO - Started process (PID=67) to work on /home/airflow/.local/lib/python3.8/site-packages/airflow/example_dags/example_dynamic_task_mapping_with_no_taskflow_operators.py
[2025-11-10T12:21:40.949+0000] {processor.py:830} INFO - Processing file /home/airflow/.local/lib/python3.8/site-packages/airflow/example_dags/example_dynamic_task_mapping_with_no_taskflow_operators.py for tasks to queue
[2025-11-10T12:21:40.951+0000] {logging_mixin.py:188} INFO - [2025-11-10T12:21:40.950+0000] {dagbag.py:538} INFO - Filling up the DagBag from /home/airflow/.local/lib/python3.8/site-packages/airflow/example_dags/example_dynamic_task_mapping_with_no_taskflow_operators.py
[2025-11-10T12:21:40.959+0000] {processor.py:840} INFO - DAG(s) 'example_dynamic_task_mapping_with_no_taskflow_operators' retrieved from /home/airflow/.local/lib/python3.8/site-packages/airflow/example_dags/example_dynamic_task_mapping_with_no_taskflow_operators.py
[2025-11-10T12:21:40.987+0000] {logging_mixin.py:188} INFO - [2025-11-10T12:21:40.987+0000] {dag.py:3036} INFO - Sync 1 DAGs
[2025-11-10T12:21:41.040+0000] {logging_mixin.py:188} INFO - [2025-11-10T12:21:41.040+0000] {dag.py:3823} INFO - Setting next_dagrun for example_dynamic_task_mapping_with_no_taskflow_operators to 2025-11-09 00:00:00+00:00, run_after=2025-11-10 00:00:00+00:00
[2025-11-10T12:21:41.062+0000] {processor.py:183} INFO - Processing /home/airflow/.local/lib/python3.8/site-packages/airflow/example_dags/example_dynamic_task_mapping_with_no_taskflow_operators.py took 0.118 seconds
[2025-11-10T12:22:11.591+0000] {processor.py:161} INFO - Started process (PID=128) to work on /home/airflow/.local/lib/python3.8/site-packages/airflow/example_dags/example_dynamic_task_mapping_with_no_taskflow_operators.py
[2025-11-10T12:22:11.593+0000] {processor.py:830} INFO - Processing file /home/airflow/.local/lib/python3.8/site-packages/airflow/example_dags/example_dynamic_task_mapping_with_no_taskflow_operators.py for tasks to queue
[2025-11-10T12:22:11.594+0000] {logging_mixin.py:188} INFO - [2025-11-10T12:22:11.594+0000] {dagbag.py:538} INFO - Filling up the DagBag from /home/airflow/.local/lib/python3.8/site-packages/airflow/example_dags/example_dynamic_task_mapping_with_no_taskflow_operators.py
[2025-11-10T12:22:11.601+0000] {processor.py:840} INFO - DAG(s) 'example_dynamic_task_mapping_with_no_taskflow_operators' retrieved from /home/airflow/.local/lib/python3.8/site-packages/airflow/example_dags/example_dynamic_task_mapping_with_no_taskflow_operators.py
[2025-11-10T12:22:11.624+0000] {logging_mixin.py:188} INFO - [2025-11-10T12:22:11.624+0000] {dag.py:3036} INFO - Sync 1 DAGs
[2025-11-10T12:22:11.656+0000] {logging_mixin.py:188} INFO - [2025-11-10T12:22:11.656+0000] {dag.py:3823} INFO - Setting next_dagrun for example_dynamic_task_mapping_with_no_taskflow_operators to 2025-11-09 00:00:00+00:00, run_after=2025-11-10 00:00:00+00:00
[2025-11-10T12:22:11.683+0000] {processor.py:183} INFO - Processing /home/airflow/.local/lib/python3.8/site-packages/airflow/example_dags/example_dynamic_task_mapping_with_no_taskflow_operators.py took 0.095 seconds
[2025-11-10T12:22:42.435+0000] {processor.py:161} INFO - Started process (PID=184) to work on /home/airflow/.local/lib/python3.8/site-packages/airflow/example_dags/example_dynamic_task_mapping_with_no_taskflow_operators.py
[2025-11-10T12:22:42.450+0000] {processor.py:830} INFO - Processing file /home/airflow/.local/lib/python3.8/site-packages/airflow/example_dags/example_dynamic_task_mapping_with_no_taskflow_operators.py for tasks to queue
[2025-11-10T12:22:42.457+0000] {logging_mixin.py:188} INFO - [2025-11-10T12:22:42.456+0000] {dagbag.py:538} INFO - Filling up the DagBag from /home/airflow/.local/lib/python3.8/site-packages/airflow/example_dags/example_dynamic_task_mapping_with_no_taskflow_operators.py
[2025-11-10T12:22:42.488+0000] {processor.py:840} INFO - DAG(s) 'example_dynamic_task_mapping_with_no_taskflow_operators' retrieved from /home/airflow/.local/lib/python3.8/site-packages/airflow/example_dags/example_dynamic_task_mapping_with_no_taskflow_operators.py
[2025-11-10T12:22:42.616+0000] {logging_mixin.py:188} INFO - [2025-11-10T12:22:42.615+0000] {dag.py:3036} INFO - Sync 1 DAGs
[2025-11-10T12:22:42.738+0000] {logging_mixin.py:188} INFO - [2025-11-10T12:22:42.735+0000] {dag.py:3823} INFO - Setting next_dagrun for example_dynamic_task_mapping_with_no_taskflow_operators to 2025-11-09 00:00:00+00:00, run_after=2025-11-10 00:00:00+00:00
[2025-11-10T12:22:42.894+0000] {processor.py:183} INFO - Processing /home/airflow/.local/lib/python3.8/site-packages/airflow/example_dags/example_dynamic_task_mapping_with_no_taskflow_operators.py took 0.493 seconds
