[2025-11-10T09:02:30.311+0000] {processor.py:161} INFO - Started process (PID=115) to work on /home/airflow/.local/lib/python3.8/site-packages/airflow/example_dags/example_short_circuit_operator.py
[2025-11-10T09:02:30.312+0000] {processor.py:830} INFO - Processing file /home/airflow/.local/lib/python3.8/site-packages/airflow/example_dags/example_short_circuit_operator.py for tasks to queue
[2025-11-10T09:02:30.314+0000] {logging_mixin.py:188} INFO - [2025-11-10T09:02:30.314+0000] {dagbag.py:538} INFO - Filling up the DagBag from /home/airflow/.local/lib/python3.8/site-packages/airflow/example_dags/example_short_circuit_operator.py
[2025-11-10T09:02:30.330+0000] {processor.py:840} INFO - DAG(s) 'example_short_circuit_operator' retrieved from /home/airflow/.local/lib/python3.8/site-packages/airflow/example_dags/example_short_circuit_operator.py
[2025-11-10T09:02:30.629+0000] {logging_mixin.py:188} INFO - [2025-11-10T09:02:30.629+0000] {dag.py:3036} INFO - Sync 1 DAGs
[2025-11-10T09:02:30.667+0000] {logging_mixin.py:188} INFO - [2025-11-10T09:02:30.666+0000] {dag.py:3823} INFO - Setting next_dagrun for example_short_circuit_operator to 2025-11-09 00:00:00+00:00, run_after=2025-11-10 00:00:00+00:00
[2025-11-10T09:02:30.711+0000] {processor.py:183} INFO - Processing /home/airflow/.local/lib/python3.8/site-packages/airflow/example_dags/example_short_circuit_operator.py took 0.405 seconds
[2025-11-10T09:03:01.443+0000] {processor.py:161} INFO - Started process (PID=170) to work on /home/airflow/.local/lib/python3.8/site-packages/airflow/example_dags/example_short_circuit_operator.py
[2025-11-10T09:03:01.446+0000] {processor.py:830} INFO - Processing file /home/airflow/.local/lib/python3.8/site-packages/airflow/example_dags/example_short_circuit_operator.py for tasks to queue
[2025-11-10T09:03:01.451+0000] {logging_mixin.py:188} INFO - [2025-11-10T09:03:01.450+0000] {dagbag.py:538} INFO - Filling up the DagBag from /home/airflow/.local/lib/python3.8/site-packages/airflow/example_dags/example_short_circuit_operator.py
[2025-11-10T09:03:01.474+0000] {processor.py:840} INFO - DAG(s) 'example_short_circuit_operator' retrieved from /home/airflow/.local/lib/python3.8/site-packages/airflow/example_dags/example_short_circuit_operator.py
[2025-11-10T09:03:01.544+0000] {logging_mixin.py:188} INFO - [2025-11-10T09:03:01.544+0000] {dag.py:3036} INFO - Sync 1 DAGs
[2025-11-10T09:03:01.601+0000] {logging_mixin.py:188} INFO - [2025-11-10T09:03:01.600+0000] {dag.py:3823} INFO - Setting next_dagrun for example_short_circuit_operator to 2025-11-09 00:00:00+00:00, run_after=2025-11-10 00:00:00+00:00
[2025-11-10T09:03:01.639+0000] {processor.py:183} INFO - Processing /home/airflow/.local/lib/python3.8/site-packages/airflow/example_dags/example_short_circuit_operator.py took 0.209 seconds
[2025-11-10T09:19:53.950+0000] {processor.py:161} INFO - Started process (PID=110) to work on /home/airflow/.local/lib/python3.8/site-packages/airflow/example_dags/example_short_circuit_operator.py
[2025-11-10T09:19:53.952+0000] {processor.py:830} INFO - Processing file /home/airflow/.local/lib/python3.8/site-packages/airflow/example_dags/example_short_circuit_operator.py for tasks to queue
[2025-11-10T09:19:53.955+0000] {logging_mixin.py:188} INFO - [2025-11-10T09:19:53.954+0000] {dagbag.py:538} INFO - Filling up the DagBag from /home/airflow/.local/lib/python3.8/site-packages/airflow/example_dags/example_short_circuit_operator.py
[2025-11-10T09:19:53.966+0000] {processor.py:840} INFO - DAG(s) 'example_short_circuit_operator' retrieved from /home/airflow/.local/lib/python3.8/site-packages/airflow/example_dags/example_short_circuit_operator.py
[2025-11-10T09:19:54.005+0000] {logging_mixin.py:188} INFO - [2025-11-10T09:19:54.005+0000] {dag.py:3036} INFO - Sync 1 DAGs
[2025-11-10T09:19:54.041+0000] {logging_mixin.py:188} INFO - [2025-11-10T09:19:54.040+0000] {dag.py:3823} INFO - Setting next_dagrun for example_short_circuit_operator to 2025-11-09 00:00:00+00:00, run_after=2025-11-10 00:00:00+00:00
[2025-11-10T09:19:54.074+0000] {processor.py:183} INFO - Processing /home/airflow/.local/lib/python3.8/site-packages/airflow/example_dags/example_short_circuit_operator.py took 0.129 seconds
[2025-11-10T12:21:45.945+0000] {processor.py:161} INFO - Started process (PID=104) to work on /home/airflow/.local/lib/python3.8/site-packages/airflow/example_dags/example_short_circuit_operator.py
[2025-11-10T12:21:45.946+0000] {processor.py:830} INFO - Processing file /home/airflow/.local/lib/python3.8/site-packages/airflow/example_dags/example_short_circuit_operator.py for tasks to queue
[2025-11-10T12:21:45.949+0000] {logging_mixin.py:188} INFO - [2025-11-10T12:21:45.948+0000] {dagbag.py:538} INFO - Filling up the DagBag from /home/airflow/.local/lib/python3.8/site-packages/airflow/example_dags/example_short_circuit_operator.py
[2025-11-10T12:21:45.961+0000] {processor.py:840} INFO - DAG(s) 'example_short_circuit_operator' retrieved from /home/airflow/.local/lib/python3.8/site-packages/airflow/example_dags/example_short_circuit_operator.py
[2025-11-10T12:21:46.007+0000] {logging_mixin.py:188} INFO - [2025-11-10T12:21:46.006+0000] {dag.py:3036} INFO - Sync 1 DAGs
[2025-11-10T12:21:46.059+0000] {logging_mixin.py:188} INFO - [2025-11-10T12:21:46.059+0000] {dag.py:3823} INFO - Setting next_dagrun for example_short_circuit_operator to 2025-11-09 00:00:00+00:00, run_after=2025-11-10 00:00:00+00:00
[2025-11-10T12:21:46.088+0000] {processor.py:183} INFO - Processing /home/airflow/.local/lib/python3.8/site-packages/airflow/example_dags/example_short_circuit_operator.py took 0.149 seconds
[2025-11-10T12:22:16.721+0000] {processor.py:161} INFO - Started process (PID=159) to work on /home/airflow/.local/lib/python3.8/site-packages/airflow/example_dags/example_short_circuit_operator.py
[2025-11-10T12:22:16.723+0000] {processor.py:830} INFO - Processing file /home/airflow/.local/lib/python3.8/site-packages/airflow/example_dags/example_short_circuit_operator.py for tasks to queue
[2025-11-10T12:22:16.725+0000] {logging_mixin.py:188} INFO - [2025-11-10T12:22:16.725+0000] {dagbag.py:538} INFO - Filling up the DagBag from /home/airflow/.local/lib/python3.8/site-packages/airflow/example_dags/example_short_circuit_operator.py
[2025-11-10T12:22:16.735+0000] {processor.py:840} INFO - DAG(s) 'example_short_circuit_operator' retrieved from /home/airflow/.local/lib/python3.8/site-packages/airflow/example_dags/example_short_circuit_operator.py
[2025-11-10T12:22:16.766+0000] {logging_mixin.py:188} INFO - [2025-11-10T12:22:16.766+0000] {dag.py:3036} INFO - Sync 1 DAGs
[2025-11-10T12:22:16.795+0000] {logging_mixin.py:188} INFO - [2025-11-10T12:22:16.794+0000] {dag.py:3823} INFO - Setting next_dagrun for example_short_circuit_operator to 2025-11-09 00:00:00+00:00, run_after=2025-11-10 00:00:00+00:00
[2025-11-10T12:22:16.820+0000] {processor.py:183} INFO - Processing /home/airflow/.local/lib/python3.8/site-packages/airflow/example_dags/example_short_circuit_operator.py took 0.102 seconds
[2025-11-10T12:22:47.743+0000] {processor.py:161} INFO - Started process (PID=215) to work on /home/airflow/.local/lib/python3.8/site-packages/airflow/example_dags/example_short_circuit_operator.py
[2025-11-10T12:22:47.745+0000] {processor.py:830} INFO - Processing file /home/airflow/.local/lib/python3.8/site-packages/airflow/example_dags/example_short_circuit_operator.py for tasks to queue
[2025-11-10T12:22:47.747+0000] {logging_mixin.py:188} INFO - [2025-11-10T12:22:47.747+0000] {dagbag.py:538} INFO - Filling up the DagBag from /home/airflow/.local/lib/python3.8/site-packages/airflow/example_dags/example_short_circuit_operator.py
[2025-11-10T12:22:47.761+0000] {processor.py:840} INFO - DAG(s) 'example_short_circuit_operator' retrieved from /home/airflow/.local/lib/python3.8/site-packages/airflow/example_dags/example_short_circuit_operator.py
[2025-11-10T12:22:47.820+0000] {logging_mixin.py:188} INFO - [2025-11-10T12:22:47.819+0000] {dag.py:3036} INFO - Sync 1 DAGs
[2025-11-10T12:22:47.866+0000] {logging_mixin.py:188} INFO - [2025-11-10T12:22:47.866+0000] {dag.py:3823} INFO - Setting next_dagrun for example_short_circuit_operator to 2025-11-09 00:00:00+00:00, run_after=2025-11-10 00:00:00+00:00
[2025-11-10T12:22:47.906+0000] {processor.py:183} INFO - Processing /home/airflow/.local/lib/python3.8/site-packages/airflow/example_dags/example_short_circuit_operator.py took 0.169 seconds
