[2025-11-10T09:02:21.698+0000] {processor.py:161} INFO - Started process (PID=92) to work on /home/airflow/.local/lib/python3.8/site-packages/airflow/example_dags/example_bash_operator.py
[2025-11-10T09:02:21.701+0000] {processor.py:830} INFO - Processing file /home/airflow/.local/lib/python3.8/site-packages/airflow/example_dags/example_bash_operator.py for tasks to queue
[2025-11-10T09:02:21.705+0000] {logging_mixin.py:188} INFO - [2025-11-10T09:02:21.704+0000] {dagbag.py:538} INFO - Filling up the DagBag from /home/airflow/.local/lib/python3.8/site-packages/airflow/example_dags/example_bash_operator.py
[2025-11-10T09:02:21.744+0000] {processor.py:840} INFO - DAG(s) 'example_bash_operator' retrieved from /home/airflow/.local/lib/python3.8/site-packages/airflow/example_dags/example_bash_operator.py
[2025-11-10T09:02:22.160+0000] {logging_mixin.py:188} INFO - [2025-11-10T09:02:22.160+0000] {dag.py:3036} INFO - Sync 1 DAGs
[2025-11-10T09:02:22.243+0000] {logging_mixin.py:188} INFO - [2025-11-10T09:02:22.242+0000] {dag.py:3823} INFO - Setting next_dagrun for example_bash_operator to 2025-11-09 00:00:00+00:00, run_after=2025-11-10 00:00:00+00:00
[2025-11-10T09:02:22.332+0000] {processor.py:183} INFO - Processing /home/airflow/.local/lib/python3.8/site-packages/airflow/example_dags/example_bash_operator.py took 0.645 seconds
[2025-11-10T09:02:52.458+0000] {processor.py:161} INFO - Started process (PID=147) to work on /home/airflow/.local/lib/python3.8/site-packages/airflow/example_dags/example_bash_operator.py
[2025-11-10T09:02:52.460+0000] {processor.py:830} INFO - Processing file /home/airflow/.local/lib/python3.8/site-packages/airflow/example_dags/example_bash_operator.py for tasks to queue
[2025-11-10T09:02:52.464+0000] {logging_mixin.py:188} INFO - [2025-11-10T09:02:52.463+0000] {dagbag.py:538} INFO - Filling up the DagBag from /home/airflow/.local/lib/python3.8/site-packages/airflow/example_dags/example_bash_operator.py
[2025-11-10T09:02:52.493+0000] {processor.py:840} INFO - DAG(s) 'example_bash_operator' retrieved from /home/airflow/.local/lib/python3.8/site-packages/airflow/example_dags/example_bash_operator.py
[2025-11-10T09:02:52.588+0000] {logging_mixin.py:188} INFO - [2025-11-10T09:02:52.588+0000] {dag.py:3036} INFO - Sync 1 DAGs
[2025-11-10T09:02:52.629+0000] {logging_mixin.py:188} INFO - [2025-11-10T09:02:52.629+0000] {dag.py:3823} INFO - Setting next_dagrun for example_bash_operator to 2025-11-09 00:00:00+00:00, run_after=2025-11-10 00:00:00+00:00
[2025-11-10T09:02:52.669+0000] {processor.py:183} INFO - Processing /home/airflow/.local/lib/python3.8/site-packages/airflow/example_dags/example_bash_operator.py took 0.218 seconds
[2025-11-10T09:19:49.750+0000] {processor.py:161} INFO - Started process (PID=87) to work on /home/airflow/.local/lib/python3.8/site-packages/airflow/example_dags/example_bash_operator.py
[2025-11-10T09:19:49.752+0000] {processor.py:830} INFO - Processing file /home/airflow/.local/lib/python3.8/site-packages/airflow/example_dags/example_bash_operator.py for tasks to queue
[2025-11-10T09:19:49.755+0000] {logging_mixin.py:188} INFO - [2025-11-10T09:19:49.755+0000] {dagbag.py:538} INFO - Filling up the DagBag from /home/airflow/.local/lib/python3.8/site-packages/airflow/example_dags/example_bash_operator.py
[2025-11-10T09:19:49.778+0000] {processor.py:840} INFO - DAG(s) 'example_bash_operator' retrieved from /home/airflow/.local/lib/python3.8/site-packages/airflow/example_dags/example_bash_operator.py
[2025-11-10T09:19:49.863+0000] {logging_mixin.py:188} INFO - [2025-11-10T09:19:49.863+0000] {dag.py:3036} INFO - Sync 1 DAGs
[2025-11-10T09:19:49.958+0000] {logging_mixin.py:188} INFO - [2025-11-10T09:19:49.958+0000] {dag.py:3823} INFO - Setting next_dagrun for example_bash_operator to 2025-11-09 00:00:00+00:00, run_after=2025-11-10 00:00:00+00:00
[2025-11-10T09:19:50.012+0000] {processor.py:183} INFO - Processing /home/airflow/.local/lib/python3.8/site-packages/airflow/example_dags/example_bash_operator.py took 0.269 seconds
[2025-11-10T12:21:42.576+0000] {processor.py:161} INFO - Started process (PID=81) to work on /home/airflow/.local/lib/python3.8/site-packages/airflow/example_dags/example_bash_operator.py
[2025-11-10T12:21:42.579+0000] {processor.py:830} INFO - Processing file /home/airflow/.local/lib/python3.8/site-packages/airflow/example_dags/example_bash_operator.py for tasks to queue
[2025-11-10T12:21:42.583+0000] {logging_mixin.py:188} INFO - [2025-11-10T12:21:42.582+0000] {dagbag.py:538} INFO - Filling up the DagBag from /home/airflow/.local/lib/python3.8/site-packages/airflow/example_dags/example_bash_operator.py
[2025-11-10T12:21:42.650+0000] {processor.py:840} INFO - DAG(s) 'example_bash_operator' retrieved from /home/airflow/.local/lib/python3.8/site-packages/airflow/example_dags/example_bash_operator.py
[2025-11-10T12:21:42.828+0000] {logging_mixin.py:188} INFO - [2025-11-10T12:21:42.827+0000] {dag.py:3036} INFO - Sync 1 DAGs
[2025-11-10T12:21:42.943+0000] {logging_mixin.py:188} INFO - [2025-11-10T12:21:42.942+0000] {dag.py:3823} INFO - Setting next_dagrun for example_bash_operator to 2025-11-09 00:00:00+00:00, run_after=2025-11-10 00:00:00+00:00
[2025-11-10T12:21:43.025+0000] {processor.py:183} INFO - Processing /home/airflow/.local/lib/python3.8/site-packages/airflow/example_dags/example_bash_operator.py took 0.478 seconds
[2025-11-10T12:22:13.510+0000] {processor.py:161} INFO - Started process (PID=136) to work on /home/airflow/.local/lib/python3.8/site-packages/airflow/example_dags/example_bash_operator.py
[2025-11-10T12:22:13.512+0000] {processor.py:830} INFO - Processing file /home/airflow/.local/lib/python3.8/site-packages/airflow/example_dags/example_bash_operator.py for tasks to queue
[2025-11-10T12:22:13.514+0000] {logging_mixin.py:188} INFO - [2025-11-10T12:22:13.513+0000] {dagbag.py:538} INFO - Filling up the DagBag from /home/airflow/.local/lib/python3.8/site-packages/airflow/example_dags/example_bash_operator.py
[2025-11-10T12:22:13.528+0000] {processor.py:840} INFO - DAG(s) 'example_bash_operator' retrieved from /home/airflow/.local/lib/python3.8/site-packages/airflow/example_dags/example_bash_operator.py
[2025-11-10T12:22:13.565+0000] {logging_mixin.py:188} INFO - [2025-11-10T12:22:13.565+0000] {dag.py:3036} INFO - Sync 1 DAGs
[2025-11-10T12:22:13.591+0000] {logging_mixin.py:188} INFO - [2025-11-10T12:22:13.591+0000] {dag.py:3823} INFO - Setting next_dagrun for example_bash_operator to 2025-11-09 00:00:00+00:00, run_after=2025-11-10 00:00:00+00:00
[2025-11-10T12:22:13.612+0000] {processor.py:183} INFO - Processing /home/airflow/.local/lib/python3.8/site-packages/airflow/example_dags/example_bash_operator.py took 0.105 seconds
[2025-11-10T12:22:44.402+0000] {processor.py:161} INFO - Started process (PID=192) to work on /home/airflow/.local/lib/python3.8/site-packages/airflow/example_dags/example_bash_operator.py
[2025-11-10T12:22:44.409+0000] {processor.py:830} INFO - Processing file /home/airflow/.local/lib/python3.8/site-packages/airflow/example_dags/example_bash_operator.py for tasks to queue
[2025-11-10T12:22:44.418+0000] {logging_mixin.py:188} INFO - [2025-11-10T12:22:44.417+0000] {dagbag.py:538} INFO - Filling up the DagBag from /home/airflow/.local/lib/python3.8/site-packages/airflow/example_dags/example_bash_operator.py
[2025-11-10T12:22:44.458+0000] {processor.py:840} INFO - DAG(s) 'example_bash_operator' retrieved from /home/airflow/.local/lib/python3.8/site-packages/airflow/example_dags/example_bash_operator.py
[2025-11-10T12:22:44.555+0000] {logging_mixin.py:188} INFO - [2025-11-10T12:22:44.555+0000] {dag.py:3036} INFO - Sync 1 DAGs
[2025-11-10T12:22:44.619+0000] {logging_mixin.py:188} INFO - [2025-11-10T12:22:44.618+0000] {dag.py:3823} INFO - Setting next_dagrun for example_bash_operator to 2025-11-09 00:00:00+00:00, run_after=2025-11-10 00:00:00+00:00
[2025-11-10T12:22:44.661+0000] {processor.py:183} INFO - Processing /home/airflow/.local/lib/python3.8/site-packages/airflow/example_dags/example_bash_operator.py took 0.274 seconds
