[2025-11-10T09:02:16.244+0000] {processor.py:161} INFO - Started process (PID=82) to work on /home/airflow/.local/lib/python3.8/site-packages/airflow/example_dags/example_latest_only_with_trigger.py
[2025-11-10T09:02:16.247+0000] {processor.py:830} INFO - Processing file /home/airflow/.local/lib/python3.8/site-packages/airflow/example_dags/example_latest_only_with_trigger.py for tasks to queue
[2025-11-10T09:02:16.259+0000] {logging_mixin.py:188} INFO - [2025-11-10T09:02:16.256+0000] {dagbag.py:538} INFO - Filling up the DagBag from /home/airflow/.local/lib/python3.8/site-packages/airflow/example_dags/example_latest_only_with_trigger.py
[2025-11-10T09:02:16.314+0000] {processor.py:840} INFO - DAG(s) 'latest_only_with_trigger' retrieved from /home/airflow/.local/lib/python3.8/site-packages/airflow/example_dags/example_latest_only_with_trigger.py
[2025-11-10T09:02:17.018+0000] {logging_mixin.py:188} INFO - [2025-11-10T09:02:17.018+0000] {dag.py:3036} INFO - Sync 1 DAGs
[2025-11-10T09:02:17.132+0000] {logging_mixin.py:188} INFO - [2025-11-10T09:02:17.131+0000] {dag.py:3823} INFO - Setting next_dagrun for latest_only_with_trigger to 2025-11-10 04:00:00+00:00, run_after=2025-11-10 08:00:00+00:00
[2025-11-10T09:02:17.276+0000] {processor.py:183} INFO - Processing /home/airflow/.local/lib/python3.8/site-packages/airflow/example_dags/example_latest_only_with_trigger.py took 1.052 seconds
[2025-11-10T09:02:47.501+0000] {processor.py:161} INFO - Started process (PID=137) to work on /home/airflow/.local/lib/python3.8/site-packages/airflow/example_dags/example_latest_only_with_trigger.py
[2025-11-10T09:02:47.508+0000] {processor.py:830} INFO - Processing file /home/airflow/.local/lib/python3.8/site-packages/airflow/example_dags/example_latest_only_with_trigger.py for tasks to queue
[2025-11-10T09:02:47.522+0000] {logging_mixin.py:188} INFO - [2025-11-10T09:02:47.521+0000] {dagbag.py:538} INFO - Filling up the DagBag from /home/airflow/.local/lib/python3.8/site-packages/airflow/example_dags/example_latest_only_with_trigger.py
[2025-11-10T09:02:47.601+0000] {processor.py:840} INFO - DAG(s) 'latest_only_with_trigger' retrieved from /home/airflow/.local/lib/python3.8/site-packages/airflow/example_dags/example_latest_only_with_trigger.py
[2025-11-10T09:02:47.730+0000] {logging_mixin.py:188} INFO - [2025-11-10T09:02:47.729+0000] {dag.py:3036} INFO - Sync 1 DAGs
[2025-11-10T09:02:47.885+0000] {logging_mixin.py:188} INFO - [2025-11-10T09:02:47.884+0000] {dag.py:3823} INFO - Setting next_dagrun for latest_only_with_trigger to 2025-11-10 04:00:00+00:00, run_after=2025-11-10 08:00:00+00:00
[2025-11-10T09:02:47.963+0000] {processor.py:183} INFO - Processing /home/airflow/.local/lib/python3.8/site-packages/airflow/example_dags/example_latest_only_with_trigger.py took 0.481 seconds
[2025-11-10T09:19:48.558+0000] {processor.py:161} INFO - Started process (PID=77) to work on /home/airflow/.local/lib/python3.8/site-packages/airflow/example_dags/example_latest_only_with_trigger.py
[2025-11-10T09:19:48.560+0000] {processor.py:830} INFO - Processing file /home/airflow/.local/lib/python3.8/site-packages/airflow/example_dags/example_latest_only_with_trigger.py for tasks to queue
[2025-11-10T09:19:48.562+0000] {logging_mixin.py:188} INFO - [2025-11-10T09:19:48.562+0000] {dagbag.py:538} INFO - Filling up the DagBag from /home/airflow/.local/lib/python3.8/site-packages/airflow/example_dags/example_latest_only_with_trigger.py
[2025-11-10T09:19:48.576+0000] {processor.py:840} INFO - DAG(s) 'latest_only_with_trigger' retrieved from /home/airflow/.local/lib/python3.8/site-packages/airflow/example_dags/example_latest_only_with_trigger.py
[2025-11-10T09:19:48.610+0000] {logging_mixin.py:188} INFO - [2025-11-10T09:19:48.609+0000] {dag.py:3036} INFO - Sync 1 DAGs
[2025-11-10T09:19:48.639+0000] {logging_mixin.py:188} INFO - [2025-11-10T09:19:48.639+0000] {dag.py:3823} INFO - Setting next_dagrun for latest_only_with_trigger to 2025-11-10 04:00:00+00:00, run_after=2025-11-10 08:00:00+00:00
[2025-11-10T09:19:48.663+0000] {processor.py:183} INFO - Processing /home/airflow/.local/lib/python3.8/site-packages/airflow/example_dags/example_latest_only_with_trigger.py took 0.110 seconds
[2025-11-10T12:21:40.740+0000] {processor.py:161} INFO - Started process (PID=65) to work on /home/airflow/.local/lib/python3.8/site-packages/airflow/example_dags/example_latest_only_with_trigger.py
[2025-11-10T12:21:40.742+0000] {processor.py:830} INFO - Processing file /home/airflow/.local/lib/python3.8/site-packages/airflow/example_dags/example_latest_only_with_trigger.py for tasks to queue
[2025-11-10T12:21:40.746+0000] {logging_mixin.py:188} INFO - [2025-11-10T12:21:40.745+0000] {dagbag.py:538} INFO - Filling up the DagBag from /home/airflow/.local/lib/python3.8/site-packages/airflow/example_dags/example_latest_only_with_trigger.py
[2025-11-10T12:21:40.768+0000] {processor.py:840} INFO - DAG(s) 'latest_only_with_trigger' retrieved from /home/airflow/.local/lib/python3.8/site-packages/airflow/example_dags/example_latest_only_with_trigger.py
[2025-11-10T12:21:40.815+0000] {logging_mixin.py:188} INFO - [2025-11-10T12:21:40.814+0000] {dag.py:3036} INFO - Sync 1 DAGs
[2025-11-10T12:21:40.875+0000] {logging_mixin.py:188} INFO - [2025-11-10T12:21:40.875+0000] {dag.py:3823} INFO - Setting next_dagrun for latest_only_with_trigger to 2025-11-10 08:00:00+00:00, run_after=2025-11-10 12:00:00+00:00
[2025-11-10T12:21:40.920+0000] {processor.py:183} INFO - Processing /home/airflow/.local/lib/python3.8/site-packages/airflow/example_dags/example_latest_only_with_trigger.py took 0.186 seconds
[2025-11-10T12:22:11.475+0000] {processor.py:161} INFO - Started process (PID=126) to work on /home/airflow/.local/lib/python3.8/site-packages/airflow/example_dags/example_latest_only_with_trigger.py
[2025-11-10T12:22:11.477+0000] {processor.py:830} INFO - Processing file /home/airflow/.local/lib/python3.8/site-packages/airflow/example_dags/example_latest_only_with_trigger.py for tasks to queue
[2025-11-10T12:22:11.479+0000] {logging_mixin.py:188} INFO - [2025-11-10T12:22:11.479+0000] {dagbag.py:538} INFO - Filling up the DagBag from /home/airflow/.local/lib/python3.8/site-packages/airflow/example_dags/example_latest_only_with_trigger.py
[2025-11-10T12:22:11.487+0000] {processor.py:840} INFO - DAG(s) 'latest_only_with_trigger' retrieved from /home/airflow/.local/lib/python3.8/site-packages/airflow/example_dags/example_latest_only_with_trigger.py
[2025-11-10T12:22:11.521+0000] {logging_mixin.py:188} INFO - [2025-11-10T12:22:11.520+0000] {dag.py:3036} INFO - Sync 1 DAGs
[2025-11-10T12:22:11.544+0000] {logging_mixin.py:188} INFO - [2025-11-10T12:22:11.544+0000] {dag.py:3823} INFO - Setting next_dagrun for latest_only_with_trigger to 2025-11-10 08:00:00+00:00, run_after=2025-11-10 12:00:00+00:00
[2025-11-10T12:22:11.565+0000] {processor.py:183} INFO - Processing /home/airflow/.local/lib/python3.8/site-packages/airflow/example_dags/example_latest_only_with_trigger.py took 0.095 seconds
[2025-11-10T12:22:41.927+0000] {processor.py:161} INFO - Started process (PID=182) to work on /home/airflow/.local/lib/python3.8/site-packages/airflow/example_dags/example_latest_only_with_trigger.py
[2025-11-10T12:22:41.931+0000] {processor.py:830} INFO - Processing file /home/airflow/.local/lib/python3.8/site-packages/airflow/example_dags/example_latest_only_with_trigger.py for tasks to queue
[2025-11-10T12:22:41.936+0000] {logging_mixin.py:188} INFO - [2025-11-10T12:22:41.935+0000] {dagbag.py:538} INFO - Filling up the DagBag from /home/airflow/.local/lib/python3.8/site-packages/airflow/example_dags/example_latest_only_with_trigger.py
[2025-11-10T12:22:41.955+0000] {processor.py:840} INFO - DAG(s) 'latest_only_with_trigger' retrieved from /home/airflow/.local/lib/python3.8/site-packages/airflow/example_dags/example_latest_only_with_trigger.py
[2025-11-10T12:22:42.024+0000] {logging_mixin.py:188} INFO - [2025-11-10T12:22:42.022+0000] {dag.py:3036} INFO - Sync 1 DAGs
[2025-11-10T12:22:42.173+0000] {logging_mixin.py:188} INFO - [2025-11-10T12:22:42.172+0000] {dag.py:3823} INFO - Setting next_dagrun for latest_only_with_trigger to 2025-11-10 08:00:00+00:00, run_after=2025-11-10 12:00:00+00:00
[2025-11-10T12:22:42.296+0000] {processor.py:183} INFO - Processing /home/airflow/.local/lib/python3.8/site-packages/airflow/example_dags/example_latest_only_with_trigger.py took 0.380 seconds
