[2025-11-10T09:02:17.736+0000] {processor.py:161} INFO - Started process (PID=85) to work on /home/airflow/.local/lib/python3.8/site-packages/airflow/example_dags/example_nested_branch_dag.py
[2025-11-10T09:02:17.738+0000] {processor.py:830} INFO - Processing file /home/airflow/.local/lib/python3.8/site-packages/airflow/example_dags/example_nested_branch_dag.py for tasks to queue
[2025-11-10T09:02:17.752+0000] {logging_mixin.py:188} INFO - [2025-11-10T09:02:17.752+0000] {dagbag.py:538} INFO - Filling up the DagBag from /home/airflow/.local/lib/python3.8/site-packages/airflow/example_dags/example_nested_branch_dag.py
[2025-11-10T09:02:17.830+0000] {processor.py:840} INFO - DAG(s) 'example_nested_branch_dag' retrieved from /home/airflow/.local/lib/python3.8/site-packages/airflow/example_dags/example_nested_branch_dag.py
[2025-11-10T09:02:18.689+0000] {logging_mixin.py:188} INFO - [2025-11-10T09:02:18.688+0000] {dag.py:3036} INFO - Sync 1 DAGs
[2025-11-10T09:02:18.827+0000] {logging_mixin.py:188} INFO - [2025-11-10T09:02:18.826+0000] {dag.py:3823} INFO - Setting next_dagrun for example_nested_branch_dag to 2025-11-09 00:00:00+00:00, run_after=2025-11-10 00:00:00+00:00
[2025-11-10T09:02:18.944+0000] {processor.py:183} INFO - Processing /home/airflow/.local/lib/python3.8/site-packages/airflow/example_dags/example_nested_branch_dag.py took 1.228 seconds
[2025-11-10T09:02:49.120+0000] {processor.py:161} INFO - Started process (PID=140) to work on /home/airflow/.local/lib/python3.8/site-packages/airflow/example_dags/example_nested_branch_dag.py
[2025-11-10T09:02:49.125+0000] {processor.py:830} INFO - Processing file /home/airflow/.local/lib/python3.8/site-packages/airflow/example_dags/example_nested_branch_dag.py for tasks to queue
[2025-11-10T09:02:49.134+0000] {logging_mixin.py:188} INFO - [2025-11-10T09:02:49.133+0000] {dagbag.py:538} INFO - Filling up the DagBag from /home/airflow/.local/lib/python3.8/site-packages/airflow/example_dags/example_nested_branch_dag.py
[2025-11-10T09:02:49.184+0000] {processor.py:840} INFO - DAG(s) 'example_nested_branch_dag' retrieved from /home/airflow/.local/lib/python3.8/site-packages/airflow/example_dags/example_nested_branch_dag.py
[2025-11-10T09:02:49.275+0000] {logging_mixin.py:188} INFO - [2025-11-10T09:02:49.274+0000] {dag.py:3036} INFO - Sync 1 DAGs
[2025-11-10T09:02:49.404+0000] {logging_mixin.py:188} INFO - [2025-11-10T09:02:49.403+0000] {dag.py:3823} INFO - Setting next_dagrun for example_nested_branch_dag to 2025-11-09 00:00:00+00:00, run_after=2025-11-10 00:00:00+00:00
[2025-11-10T09:02:49.483+0000] {processor.py:183} INFO - Processing /home/airflow/.local/lib/python3.8/site-packages/airflow/example_dags/example_nested_branch_dag.py took 0.381 seconds
[2025-11-10T09:19:48.867+0000] {processor.py:161} INFO - Started process (PID=80) to work on /home/airflow/.local/lib/python3.8/site-packages/airflow/example_dags/example_nested_branch_dag.py
[2025-11-10T09:19:48.869+0000] {processor.py:830} INFO - Processing file /home/airflow/.local/lib/python3.8/site-packages/airflow/example_dags/example_nested_branch_dag.py for tasks to queue
[2025-11-10T09:19:48.871+0000] {logging_mixin.py:188} INFO - [2025-11-10T09:19:48.870+0000] {dagbag.py:538} INFO - Filling up the DagBag from /home/airflow/.local/lib/python3.8/site-packages/airflow/example_dags/example_nested_branch_dag.py
[2025-11-10T09:19:48.888+0000] {processor.py:840} INFO - DAG(s) 'example_nested_branch_dag' retrieved from /home/airflow/.local/lib/python3.8/site-packages/airflow/example_dags/example_nested_branch_dag.py
[2025-11-10T09:19:48.927+0000] {logging_mixin.py:188} INFO - [2025-11-10T09:19:48.927+0000] {dag.py:3036} INFO - Sync 1 DAGs
[2025-11-10T09:19:48.956+0000] {logging_mixin.py:188} INFO - [2025-11-10T09:19:48.956+0000] {dag.py:3823} INFO - Setting next_dagrun for example_nested_branch_dag to 2025-11-09 00:00:00+00:00, run_after=2025-11-10 00:00:00+00:00
[2025-11-10T09:19:48.980+0000] {processor.py:183} INFO - Processing /home/airflow/.local/lib/python3.8/site-packages/airflow/example_dags/example_nested_branch_dag.py took 0.118 seconds
[2025-11-10T12:21:41.105+0000] {processor.py:161} INFO - Started process (PID=68) to work on /home/airflow/.local/lib/python3.8/site-packages/airflow/example_dags/example_nested_branch_dag.py
[2025-11-10T12:21:41.106+0000] {processor.py:830} INFO - Processing file /home/airflow/.local/lib/python3.8/site-packages/airflow/example_dags/example_nested_branch_dag.py for tasks to queue
[2025-11-10T12:21:41.109+0000] {logging_mixin.py:188} INFO - [2025-11-10T12:21:41.109+0000] {dagbag.py:538} INFO - Filling up the DagBag from /home/airflow/.local/lib/python3.8/site-packages/airflow/example_dags/example_nested_branch_dag.py
[2025-11-10T12:21:41.146+0000] {processor.py:840} INFO - DAG(s) 'example_nested_branch_dag' retrieved from /home/airflow/.local/lib/python3.8/site-packages/airflow/example_dags/example_nested_branch_dag.py
[2025-11-10T12:21:41.210+0000] {logging_mixin.py:188} INFO - [2025-11-10T12:21:41.210+0000] {dag.py:3036} INFO - Sync 1 DAGs
[2025-11-10T12:21:41.246+0000] {logging_mixin.py:188} INFO - [2025-11-10T12:21:41.246+0000] {dag.py:3823} INFO - Setting next_dagrun for example_nested_branch_dag to 2025-11-09 00:00:00+00:00, run_after=2025-11-10 00:00:00+00:00
[2025-11-10T12:21:41.290+0000] {processor.py:183} INFO - Processing /home/airflow/.local/lib/python3.8/site-packages/airflow/example_dags/example_nested_branch_dag.py took 0.193 seconds
[2025-11-10T12:22:11.707+0000] {processor.py:161} INFO - Started process (PID=129) to work on /home/airflow/.local/lib/python3.8/site-packages/airflow/example_dags/example_nested_branch_dag.py
[2025-11-10T12:22:11.708+0000] {processor.py:830} INFO - Processing file /home/airflow/.local/lib/python3.8/site-packages/airflow/example_dags/example_nested_branch_dag.py for tasks to queue
[2025-11-10T12:22:11.710+0000] {logging_mixin.py:188} INFO - [2025-11-10T12:22:11.710+0000] {dagbag.py:538} INFO - Filling up the DagBag from /home/airflow/.local/lib/python3.8/site-packages/airflow/example_dags/example_nested_branch_dag.py
[2025-11-10T12:22:11.722+0000] {processor.py:840} INFO - DAG(s) 'example_nested_branch_dag' retrieved from /home/airflow/.local/lib/python3.8/site-packages/airflow/example_dags/example_nested_branch_dag.py
[2025-11-10T12:22:11.749+0000] {logging_mixin.py:188} INFO - [2025-11-10T12:22:11.749+0000] {dag.py:3036} INFO - Sync 1 DAGs
[2025-11-10T12:22:11.781+0000] {logging_mixin.py:188} INFO - [2025-11-10T12:22:11.780+0000] {dag.py:3823} INFO - Setting next_dagrun for example_nested_branch_dag to 2025-11-09 00:00:00+00:00, run_after=2025-11-10 00:00:00+00:00
[2025-11-10T12:22:11.816+0000] {processor.py:183} INFO - Processing /home/airflow/.local/lib/python3.8/site-packages/airflow/example_dags/example_nested_branch_dag.py took 0.115 seconds
[2025-11-10T12:22:43.129+0000] {processor.py:161} INFO - Started process (PID=185) to work on /home/airflow/.local/lib/python3.8/site-packages/airflow/example_dags/example_nested_branch_dag.py
[2025-11-10T12:22:43.134+0000] {processor.py:830} INFO - Processing file /home/airflow/.local/lib/python3.8/site-packages/airflow/example_dags/example_nested_branch_dag.py for tasks to queue
[2025-11-10T12:22:43.139+0000] {logging_mixin.py:188} INFO - [2025-11-10T12:22:43.138+0000] {dagbag.py:538} INFO - Filling up the DagBag from /home/airflow/.local/lib/python3.8/site-packages/airflow/example_dags/example_nested_branch_dag.py
[2025-11-10T12:22:43.183+0000] {processor.py:840} INFO - DAG(s) 'example_nested_branch_dag' retrieved from /home/airflow/.local/lib/python3.8/site-packages/airflow/example_dags/example_nested_branch_dag.py
[2025-11-10T12:22:43.269+0000] {logging_mixin.py:188} INFO - [2025-11-10T12:22:43.268+0000] {dag.py:3036} INFO - Sync 1 DAGs
[2025-11-10T12:22:43.372+0000] {logging_mixin.py:188} INFO - [2025-11-10T12:22:43.371+0000] {dag.py:3823} INFO - Setting next_dagrun for example_nested_branch_dag to 2025-11-09 00:00:00+00:00, run_after=2025-11-10 00:00:00+00:00
[2025-11-10T12:22:43.444+0000] {processor.py:183} INFO - Processing /home/airflow/.local/lib/python3.8/site-packages/airflow/example_dags/example_nested_branch_dag.py took 0.325 seconds
