[2025-11-10T09:02:30.586+0000] {processor.py:161} INFO - Started process (PID=116) to work on /home/airflow/.local/lib/python3.8/site-packages/airflow/example_dags/example_latest_only.py
[2025-11-10T09:02:30.587+0000] {processor.py:830} INFO - Processing file /home/airflow/.local/lib/python3.8/site-packages/airflow/example_dags/example_latest_only.py for tasks to queue
[2025-11-10T09:02:30.591+0000] {logging_mixin.py:188} INFO - [2025-11-10T09:02:30.590+0000] {dagbag.py:538} INFO - Filling up the DagBag from /home/airflow/.local/lib/python3.8/site-packages/airflow/example_dags/example_latest_only.py
[2025-11-10T09:02:30.602+0000] {processor.py:840} INFO - DAG(s) 'latest_only' retrieved from /home/airflow/.local/lib/python3.8/site-packages/airflow/example_dags/example_latest_only.py
[2025-11-10T09:02:30.869+0000] {logging_mixin.py:188} INFO - [2025-11-10T09:02:30.867+0000] {dag.py:3036} INFO - Sync 1 DAGs
[2025-11-10T09:02:30.942+0000] {logging_mixin.py:188} INFO - [2025-11-10T09:02:30.941+0000] {dag.py:3823} INFO - Setting next_dagrun for latest_only to 2025-11-10 04:00:00+00:00, run_after=2025-11-10 08:00:00+00:00
[2025-11-10T09:02:31.001+0000] {processor.py:183} INFO - Processing /home/airflow/.local/lib/python3.8/site-packages/airflow/example_dags/example_latest_only.py took 0.427 seconds
[2025-11-10T09:03:01.669+0000] {processor.py:161} INFO - Started process (PID=171) to work on /home/airflow/.local/lib/python3.8/site-packages/airflow/example_dags/example_latest_only.py
[2025-11-10T09:03:01.671+0000] {processor.py:830} INFO - Processing file /home/airflow/.local/lib/python3.8/site-packages/airflow/example_dags/example_latest_only.py for tasks to queue
[2025-11-10T09:03:01.673+0000] {logging_mixin.py:188} INFO - [2025-11-10T09:03:01.673+0000] {dagbag.py:538} INFO - Filling up the DagBag from /home/airflow/.local/lib/python3.8/site-packages/airflow/example_dags/example_latest_only.py
[2025-11-10T09:03:01.683+0000] {processor.py:840} INFO - DAG(s) 'latest_only' retrieved from /home/airflow/.local/lib/python3.8/site-packages/airflow/example_dags/example_latest_only.py
[2025-11-10T09:03:01.715+0000] {logging_mixin.py:188} INFO - [2025-11-10T09:03:01.715+0000] {dag.py:3036} INFO - Sync 1 DAGs
[2025-11-10T09:03:01.746+0000] {logging_mixin.py:188} INFO - [2025-11-10T09:03:01.746+0000] {dag.py:3823} INFO - Setting next_dagrun for latest_only to 2025-11-10 04:00:00+00:00, run_after=2025-11-10 08:00:00+00:00
[2025-11-10T09:03:01.778+0000] {processor.py:183} INFO - Processing /home/airflow/.local/lib/python3.8/site-packages/airflow/example_dags/example_latest_only.py took 0.114 seconds
[2025-11-10T09:19:54.001+0000] {processor.py:161} INFO - Started process (PID=111) to work on /home/airflow/.local/lib/python3.8/site-packages/airflow/example_dags/example_latest_only.py
[2025-11-10T09:19:54.004+0000] {processor.py:830} INFO - Processing file /home/airflow/.local/lib/python3.8/site-packages/airflow/example_dags/example_latest_only.py for tasks to queue
[2025-11-10T09:19:54.007+0000] {logging_mixin.py:188} INFO - [2025-11-10T09:19:54.006+0000] {dagbag.py:538} INFO - Filling up the DagBag from /home/airflow/.local/lib/python3.8/site-packages/airflow/example_dags/example_latest_only.py
[2025-11-10T09:19:54.015+0000] {processor.py:840} INFO - DAG(s) 'latest_only' retrieved from /home/airflow/.local/lib/python3.8/site-packages/airflow/example_dags/example_latest_only.py
[2025-11-10T09:19:54.048+0000] {logging_mixin.py:188} INFO - [2025-11-10T09:19:54.048+0000] {dag.py:3036} INFO - Sync 1 DAGs
[2025-11-10T09:19:54.088+0000] {logging_mixin.py:188} INFO - [2025-11-10T09:19:54.088+0000] {dag.py:3823} INFO - Setting next_dagrun for latest_only to 2025-11-10 04:00:00+00:00, run_after=2025-11-10 08:00:00+00:00
[2025-11-10T09:19:54.129+0000] {processor.py:183} INFO - Processing /home/airflow/.local/lib/python3.8/site-packages/airflow/example_dags/example_latest_only.py took 0.133 seconds
[2025-11-10T12:21:46.001+0000] {processor.py:161} INFO - Started process (PID=105) to work on /home/airflow/.local/lib/python3.8/site-packages/airflow/example_dags/example_latest_only.py
[2025-11-10T12:21:46.004+0000] {processor.py:830} INFO - Processing file /home/airflow/.local/lib/python3.8/site-packages/airflow/example_dags/example_latest_only.py for tasks to queue
[2025-11-10T12:21:46.009+0000] {logging_mixin.py:188} INFO - [2025-11-10T12:21:46.008+0000] {dagbag.py:538} INFO - Filling up the DagBag from /home/airflow/.local/lib/python3.8/site-packages/airflow/example_dags/example_latest_only.py
[2025-11-10T12:21:46.022+0000] {processor.py:840} INFO - DAG(s) 'latest_only' retrieved from /home/airflow/.local/lib/python3.8/site-packages/airflow/example_dags/example_latest_only.py
[2025-11-10T12:21:46.061+0000] {logging_mixin.py:188} INFO - [2025-11-10T12:21:46.061+0000] {dag.py:3036} INFO - Sync 1 DAGs
[2025-11-10T12:21:46.095+0000] {logging_mixin.py:188} INFO - [2025-11-10T12:21:46.094+0000] {dag.py:3823} INFO - Setting next_dagrun for latest_only to 2025-11-10 08:00:00+00:00, run_after=2025-11-10 12:00:00+00:00
[2025-11-10T12:21:46.120+0000] {processor.py:183} INFO - Processing /home/airflow/.local/lib/python3.8/site-packages/airflow/example_dags/example_latest_only.py took 0.127 seconds
[2025-11-10T12:22:16.757+0000] {processor.py:161} INFO - Started process (PID=160) to work on /home/airflow/.local/lib/python3.8/site-packages/airflow/example_dags/example_latest_only.py
[2025-11-10T12:22:16.758+0000] {processor.py:830} INFO - Processing file /home/airflow/.local/lib/python3.8/site-packages/airflow/example_dags/example_latest_only.py for tasks to queue
[2025-11-10T12:22:16.761+0000] {logging_mixin.py:188} INFO - [2025-11-10T12:22:16.760+0000] {dagbag.py:538} INFO - Filling up the DagBag from /home/airflow/.local/lib/python3.8/site-packages/airflow/example_dags/example_latest_only.py
[2025-11-10T12:22:16.767+0000] {processor.py:840} INFO - DAG(s) 'latest_only' retrieved from /home/airflow/.local/lib/python3.8/site-packages/airflow/example_dags/example_latest_only.py
[2025-11-10T12:22:16.797+0000] {logging_mixin.py:188} INFO - [2025-11-10T12:22:16.797+0000] {dag.py:3036} INFO - Sync 1 DAGs
[2025-11-10T12:22:16.826+0000] {logging_mixin.py:188} INFO - [2025-11-10T12:22:16.826+0000] {dag.py:3823} INFO - Setting next_dagrun for latest_only to 2025-11-10 08:00:00+00:00, run_after=2025-11-10 12:00:00+00:00
[2025-11-10T12:22:16.852+0000] {processor.py:183} INFO - Processing /home/airflow/.local/lib/python3.8/site-packages/airflow/example_dags/example_latest_only.py took 0.099 seconds
[2025-11-10T12:22:47.932+0000] {processor.py:161} INFO - Started process (PID=216) to work on /home/airflow/.local/lib/python3.8/site-packages/airflow/example_dags/example_latest_only.py
[2025-11-10T12:22:47.933+0000] {processor.py:830} INFO - Processing file /home/airflow/.local/lib/python3.8/site-packages/airflow/example_dags/example_latest_only.py for tasks to queue
[2025-11-10T12:22:47.935+0000] {logging_mixin.py:188} INFO - [2025-11-10T12:22:47.935+0000] {dagbag.py:538} INFO - Filling up the DagBag from /home/airflow/.local/lib/python3.8/site-packages/airflow/example_dags/example_latest_only.py
[2025-11-10T12:22:47.943+0000] {processor.py:840} INFO - DAG(s) 'latest_only' retrieved from /home/airflow/.local/lib/python3.8/site-packages/airflow/example_dags/example_latest_only.py
[2025-11-10T12:22:47.971+0000] {logging_mixin.py:188} INFO - [2025-11-10T12:22:47.971+0000] {dag.py:3036} INFO - Sync 1 DAGs
[2025-11-10T12:22:48.004+0000] {logging_mixin.py:188} INFO - [2025-11-10T12:22:48.004+0000] {dag.py:3823} INFO - Setting next_dagrun for latest_only to 2025-11-10 08:00:00+00:00, run_after=2025-11-10 12:00:00+00:00
[2025-11-10T12:22:48.034+0000] {processor.py:183} INFO - Processing /home/airflow/.local/lib/python3.8/site-packages/airflow/example_dags/example_latest_only.py took 0.107 seconds
