[2025-11-10T09:02:24.700+0000] {processor.py:161} INFO - Started process (PID=99) to work on /home/airflow/.local/lib/python3.8/site-packages/airflow/example_dags/example_python_operator.py
[2025-11-10T09:02:24.702+0000] {processor.py:830} INFO - Processing file /home/airflow/.local/lib/python3.8/site-packages/airflow/example_dags/example_python_operator.py for tasks to queue
[2025-11-10T09:02:24.708+0000] {logging_mixin.py:188} INFO - [2025-11-10T09:02:24.707+0000] {dagbag.py:538} INFO - Filling up the DagBag from /home/airflow/.local/lib/python3.8/site-packages/airflow/example_dags/example_python_operator.py
[2025-11-10T09:02:24.758+0000] {processor.py:840} INFO - DAG(s) 'example_python_operator' retrieved from /home/airflow/.local/lib/python3.8/site-packages/airflow/example_dags/example_python_operator.py
[2025-11-10T09:02:25.171+0000] {logging_mixin.py:188} INFO - [2025-11-10T09:02:25.170+0000] {dag.py:3036} INFO - Sync 1 DAGs
[2025-11-10T09:02:25.218+0000] {logging_mixin.py:188} INFO - [2025-11-10T09:02:25.217+0000] {dag.py:3823} INFO - Setting next_dagrun for example_python_operator to None, run_after=None
[2025-11-10T09:02:25.315+0000] {processor.py:183} INFO - Processing /home/airflow/.local/lib/python3.8/site-packages/airflow/example_dags/example_python_operator.py took 0.625 seconds
[2025-11-10T09:02:55.385+0000] {processor.py:161} INFO - Started process (PID=154) to work on /home/airflow/.local/lib/python3.8/site-packages/airflow/example_dags/example_python_operator.py
[2025-11-10T09:02:55.387+0000] {processor.py:830} INFO - Processing file /home/airflow/.local/lib/python3.8/site-packages/airflow/example_dags/example_python_operator.py for tasks to queue
[2025-11-10T09:02:55.391+0000] {logging_mixin.py:188} INFO - [2025-11-10T09:02:55.390+0000] {dagbag.py:538} INFO - Filling up the DagBag from /home/airflow/.local/lib/python3.8/site-packages/airflow/example_dags/example_python_operator.py
[2025-11-10T09:02:55.408+0000] {processor.py:840} INFO - DAG(s) 'example_python_operator' retrieved from /home/airflow/.local/lib/python3.8/site-packages/airflow/example_dags/example_python_operator.py
[2025-11-10T09:02:55.452+0000] {logging_mixin.py:188} INFO - [2025-11-10T09:02:55.451+0000] {dag.py:3036} INFO - Sync 1 DAGs
[2025-11-10T09:02:55.486+0000] {logging_mixin.py:188} INFO - [2025-11-10T09:02:55.485+0000] {dag.py:3823} INFO - Setting next_dagrun for example_python_operator to None, run_after=None
[2025-11-10T09:02:55.547+0000] {processor.py:183} INFO - Processing /home/airflow/.local/lib/python3.8/site-packages/airflow/example_dags/example_python_operator.py took 0.167 seconds
[2025-11-10T09:19:50.900+0000] {processor.py:161} INFO - Started process (PID=94) to work on /home/airflow/.local/lib/python3.8/site-packages/airflow/example_dags/example_python_operator.py
[2025-11-10T09:19:50.901+0000] {processor.py:830} INFO - Processing file /home/airflow/.local/lib/python3.8/site-packages/airflow/example_dags/example_python_operator.py for tasks to queue
[2025-11-10T09:19:50.904+0000] {logging_mixin.py:188} INFO - [2025-11-10T09:19:50.904+0000] {dagbag.py:538} INFO - Filling up the DagBag from /home/airflow/.local/lib/python3.8/site-packages/airflow/example_dags/example_python_operator.py
[2025-11-10T09:19:50.919+0000] {processor.py:840} INFO - DAG(s) 'example_python_operator' retrieved from /home/airflow/.local/lib/python3.8/site-packages/airflow/example_dags/example_python_operator.py
[2025-11-10T09:19:51.165+0000] {logging_mixin.py:188} INFO - [2025-11-10T09:19:51.164+0000] {dag.py:3036} INFO - Sync 1 DAGs
[2025-11-10T09:19:51.201+0000] {logging_mixin.py:188} INFO - [2025-11-10T09:19:51.201+0000] {dag.py:3823} INFO - Setting next_dagrun for example_python_operator to None, run_after=None
[2025-11-10T09:19:51.234+0000] {processor.py:183} INFO - Processing /home/airflow/.local/lib/python3.8/site-packages/airflow/example_dags/example_python_operator.py took 0.340 seconds
[2025-11-10T12:21:43.967+0000] {processor.py:161} INFO - Started process (PID=88) to work on /home/airflow/.local/lib/python3.8/site-packages/airflow/example_dags/example_python_operator.py
[2025-11-10T12:21:43.969+0000] {processor.py:830} INFO - Processing file /home/airflow/.local/lib/python3.8/site-packages/airflow/example_dags/example_python_operator.py for tasks to queue
[2025-11-10T12:21:43.971+0000] {logging_mixin.py:188} INFO - [2025-11-10T12:21:43.970+0000] {dagbag.py:538} INFO - Filling up the DagBag from /home/airflow/.local/lib/python3.8/site-packages/airflow/example_dags/example_python_operator.py
[2025-11-10T12:21:43.983+0000] {processor.py:840} INFO - DAG(s) 'example_python_operator' retrieved from /home/airflow/.local/lib/python3.8/site-packages/airflow/example_dags/example_python_operator.py
[2025-11-10T12:21:44.138+0000] {logging_mixin.py:188} INFO - [2025-11-10T12:21:44.137+0000] {dag.py:3036} INFO - Sync 1 DAGs
[2025-11-10T12:21:44.153+0000] {logging_mixin.py:188} INFO - [2025-11-10T12:21:44.152+0000] {dag.py:3823} INFO - Setting next_dagrun for example_python_operator to None, run_after=None
[2025-11-10T12:21:44.182+0000] {processor.py:183} INFO - Processing /home/airflow/.local/lib/python3.8/site-packages/airflow/example_dags/example_python_operator.py took 0.220 seconds
[2025-11-10T12:22:14.517+0000] {processor.py:161} INFO - Started process (PID=143) to work on /home/airflow/.local/lib/python3.8/site-packages/airflow/example_dags/example_python_operator.py
[2025-11-10T12:22:14.519+0000] {processor.py:830} INFO - Processing file /home/airflow/.local/lib/python3.8/site-packages/airflow/example_dags/example_python_operator.py for tasks to queue
[2025-11-10T12:22:14.521+0000] {logging_mixin.py:188} INFO - [2025-11-10T12:22:14.521+0000] {dagbag.py:538} INFO - Filling up the DagBag from /home/airflow/.local/lib/python3.8/site-packages/airflow/example_dags/example_python_operator.py
[2025-11-10T12:22:14.535+0000] {processor.py:840} INFO - DAG(s) 'example_python_operator' retrieved from /home/airflow/.local/lib/python3.8/site-packages/airflow/example_dags/example_python_operator.py
[2025-11-10T12:22:14.565+0000] {logging_mixin.py:188} INFO - [2025-11-10T12:22:14.565+0000] {dag.py:3036} INFO - Sync 1 DAGs
[2025-11-10T12:22:14.582+0000] {logging_mixin.py:188} INFO - [2025-11-10T12:22:14.582+0000] {dag.py:3823} INFO - Setting next_dagrun for example_python_operator to None, run_after=None
[2025-11-10T12:22:14.612+0000] {processor.py:183} INFO - Processing /home/airflow/.local/lib/python3.8/site-packages/airflow/example_dags/example_python_operator.py took 0.100 seconds
[2025-11-10T12:22:45.405+0000] {processor.py:161} INFO - Started process (PID=199) to work on /home/airflow/.local/lib/python3.8/site-packages/airflow/example_dags/example_python_operator.py
[2025-11-10T12:22:45.408+0000] {processor.py:830} INFO - Processing file /home/airflow/.local/lib/python3.8/site-packages/airflow/example_dags/example_python_operator.py for tasks to queue
[2025-11-10T12:22:45.411+0000] {logging_mixin.py:188} INFO - [2025-11-10T12:22:45.410+0000] {dagbag.py:538} INFO - Filling up the DagBag from /home/airflow/.local/lib/python3.8/site-packages/airflow/example_dags/example_python_operator.py
[2025-11-10T12:22:45.435+0000] {processor.py:840} INFO - DAG(s) 'example_python_operator' retrieved from /home/airflow/.local/lib/python3.8/site-packages/airflow/example_dags/example_python_operator.py
[2025-11-10T12:22:45.482+0000] {logging_mixin.py:188} INFO - [2025-11-10T12:22:45.482+0000] {dag.py:3036} INFO - Sync 1 DAGs
[2025-11-10T12:22:45.524+0000] {logging_mixin.py:188} INFO - [2025-11-10T12:22:45.523+0000] {dag.py:3823} INFO - Setting next_dagrun for example_python_operator to None, run_after=None
[2025-11-10T12:22:45.582+0000] {processor.py:183} INFO - Processing /home/airflow/.local/lib/python3.8/site-packages/airflow/example_dags/example_python_operator.py took 0.183 seconds
