[2025-11-10T09:02:29.172+0000] {processor.py:161} INFO - Started process (PID=110) to work on /home/airflow/.local/lib/python3.8/site-packages/airflow/example_dags/example_python_decorator.py
[2025-11-10T09:02:29.176+0000] {processor.py:830} INFO - Processing file /home/airflow/.local/lib/python3.8/site-packages/airflow/example_dags/example_python_decorator.py for tasks to queue
[2025-11-10T09:02:29.183+0000] {logging_mixin.py:188} INFO - [2025-11-10T09:02:29.182+0000] {dagbag.py:538} INFO - Filling up the DagBag from /home/airflow/.local/lib/python3.8/site-packages/airflow/example_dags/example_python_decorator.py
[2025-11-10T09:02:29.235+0000] {processor.py:840} INFO - DAG(s) 'example_python_decorator' retrieved from /home/airflow/.local/lib/python3.8/site-packages/airflow/example_dags/example_python_decorator.py
[2025-11-10T09:02:29.582+0000] {logging_mixin.py:188} INFO - [2025-11-10T09:02:29.581+0000] {dag.py:3036} INFO - Sync 1 DAGs
[2025-11-10T09:02:29.602+0000] {logging_mixin.py:188} INFO - [2025-11-10T09:02:29.601+0000] {dag.py:3823} INFO - Setting next_dagrun for example_python_decorator to None, run_after=None
[2025-11-10T09:02:29.640+0000] {processor.py:183} INFO - Processing /home/airflow/.local/lib/python3.8/site-packages/airflow/example_dags/example_python_decorator.py took 0.475 seconds
[2025-11-10T09:03:00.058+0000] {processor.py:161} INFO - Started process (PID=165) to work on /home/airflow/.local/lib/python3.8/site-packages/airflow/example_dags/example_python_decorator.py
[2025-11-10T09:03:00.060+0000] {processor.py:830} INFO - Processing file /home/airflow/.local/lib/python3.8/site-packages/airflow/example_dags/example_python_decorator.py for tasks to queue
[2025-11-10T09:03:00.065+0000] {logging_mixin.py:188} INFO - [2025-11-10T09:03:00.064+0000] {dagbag.py:538} INFO - Filling up the DagBag from /home/airflow/.local/lib/python3.8/site-packages/airflow/example_dags/example_python_decorator.py
[2025-11-10T09:03:00.095+0000] {processor.py:840} INFO - DAG(s) 'example_python_decorator' retrieved from /home/airflow/.local/lib/python3.8/site-packages/airflow/example_dags/example_python_decorator.py
[2025-11-10T09:03:00.142+0000] {logging_mixin.py:188} INFO - [2025-11-10T09:03:00.141+0000] {dag.py:3036} INFO - Sync 1 DAGs
[2025-11-10T09:03:00.170+0000] {logging_mixin.py:188} INFO - [2025-11-10T09:03:00.169+0000] {dag.py:3823} INFO - Setting next_dagrun for example_python_decorator to None, run_after=None
[2025-11-10T09:03:00.211+0000] {processor.py:183} INFO - Processing /home/airflow/.local/lib/python3.8/site-packages/airflow/example_dags/example_python_decorator.py took 0.161 seconds
[2025-11-10T09:19:53.440+0000] {processor.py:161} INFO - Started process (PID=105) to work on /home/airflow/.local/lib/python3.8/site-packages/airflow/example_dags/example_python_decorator.py
[2025-11-10T09:19:53.441+0000] {processor.py:830} INFO - Processing file /home/airflow/.local/lib/python3.8/site-packages/airflow/example_dags/example_python_decorator.py for tasks to queue
[2025-11-10T09:19:53.444+0000] {logging_mixin.py:188} INFO - [2025-11-10T09:19:53.443+0000] {dagbag.py:538} INFO - Filling up the DagBag from /home/airflow/.local/lib/python3.8/site-packages/airflow/example_dags/example_python_decorator.py
[2025-11-10T09:19:53.462+0000] {processor.py:840} INFO - DAG(s) 'example_python_decorator' retrieved from /home/airflow/.local/lib/python3.8/site-packages/airflow/example_dags/example_python_decorator.py
[2025-11-10T09:19:53.631+0000] {logging_mixin.py:188} INFO - [2025-11-10T09:19:53.631+0000] {dag.py:3036} INFO - Sync 1 DAGs
[2025-11-10T09:19:53.647+0000] {logging_mixin.py:188} INFO - [2025-11-10T09:19:53.647+0000] {dag.py:3823} INFO - Setting next_dagrun for example_python_decorator to None, run_after=None
[2025-11-10T09:19:53.678+0000] {processor.py:183} INFO - Processing /home/airflow/.local/lib/python3.8/site-packages/airflow/example_dags/example_python_decorator.py took 0.242 seconds
[2025-11-10T12:21:45.350+0000] {processor.py:161} INFO - Started process (PID=99) to work on /home/airflow/.local/lib/python3.8/site-packages/airflow/example_dags/example_python_decorator.py
[2025-11-10T12:21:45.352+0000] {processor.py:830} INFO - Processing file /home/airflow/.local/lib/python3.8/site-packages/airflow/example_dags/example_python_decorator.py for tasks to queue
[2025-11-10T12:21:45.354+0000] {logging_mixin.py:188} INFO - [2025-11-10T12:21:45.353+0000] {dagbag.py:538} INFO - Filling up the DagBag from /home/airflow/.local/lib/python3.8/site-packages/airflow/example_dags/example_python_decorator.py
[2025-11-10T12:21:45.374+0000] {processor.py:840} INFO - DAG(s) 'example_python_decorator' retrieved from /home/airflow/.local/lib/python3.8/site-packages/airflow/example_dags/example_python_decorator.py
[2025-11-10T12:21:45.555+0000] {logging_mixin.py:188} INFO - [2025-11-10T12:21:45.555+0000] {dag.py:3036} INFO - Sync 1 DAGs
[2025-11-10T12:21:45.575+0000] {logging_mixin.py:188} INFO - [2025-11-10T12:21:45.575+0000] {dag.py:3823} INFO - Setting next_dagrun for example_python_decorator to None, run_after=None
[2025-11-10T12:21:45.617+0000] {processor.py:183} INFO - Processing /home/airflow/.local/lib/python3.8/site-packages/airflow/example_dags/example_python_decorator.py took 0.273 seconds
[2025-11-10T12:22:16.393+0000] {processor.py:161} INFO - Started process (PID=154) to work on /home/airflow/.local/lib/python3.8/site-packages/airflow/example_dags/example_python_decorator.py
[2025-11-10T12:22:16.396+0000] {processor.py:830} INFO - Processing file /home/airflow/.local/lib/python3.8/site-packages/airflow/example_dags/example_python_decorator.py for tasks to queue
[2025-11-10T12:22:16.398+0000] {logging_mixin.py:188} INFO - [2025-11-10T12:22:16.397+0000] {dagbag.py:538} INFO - Filling up the DagBag from /home/airflow/.local/lib/python3.8/site-packages/airflow/example_dags/example_python_decorator.py
[2025-11-10T12:22:16.414+0000] {processor.py:840} INFO - DAG(s) 'example_python_decorator' retrieved from /home/airflow/.local/lib/python3.8/site-packages/airflow/example_dags/example_python_decorator.py
[2025-11-10T12:22:16.441+0000] {logging_mixin.py:188} INFO - [2025-11-10T12:22:16.441+0000] {dag.py:3036} INFO - Sync 1 DAGs
[2025-11-10T12:22:16.455+0000] {logging_mixin.py:188} INFO - [2025-11-10T12:22:16.454+0000] {dag.py:3823} INFO - Setting next_dagrun for example_python_decorator to None, run_after=None
[2025-11-10T12:22:16.476+0000] {processor.py:183} INFO - Processing /home/airflow/.local/lib/python3.8/site-packages/airflow/example_dags/example_python_decorator.py took 0.093 seconds
[2025-11-10T12:22:47.421+0000] {processor.py:161} INFO - Started process (PID=210) to work on /home/airflow/.local/lib/python3.8/site-packages/airflow/example_dags/example_python_decorator.py
[2025-11-10T12:22:47.423+0000] {processor.py:830} INFO - Processing file /home/airflow/.local/lib/python3.8/site-packages/airflow/example_dags/example_python_decorator.py for tasks to queue
[2025-11-10T12:22:47.425+0000] {logging_mixin.py:188} INFO - [2025-11-10T12:22:47.425+0000] {dagbag.py:538} INFO - Filling up the DagBag from /home/airflow/.local/lib/python3.8/site-packages/airflow/example_dags/example_python_decorator.py
[2025-11-10T12:22:47.454+0000] {processor.py:840} INFO - DAG(s) 'example_python_decorator' retrieved from /home/airflow/.local/lib/python3.8/site-packages/airflow/example_dags/example_python_decorator.py
[2025-11-10T12:22:47.494+0000] {logging_mixin.py:188} INFO - [2025-11-10T12:22:47.494+0000] {dag.py:3036} INFO - Sync 1 DAGs
[2025-11-10T12:22:47.517+0000] {logging_mixin.py:188} INFO - [2025-11-10T12:22:47.516+0000] {dag.py:3823} INFO - Setting next_dagrun for example_python_decorator to None, run_after=None
[2025-11-10T12:22:47.547+0000] {processor.py:183} INFO - Processing /home/airflow/.local/lib/python3.8/site-packages/airflow/example_dags/example_python_decorator.py took 0.133 seconds
