[2025-11-10T09:02:28.496+0000] {processor.py:161} INFO - Started process (PID=108) to work on /home/airflow/.local/lib/python3.8/site-packages/airflow/example_dags/example_external_task_marker_dag.py
[2025-11-10T09:02:28.500+0000] {processor.py:830} INFO - Processing file /home/airflow/.local/lib/python3.8/site-packages/airflow/example_dags/example_external_task_marker_dag.py for tasks to queue
[2025-11-10T09:02:28.506+0000] {logging_mixin.py:188} INFO - [2025-11-10T09:02:28.505+0000] {dagbag.py:538} INFO - Filling up the DagBag from /home/airflow/.local/lib/python3.8/site-packages/airflow/example_dags/example_external_task_marker_dag.py
[2025-11-10T09:02:28.535+0000] {processor.py:840} INFO - DAG(s) 'example_external_task_marker_parent', 'example_external_task_marker_child' retrieved from /home/airflow/.local/lib/python3.8/site-packages/airflow/example_dags/example_external_task_marker_dag.py
[2025-11-10T09:02:28.947+0000] {logging_mixin.py:188} INFO - [2025-11-10T09:02:28.946+0000] {dag.py:3036} INFO - Sync 2 DAGs
[2025-11-10T09:02:28.998+0000] {logging_mixin.py:188} INFO - [2025-11-10T09:02:28.997+0000] {dag.py:3823} INFO - Setting next_dagrun for example_external_task_marker_child to None, run_after=None
[2025-11-10T09:02:29.007+0000] {logging_mixin.py:188} INFO - [2025-11-10T09:02:29.006+0000] {dag.py:3823} INFO - Setting next_dagrun for example_external_task_marker_parent to None, run_after=None
[2025-11-10T09:02:29.114+0000] {processor.py:183} INFO - Processing /home/airflow/.local/lib/python3.8/site-packages/airflow/example_dags/example_external_task_marker_dag.py took 0.629 seconds
[2025-11-10T09:02:59.857+0000] {processor.py:161} INFO - Started process (PID=163) to work on /home/airflow/.local/lib/python3.8/site-packages/airflow/example_dags/example_external_task_marker_dag.py
[2025-11-10T09:02:59.860+0000] {processor.py:830} INFO - Processing file /home/airflow/.local/lib/python3.8/site-packages/airflow/example_dags/example_external_task_marker_dag.py for tasks to queue
[2025-11-10T09:02:59.863+0000] {logging_mixin.py:188} INFO - [2025-11-10T09:02:59.863+0000] {dagbag.py:538} INFO - Filling up the DagBag from /home/airflow/.local/lib/python3.8/site-packages/airflow/example_dags/example_external_task_marker_dag.py
[2025-11-10T09:02:59.877+0000] {processor.py:840} INFO - DAG(s) 'example_external_task_marker_child', 'example_external_task_marker_parent' retrieved from /home/airflow/.local/lib/python3.8/site-packages/airflow/example_dags/example_external_task_marker_dag.py
[2025-11-10T09:02:59.929+0000] {logging_mixin.py:188} INFO - [2025-11-10T09:02:59.928+0000] {dag.py:3036} INFO - Sync 2 DAGs
[2025-11-10T09:02:59.962+0000] {logging_mixin.py:188} INFO - [2025-11-10T09:02:59.962+0000] {dag.py:3823} INFO - Setting next_dagrun for example_external_task_marker_child to None, run_after=None
[2025-11-10T09:02:59.971+0000] {logging_mixin.py:188} INFO - [2025-11-10T09:02:59.971+0000] {dag.py:3823} INFO - Setting next_dagrun for example_external_task_marker_parent to None, run_after=None
[2025-11-10T09:03:00.009+0000] {processor.py:183} INFO - Processing /home/airflow/.local/lib/python3.8/site-packages/airflow/example_dags/example_external_task_marker_dag.py took 0.160 seconds
[2025-11-10T09:19:53.130+0000] {processor.py:161} INFO - Started process (PID=103) to work on /home/airflow/.local/lib/python3.8/site-packages/airflow/example_dags/example_external_task_marker_dag.py
[2025-11-10T09:19:53.131+0000] {processor.py:830} INFO - Processing file /home/airflow/.local/lib/python3.8/site-packages/airflow/example_dags/example_external_task_marker_dag.py for tasks to queue
[2025-11-10T09:19:53.135+0000] {logging_mixin.py:188} INFO - [2025-11-10T09:19:53.134+0000] {dagbag.py:538} INFO - Filling up the DagBag from /home/airflow/.local/lib/python3.8/site-packages/airflow/example_dags/example_external_task_marker_dag.py
[2025-11-10T09:19:53.149+0000] {processor.py:840} INFO - DAG(s) 'example_external_task_marker_parent', 'example_external_task_marker_child' retrieved from /home/airflow/.local/lib/python3.8/site-packages/airflow/example_dags/example_external_task_marker_dag.py
[2025-11-10T09:19:53.205+0000] {logging_mixin.py:188} INFO - [2025-11-10T09:19:53.204+0000] {dag.py:3036} INFO - Sync 2 DAGs
[2025-11-10T09:19:53.240+0000] {logging_mixin.py:188} INFO - [2025-11-10T09:19:53.240+0000] {dag.py:3823} INFO - Setting next_dagrun for example_external_task_marker_child to None, run_after=None
[2025-11-10T09:19:53.246+0000] {logging_mixin.py:188} INFO - [2025-11-10T09:19:53.246+0000] {dag.py:3823} INFO - Setting next_dagrun for example_external_task_marker_parent to None, run_after=None
[2025-11-10T09:19:53.280+0000] {processor.py:183} INFO - Processing /home/airflow/.local/lib/python3.8/site-packages/airflow/example_dags/example_external_task_marker_dag.py took 0.156 seconds
[2025-11-10T12:21:45.091+0000] {processor.py:161} INFO - Started process (PID=97) to work on /home/airflow/.local/lib/python3.8/site-packages/airflow/example_dags/example_external_task_marker_dag.py
[2025-11-10T12:21:45.093+0000] {processor.py:830} INFO - Processing file /home/airflow/.local/lib/python3.8/site-packages/airflow/example_dags/example_external_task_marker_dag.py for tasks to queue
[2025-11-10T12:21:45.096+0000] {logging_mixin.py:188} INFO - [2025-11-10T12:21:45.095+0000] {dagbag.py:538} INFO - Filling up the DagBag from /home/airflow/.local/lib/python3.8/site-packages/airflow/example_dags/example_external_task_marker_dag.py
[2025-11-10T12:21:45.104+0000] {processor.py:840} INFO - DAG(s) 'example_external_task_marker_parent', 'example_external_task_marker_child' retrieved from /home/airflow/.local/lib/python3.8/site-packages/airflow/example_dags/example_external_task_marker_dag.py
[2025-11-10T12:21:45.139+0000] {logging_mixin.py:188} INFO - [2025-11-10T12:21:45.139+0000] {dag.py:3036} INFO - Sync 2 DAGs
[2025-11-10T12:21:45.157+0000] {logging_mixin.py:188} INFO - [2025-11-10T12:21:45.157+0000] {dag.py:3823} INFO - Setting next_dagrun for example_external_task_marker_child to None, run_after=None
[2025-11-10T12:21:45.162+0000] {logging_mixin.py:188} INFO - [2025-11-10T12:21:45.162+0000] {dag.py:3823} INFO - Setting next_dagrun for example_external_task_marker_parent to None, run_after=None
[2025-11-10T12:21:45.190+0000] {processor.py:183} INFO - Processing /home/airflow/.local/lib/python3.8/site-packages/airflow/example_dags/example_external_task_marker_dag.py took 0.103 seconds
[2025-11-10T12:22:15.256+0000] {processor.py:161} INFO - Started process (PID=152) to work on /home/airflow/.local/lib/python3.8/site-packages/airflow/example_dags/example_external_task_marker_dag.py
[2025-11-10T12:22:15.258+0000] {processor.py:830} INFO - Processing file /home/airflow/.local/lib/python3.8/site-packages/airflow/example_dags/example_external_task_marker_dag.py for tasks to queue
[2025-11-10T12:22:15.260+0000] {logging_mixin.py:188} INFO - [2025-11-10T12:22:15.259+0000] {dagbag.py:538} INFO - Filling up the DagBag from /home/airflow/.local/lib/python3.8/site-packages/airflow/example_dags/example_external_task_marker_dag.py
[2025-11-10T12:22:15.268+0000] {processor.py:840} INFO - DAG(s) 'example_external_task_marker_child', 'example_external_task_marker_parent' retrieved from /home/airflow/.local/lib/python3.8/site-packages/airflow/example_dags/example_external_task_marker_dag.py
[2025-11-10T12:22:15.298+0000] {logging_mixin.py:188} INFO - [2025-11-10T12:22:15.298+0000] {dag.py:3036} INFO - Sync 2 DAGs
[2025-11-10T12:22:15.314+0000] {logging_mixin.py:188} INFO - [2025-11-10T12:22:15.314+0000] {dag.py:3823} INFO - Setting next_dagrun for example_external_task_marker_child to None, run_after=None
[2025-11-10T12:22:15.319+0000] {logging_mixin.py:188} INFO - [2025-11-10T12:22:15.318+0000] {dag.py:3823} INFO - Setting next_dagrun for example_external_task_marker_parent to None, run_after=None
[2025-11-10T12:22:15.343+0000] {processor.py:183} INFO - Processing /home/airflow/.local/lib/python3.8/site-packages/airflow/example_dags/example_external_task_marker_dag.py took 0.091 seconds
[2025-11-10T12:22:46.285+0000] {processor.py:161} INFO - Started process (PID=208) to work on /home/airflow/.local/lib/python3.8/site-packages/airflow/example_dags/example_external_task_marker_dag.py
[2025-11-10T12:22:46.287+0000] {processor.py:830} INFO - Processing file /home/airflow/.local/lib/python3.8/site-packages/airflow/example_dags/example_external_task_marker_dag.py for tasks to queue
[2025-11-10T12:22:46.290+0000] {logging_mixin.py:188} INFO - [2025-11-10T12:22:46.289+0000] {dagbag.py:538} INFO - Filling up the DagBag from /home/airflow/.local/lib/python3.8/site-packages/airflow/example_dags/example_external_task_marker_dag.py
[2025-11-10T12:22:46.301+0000] {processor.py:840} INFO - DAG(s) 'example_external_task_marker_parent', 'example_external_task_marker_child' retrieved from /home/airflow/.local/lib/python3.8/site-packages/airflow/example_dags/example_external_task_marker_dag.py
[2025-11-10T12:22:46.337+0000] {logging_mixin.py:188} INFO - [2025-11-10T12:22:46.337+0000] {dag.py:3036} INFO - Sync 2 DAGs
[2025-11-10T12:22:46.355+0000] {logging_mixin.py:188} INFO - [2025-11-10T12:22:46.355+0000] {dag.py:3823} INFO - Setting next_dagrun for example_external_task_marker_child to None, run_after=None
[2025-11-10T12:22:46.360+0000] {logging_mixin.py:188} INFO - [2025-11-10T12:22:46.360+0000] {dag.py:3823} INFO - Setting next_dagrun for example_external_task_marker_parent to None, run_after=None
[2025-11-10T12:22:46.383+0000] {processor.py:183} INFO - Processing /home/airflow/.local/lib/python3.8/site-packages/airflow/example_dags/example_external_task_marker_dag.py took 0.104 seconds
