[2025-11-10T09:02:25.994+0000] {processor.py:161} INFO - Started process (PID=102) to work on /home/airflow/.local/lib/python3.8/site-packages/airflow/example_dags/example_setup_teardown.py
[2025-11-10T09:02:26.007+0000] {processor.py:830} INFO - Processing file /home/airflow/.local/lib/python3.8/site-packages/airflow/example_dags/example_setup_teardown.py for tasks to queue
[2025-11-10T09:02:26.012+0000] {logging_mixin.py:188} INFO - [2025-11-10T09:02:26.011+0000] {dagbag.py:538} INFO - Filling up the DagBag from /home/airflow/.local/lib/python3.8/site-packages/airflow/example_dags/example_setup_teardown.py
[2025-11-10T09:02:26.051+0000] {processor.py:840} INFO - DAG(s) 'example_setup_teardown' retrieved from /home/airflow/.local/lib/python3.8/site-packages/airflow/example_dags/example_setup_teardown.py
[2025-11-10T09:02:26.523+0000] {logging_mixin.py:188} INFO - [2025-11-10T09:02:26.522+0000] {dag.py:3036} INFO - Sync 1 DAGs
[2025-11-10T09:02:26.597+0000] {logging_mixin.py:188} INFO - [2025-11-10T09:02:26.597+0000] {dag.py:3823} INFO - Setting next_dagrun for example_setup_teardown to 2025-11-09 00:00:00+00:00, run_after=2025-11-10 00:00:00+00:00
[2025-11-10T09:02:26.666+0000] {processor.py:183} INFO - Processing /home/airflow/.local/lib/python3.8/site-packages/airflow/example_dags/example_setup_teardown.py took 0.693 seconds
[2025-11-10T09:02:56.715+0000] {processor.py:161} INFO - Started process (PID=157) to work on /home/airflow/.local/lib/python3.8/site-packages/airflow/example_dags/example_setup_teardown.py
[2025-11-10T09:02:56.719+0000] {processor.py:830} INFO - Processing file /home/airflow/.local/lib/python3.8/site-packages/airflow/example_dags/example_setup_teardown.py for tasks to queue
[2025-11-10T09:02:56.724+0000] {logging_mixin.py:188} INFO - [2025-11-10T09:02:56.723+0000] {dagbag.py:538} INFO - Filling up the DagBag from /home/airflow/.local/lib/python3.8/site-packages/airflow/example_dags/example_setup_teardown.py
[2025-11-10T09:02:56.748+0000] {processor.py:840} INFO - DAG(s) 'example_setup_teardown' retrieved from /home/airflow/.local/lib/python3.8/site-packages/airflow/example_dags/example_setup_teardown.py
[2025-11-10T09:02:56.812+0000] {logging_mixin.py:188} INFO - [2025-11-10T09:02:56.811+0000] {dag.py:3036} INFO - Sync 1 DAGs
[2025-11-10T09:02:56.879+0000] {logging_mixin.py:188} INFO - [2025-11-10T09:02:56.878+0000] {dag.py:3823} INFO - Setting next_dagrun for example_setup_teardown to 2025-11-09 00:00:00+00:00, run_after=2025-11-10 00:00:00+00:00
[2025-11-10T09:02:56.953+0000] {processor.py:183} INFO - Processing /home/airflow/.local/lib/python3.8/site-packages/airflow/example_dags/example_setup_teardown.py took 0.248 seconds
[2025-11-10T09:19:51.306+0000] {processor.py:161} INFO - Started process (PID=97) to work on /home/airflow/.local/lib/python3.8/site-packages/airflow/example_dags/example_setup_teardown.py
[2025-11-10T09:19:51.307+0000] {processor.py:830} INFO - Processing file /home/airflow/.local/lib/python3.8/site-packages/airflow/example_dags/example_setup_teardown.py for tasks to queue
[2025-11-10T09:19:51.310+0000] {logging_mixin.py:188} INFO - [2025-11-10T09:19:51.310+0000] {dagbag.py:538} INFO - Filling up the DagBag from /home/airflow/.local/lib/python3.8/site-packages/airflow/example_dags/example_setup_teardown.py
[2025-11-10T09:19:51.325+0000] {processor.py:840} INFO - DAG(s) 'example_setup_teardown' retrieved from /home/airflow/.local/lib/python3.8/site-packages/airflow/example_dags/example_setup_teardown.py
[2025-11-10T09:19:51.428+0000] {logging_mixin.py:188} INFO - [2025-11-10T09:19:51.428+0000] {dag.py:3036} INFO - Sync 1 DAGs
[2025-11-10T09:19:51.551+0000] {logging_mixin.py:188} INFO - [2025-11-10T09:19:51.550+0000] {dag.py:3823} INFO - Setting next_dagrun for example_setup_teardown to 2025-11-09 00:00:00+00:00, run_after=2025-11-10 00:00:00+00:00
[2025-11-10T09:19:51.631+0000] {processor.py:183} INFO - Processing /home/airflow/.local/lib/python3.8/site-packages/airflow/example_dags/example_setup_teardown.py took 0.331 seconds
[2025-11-10T12:21:44.212+0000] {processor.py:161} INFO - Started process (PID=91) to work on /home/airflow/.local/lib/python3.8/site-packages/airflow/example_dags/example_setup_teardown.py
[2025-11-10T12:21:44.214+0000] {processor.py:830} INFO - Processing file /home/airflow/.local/lib/python3.8/site-packages/airflow/example_dags/example_setup_teardown.py for tasks to queue
[2025-11-10T12:21:44.216+0000] {logging_mixin.py:188} INFO - [2025-11-10T12:21:44.215+0000] {dagbag.py:538} INFO - Filling up the DagBag from /home/airflow/.local/lib/python3.8/site-packages/airflow/example_dags/example_setup_teardown.py
[2025-11-10T12:21:44.224+0000] {processor.py:840} INFO - DAG(s) 'example_setup_teardown' retrieved from /home/airflow/.local/lib/python3.8/site-packages/airflow/example_dags/example_setup_teardown.py
[2025-11-10T12:21:44.254+0000] {logging_mixin.py:188} INFO - [2025-11-10T12:21:44.254+0000] {dag.py:3036} INFO - Sync 1 DAGs
[2025-11-10T12:21:44.292+0000] {logging_mixin.py:188} INFO - [2025-11-10T12:21:44.291+0000] {dag.py:3823} INFO - Setting next_dagrun for example_setup_teardown to 2025-11-09 00:00:00+00:00, run_after=2025-11-10 00:00:00+00:00
[2025-11-10T12:21:44.348+0000] {processor.py:183} INFO - Processing /home/airflow/.local/lib/python3.8/site-packages/airflow/example_dags/example_setup_teardown.py took 0.140 seconds
[2025-11-10T12:22:14.812+0000] {processor.py:161} INFO - Started process (PID=146) to work on /home/airflow/.local/lib/python3.8/site-packages/airflow/example_dags/example_setup_teardown.py
[2025-11-10T12:22:14.813+0000] {processor.py:830} INFO - Processing file /home/airflow/.local/lib/python3.8/site-packages/airflow/example_dags/example_setup_teardown.py for tasks to queue
[2025-11-10T12:22:14.815+0000] {logging_mixin.py:188} INFO - [2025-11-10T12:22:14.815+0000] {dagbag.py:538} INFO - Filling up the DagBag from /home/airflow/.local/lib/python3.8/site-packages/airflow/example_dags/example_setup_teardown.py
[2025-11-10T12:22:14.822+0000] {processor.py:840} INFO - DAG(s) 'example_setup_teardown' retrieved from /home/airflow/.local/lib/python3.8/site-packages/airflow/example_dags/example_setup_teardown.py
[2025-11-10T12:22:14.847+0000] {logging_mixin.py:188} INFO - [2025-11-10T12:22:14.847+0000] {dag.py:3036} INFO - Sync 1 DAGs
[2025-11-10T12:22:14.875+0000] {logging_mixin.py:188} INFO - [2025-11-10T12:22:14.875+0000] {dag.py:3823} INFO - Setting next_dagrun for example_setup_teardown to 2025-11-09 00:00:00+00:00, run_after=2025-11-10 00:00:00+00:00
[2025-11-10T12:22:14.897+0000] {processor.py:183} INFO - Processing /home/airflow/.local/lib/python3.8/site-packages/airflow/example_dags/example_setup_teardown.py took 0.090 seconds
[2025-11-10T12:22:45.783+0000] {processor.py:161} INFO - Started process (PID=202) to work on /home/airflow/.local/lib/python3.8/site-packages/airflow/example_dags/example_setup_teardown.py
[2025-11-10T12:22:45.785+0000] {processor.py:830} INFO - Processing file /home/airflow/.local/lib/python3.8/site-packages/airflow/example_dags/example_setup_teardown.py for tasks to queue
[2025-11-10T12:22:45.791+0000] {logging_mixin.py:188} INFO - [2025-11-10T12:22:45.790+0000] {dagbag.py:538} INFO - Filling up the DagBag from /home/airflow/.local/lib/python3.8/site-packages/airflow/example_dags/example_setup_teardown.py
[2025-11-10T12:22:45.802+0000] {processor.py:840} INFO - DAG(s) 'example_setup_teardown' retrieved from /home/airflow/.local/lib/python3.8/site-packages/airflow/example_dags/example_setup_teardown.py
[2025-11-10T12:22:45.830+0000] {logging_mixin.py:188} INFO - [2025-11-10T12:22:45.830+0000] {dag.py:3036} INFO - Sync 1 DAGs
[2025-11-10T12:22:45.868+0000] {logging_mixin.py:188} INFO - [2025-11-10T12:22:45.868+0000] {dag.py:3823} INFO - Setting next_dagrun for example_setup_teardown to 2025-11-09 00:00:00+00:00, run_after=2025-11-10 00:00:00+00:00
[2025-11-10T12:22:45.898+0000] {processor.py:183} INFO - Processing /home/airflow/.local/lib/python3.8/site-packages/airflow/example_dags/example_setup_teardown.py took 0.120 seconds
