[2025-11-10T09:02:20.840+0000] {processor.py:161} INFO - Started process (PID=90) to work on /home/airflow/.local/lib/python3.8/site-packages/airflow/example_dags/example_subdag_operator.py
[2025-11-10T09:02:20.842+0000] {processor.py:830} INFO - Processing file /home/airflow/.local/lib/python3.8/site-packages/airflow/example_dags/example_subdag_operator.py for tasks to queue
[2025-11-10T09:02:20.846+0000] {logging_mixin.py:188} INFO - [2025-11-10T09:02:20.845+0000] {dagbag.py:538} INFO - Filling up the DagBag from /home/airflow/.local/lib/python3.8/site-packages/airflow/example_dags/example_subdag_operator.py
[2025-11-10T09:02:20.932+0000] {processor.py:840} INFO - DAG(s) 'example_subdag_operator.section-1', 'example_subdag_operator.section-2', 'example_subdag_operator' retrieved from /home/airflow/.local/lib/python3.8/site-packages/airflow/example_dags/example_subdag_operator.py
[2025-11-10T09:02:21.374+0000] {logging_mixin.py:188} INFO - [2025-11-10T09:02:21.373+0000] {dag.py:3036} INFO - Sync 3 DAGs
[2025-11-10T09:02:21.461+0000] {logging_mixin.py:188} INFO - [2025-11-10T09:02:21.460+0000] {dag.py:3823} INFO - Setting next_dagrun for example_subdag_operator to 2022-01-01 00:00:00+00:00, run_after=2022-01-01 00:00:00+00:00
[2025-11-10T09:02:21.479+0000] {logging_mixin.py:188} INFO - [2025-11-10T09:02:21.478+0000] {dag.py:3823} INFO - Setting next_dagrun for example_subdag_operator.section-1 to None, run_after=None
[2025-11-10T09:02:21.487+0000] {logging_mixin.py:188} INFO - [2025-11-10T09:02:21.484+0000] {dag.py:3823} INFO - Setting next_dagrun for example_subdag_operator.section-2 to None, run_after=None
[2025-11-10T09:02:21.520+0000] {logging_mixin.py:188} INFO - [2025-11-10T09:02:21.520+0000] {dag.py:3036} INFO - Sync 2 DAGs
[2025-11-10T09:02:21.541+0000] {logging_mixin.py:188} INFO - [2025-11-10T09:02:21.540+0000] {dag.py:3823} INFO - Setting next_dagrun for example_subdag_operator.section-1 to None, run_after=None
[2025-11-10T09:02:21.543+0000] {logging_mixin.py:188} INFO - [2025-11-10T09:02:21.542+0000] {dag.py:3823} INFO - Setting next_dagrun for example_subdag_operator.section-2 to None, run_after=None
[2025-11-10T09:02:21.616+0000] {processor.py:183} INFO - Processing /home/airflow/.local/lib/python3.8/site-packages/airflow/example_dags/example_subdag_operator.py took 0.791 seconds
[2025-11-10T09:02:51.962+0000] {processor.py:161} INFO - Started process (PID=145) to work on /home/airflow/.local/lib/python3.8/site-packages/airflow/example_dags/example_subdag_operator.py
[2025-11-10T09:02:51.964+0000] {processor.py:830} INFO - Processing file /home/airflow/.local/lib/python3.8/site-packages/airflow/example_dags/example_subdag_operator.py for tasks to queue
[2025-11-10T09:02:51.969+0000] {logging_mixin.py:188} INFO - [2025-11-10T09:02:51.968+0000] {dagbag.py:538} INFO - Filling up the DagBag from /home/airflow/.local/lib/python3.8/site-packages/airflow/example_dags/example_subdag_operator.py
[2025-11-10T09:02:52.085+0000] {processor.py:840} INFO - DAG(s) 'example_subdag_operator.section-1', 'example_subdag_operator.section-2', 'example_subdag_operator' retrieved from /home/airflow/.local/lib/python3.8/site-packages/airflow/example_dags/example_subdag_operator.py
[2025-11-10T09:02:52.149+0000] {logging_mixin.py:188} INFO - [2025-11-10T09:02:52.148+0000] {dag.py:3036} INFO - Sync 3 DAGs
[2025-11-10T09:02:52.219+0000] {logging_mixin.py:188} INFO - [2025-11-10T09:02:52.218+0000] {dag.py:3823} INFO - Setting next_dagrun for example_subdag_operator to 2022-01-01 00:00:00+00:00, run_after=2022-01-01 00:00:00+00:00
[2025-11-10T09:02:52.232+0000] {logging_mixin.py:188} INFO - [2025-11-10T09:02:52.231+0000] {dag.py:3823} INFO - Setting next_dagrun for example_subdag_operator.section-1 to None, run_after=None
[2025-11-10T09:02:52.237+0000] {logging_mixin.py:188} INFO - [2025-11-10T09:02:52.236+0000] {dag.py:3823} INFO - Setting next_dagrun for example_subdag_operator.section-2 to None, run_after=None
[2025-11-10T09:02:52.258+0000] {logging_mixin.py:188} INFO - [2025-11-10T09:02:52.257+0000] {dag.py:3036} INFO - Sync 2 DAGs
[2025-11-10T09:02:52.272+0000] {logging_mixin.py:188} INFO - [2025-11-10T09:02:52.272+0000] {dag.py:3823} INFO - Setting next_dagrun for example_subdag_operator.section-1 to None, run_after=None
[2025-11-10T09:02:52.273+0000] {logging_mixin.py:188} INFO - [2025-11-10T09:02:52.272+0000] {dag.py:3823} INFO - Setting next_dagrun for example_subdag_operator.section-2 to None, run_after=None
[2025-11-10T09:02:52.313+0000] {processor.py:183} INFO - Processing /home/airflow/.local/lib/python3.8/site-packages/airflow/example_dags/example_subdag_operator.py took 0.359 seconds
[2025-11-10T09:19:49.452+0000] {processor.py:161} INFO - Started process (PID=85) to work on /home/airflow/.local/lib/python3.8/site-packages/airflow/example_dags/example_subdag_operator.py
[2025-11-10T09:19:49.454+0000] {processor.py:830} INFO - Processing file /home/airflow/.local/lib/python3.8/site-packages/airflow/example_dags/example_subdag_operator.py for tasks to queue
[2025-11-10T09:19:49.458+0000] {logging_mixin.py:188} INFO - [2025-11-10T09:19:49.458+0000] {dagbag.py:538} INFO - Filling up the DagBag from /home/airflow/.local/lib/python3.8/site-packages/airflow/example_dags/example_subdag_operator.py
[2025-11-10T09:19:49.519+0000] {processor.py:840} INFO - DAG(s) 'example_subdag_operator.section-1', 'example_subdag_operator.section-2', 'example_subdag_operator' retrieved from /home/airflow/.local/lib/python3.8/site-packages/airflow/example_dags/example_subdag_operator.py
[2025-11-10T09:19:49.573+0000] {logging_mixin.py:188} INFO - [2025-11-10T09:19:49.573+0000] {dag.py:3036} INFO - Sync 3 DAGs
[2025-11-10T09:19:49.626+0000] {logging_mixin.py:188} INFO - [2025-11-10T09:19:49.625+0000] {dag.py:3823} INFO - Setting next_dagrun for example_subdag_operator to 2022-01-01 00:00:00+00:00, run_after=2022-01-01 00:00:00+00:00
[2025-11-10T09:19:49.638+0000] {logging_mixin.py:188} INFO - [2025-11-10T09:19:49.637+0000] {dag.py:3823} INFO - Setting next_dagrun for example_subdag_operator.section-1 to None, run_after=None
[2025-11-10T09:19:49.642+0000] {logging_mixin.py:188} INFO - [2025-11-10T09:19:49.641+0000] {dag.py:3823} INFO - Setting next_dagrun for example_subdag_operator.section-2 to None, run_after=None
[2025-11-10T09:19:49.658+0000] {logging_mixin.py:188} INFO - [2025-11-10T09:19:49.658+0000] {dag.py:3036} INFO - Sync 2 DAGs
[2025-11-10T09:19:49.670+0000] {logging_mixin.py:188} INFO - [2025-11-10T09:19:49.669+0000] {dag.py:3823} INFO - Setting next_dagrun for example_subdag_operator.section-1 to None, run_after=None
[2025-11-10T09:19:49.671+0000] {logging_mixin.py:188} INFO - [2025-11-10T09:19:49.671+0000] {dag.py:3823} INFO - Setting next_dagrun for example_subdag_operator.section-2 to None, run_after=None
[2025-11-10T09:19:49.706+0000] {processor.py:183} INFO - Processing /home/airflow/.local/lib/python3.8/site-packages/airflow/example_dags/example_subdag_operator.py took 0.262 seconds
[2025-11-10T12:21:42.019+0000] {processor.py:161} INFO - Started process (PID=79) to work on /home/airflow/.local/lib/python3.8/site-packages/airflow/example_dags/example_subdag_operator.py
[2025-11-10T12:21:42.022+0000] {processor.py:830} INFO - Processing file /home/airflow/.local/lib/python3.8/site-packages/airflow/example_dags/example_subdag_operator.py for tasks to queue
[2025-11-10T12:21:42.027+0000] {logging_mixin.py:188} INFO - [2025-11-10T12:21:42.026+0000] {dagbag.py:538} INFO - Filling up the DagBag from /home/airflow/.local/lib/python3.8/site-packages/airflow/example_dags/example_subdag_operator.py
[2025-11-10T12:21:42.160+0000] {processor.py:840} INFO - DAG(s) 'example_subdag_operator.section-1', 'example_subdag_operator.section-2', 'example_subdag_operator' retrieved from /home/airflow/.local/lib/python3.8/site-packages/airflow/example_dags/example_subdag_operator.py
[2025-11-10T12:21:42.224+0000] {logging_mixin.py:188} INFO - [2025-11-10T12:21:42.223+0000] {dag.py:3036} INFO - Sync 3 DAGs
[2025-11-10T12:21:42.291+0000] {logging_mixin.py:188} INFO - [2025-11-10T12:21:42.291+0000] {dag.py:3823} INFO - Setting next_dagrun for example_subdag_operator to 2022-01-01 00:00:00+00:00, run_after=2022-01-01 00:00:00+00:00
[2025-11-10T12:21:42.317+0000] {logging_mixin.py:188} INFO - [2025-11-10T12:21:42.316+0000] {dag.py:3823} INFO - Setting next_dagrun for example_subdag_operator.section-1 to None, run_after=None
[2025-11-10T12:21:42.323+0000] {logging_mixin.py:188} INFO - [2025-11-10T12:21:42.322+0000] {dag.py:3823} INFO - Setting next_dagrun for example_subdag_operator.section-2 to None, run_after=None
[2025-11-10T12:21:42.353+0000] {logging_mixin.py:188} INFO - [2025-11-10T12:21:42.351+0000] {dag.py:3036} INFO - Sync 2 DAGs
[2025-11-10T12:21:42.391+0000] {logging_mixin.py:188} INFO - [2025-11-10T12:21:42.389+0000] {dag.py:3823} INFO - Setting next_dagrun for example_subdag_operator.section-1 to None, run_after=None
[2025-11-10T12:21:42.393+0000] {logging_mixin.py:188} INFO - [2025-11-10T12:21:42.393+0000] {dag.py:3823} INFO - Setting next_dagrun for example_subdag_operator.section-2 to None, run_after=None
[2025-11-10T12:21:42.452+0000] {processor.py:183} INFO - Processing /home/airflow/.local/lib/python3.8/site-packages/airflow/example_dags/example_subdag_operator.py took 0.451 seconds
[2025-11-10T12:22:13.347+0000] {processor.py:161} INFO - Started process (PID=134) to work on /home/airflow/.local/lib/python3.8/site-packages/airflow/example_dags/example_subdag_operator.py
[2025-11-10T12:22:13.350+0000] {processor.py:830} INFO - Processing file /home/airflow/.local/lib/python3.8/site-packages/airflow/example_dags/example_subdag_operator.py for tasks to queue
[2025-11-10T12:22:13.352+0000] {logging_mixin.py:188} INFO - [2025-11-10T12:22:13.351+0000] {dagbag.py:538} INFO - Filling up the DagBag from /home/airflow/.local/lib/python3.8/site-packages/airflow/example_dags/example_subdag_operator.py
[2025-11-10T12:22:13.386+0000] {processor.py:840} INFO - DAG(s) 'example_subdag_operator.section-1', 'example_subdag_operator.section-2', 'example_subdag_operator' retrieved from /home/airflow/.local/lib/python3.8/site-packages/airflow/example_dags/example_subdag_operator.py
[2025-11-10T12:22:13.413+0000] {logging_mixin.py:188} INFO - [2025-11-10T12:22:13.413+0000] {dag.py:3036} INFO - Sync 3 DAGs
[2025-11-10T12:22:13.448+0000] {logging_mixin.py:188} INFO - [2025-11-10T12:22:13.448+0000] {dag.py:3823} INFO - Setting next_dagrun for example_subdag_operator to 2022-01-01 00:00:00+00:00, run_after=2022-01-01 00:00:00+00:00
[2025-11-10T12:22:13.453+0000] {logging_mixin.py:188} INFO - [2025-11-10T12:22:13.453+0000] {dag.py:3823} INFO - Setting next_dagrun for example_subdag_operator.section-1 to None, run_after=None
[2025-11-10T12:22:13.455+0000] {logging_mixin.py:188} INFO - [2025-11-10T12:22:13.455+0000] {dag.py:3823} INFO - Setting next_dagrun for example_subdag_operator.section-2 to None, run_after=None
[2025-11-10T12:22:13.465+0000] {logging_mixin.py:188} INFO - [2025-11-10T12:22:13.464+0000] {dag.py:3036} INFO - Sync 2 DAGs
[2025-11-10T12:22:13.471+0000] {logging_mixin.py:188} INFO - [2025-11-10T12:22:13.471+0000] {dag.py:3823} INFO - Setting next_dagrun for example_subdag_operator.section-1 to None, run_after=None
[2025-11-10T12:22:13.472+0000] {logging_mixin.py:188} INFO - [2025-11-10T12:22:13.472+0000] {dag.py:3823} INFO - Setting next_dagrun for example_subdag_operator.section-2 to None, run_after=None
[2025-11-10T12:22:13.491+0000] {processor.py:183} INFO - Processing /home/airflow/.local/lib/python3.8/site-packages/airflow/example_dags/example_subdag_operator.py took 0.148 seconds
[2025-11-10T12:22:43.958+0000] {processor.py:161} INFO - Started process (PID=190) to work on /home/airflow/.local/lib/python3.8/site-packages/airflow/example_dags/example_subdag_operator.py
[2025-11-10T12:22:43.962+0000] {processor.py:830} INFO - Processing file /home/airflow/.local/lib/python3.8/site-packages/airflow/example_dags/example_subdag_operator.py for tasks to queue
[2025-11-10T12:22:43.968+0000] {logging_mixin.py:188} INFO - [2025-11-10T12:22:43.966+0000] {dagbag.py:538} INFO - Filling up the DagBag from /home/airflow/.local/lib/python3.8/site-packages/airflow/example_dags/example_subdag_operator.py
[2025-11-10T12:22:44.053+0000] {processor.py:840} INFO - DAG(s) 'example_subdag_operator.section-1', 'example_subdag_operator.section-2', 'example_subdag_operator' retrieved from /home/airflow/.local/lib/python3.8/site-packages/airflow/example_dags/example_subdag_operator.py
[2025-11-10T12:22:44.105+0000] {logging_mixin.py:188} INFO - [2025-11-10T12:22:44.104+0000] {dag.py:3036} INFO - Sync 3 DAGs
[2025-11-10T12:22:44.207+0000] {logging_mixin.py:188} INFO - [2025-11-10T12:22:44.206+0000] {dag.py:3823} INFO - Setting next_dagrun for example_subdag_operator to 2022-01-01 00:00:00+00:00, run_after=2022-01-01 00:00:00+00:00
[2025-11-10T12:22:44.222+0000] {logging_mixin.py:188} INFO - [2025-11-10T12:22:44.221+0000] {dag.py:3823} INFO - Setting next_dagrun for example_subdag_operator.section-1 to None, run_after=None
[2025-11-10T12:22:44.228+0000] {logging_mixin.py:188} INFO - [2025-11-10T12:22:44.227+0000] {dag.py:3823} INFO - Setting next_dagrun for example_subdag_operator.section-2 to None, run_after=None
[2025-11-10T12:22:44.255+0000] {logging_mixin.py:188} INFO - [2025-11-10T12:22:44.254+0000] {dag.py:3036} INFO - Sync 2 DAGs
[2025-11-10T12:22:44.281+0000] {logging_mixin.py:188} INFO - [2025-11-10T12:22:44.280+0000] {dag.py:3823} INFO - Setting next_dagrun for example_subdag_operator.section-1 to None, run_after=None
[2025-11-10T12:22:44.283+0000] {logging_mixin.py:188} INFO - [2025-11-10T12:22:44.282+0000] {dag.py:3823} INFO - Setting next_dagrun for example_subdag_operator.section-2 to None, run_after=None
[2025-11-10T12:22:44.340+0000] {processor.py:183} INFO - Processing /home/airflow/.local/lib/python3.8/site-packages/airflow/example_dags/example_subdag_operator.py took 0.397 seconds
