[2025-11-10T09:02:26.717+0000] {processor.py:161} INFO - Started process (PID=104) to work on /home/airflow/.local/lib/python3.8/site-packages/airflow/example_dags/example_task_group.py
[2025-11-10T09:02:26.720+0000] {processor.py:830} INFO - Processing file /home/airflow/.local/lib/python3.8/site-packages/airflow/example_dags/example_task_group.py for tasks to queue
[2025-11-10T09:02:26.725+0000] {logging_mixin.py:188} INFO - [2025-11-10T09:02:26.724+0000] {dagbag.py:538} INFO - Filling up the DagBag from /home/airflow/.local/lib/python3.8/site-packages/airflow/example_dags/example_task_group.py
[2025-11-10T09:02:26.751+0000] {processor.py:840} INFO - DAG(s) 'example_task_group' retrieved from /home/airflow/.local/lib/python3.8/site-packages/airflow/example_dags/example_task_group.py
[2025-11-10T09:02:27.155+0000] {logging_mixin.py:188} INFO - [2025-11-10T09:02:27.154+0000] {dag.py:3036} INFO - Sync 1 DAGs
[2025-11-10T09:02:27.230+0000] {logging_mixin.py:188} INFO - [2025-11-10T09:02:27.229+0000] {dag.py:3823} INFO - Setting next_dagrun for example_task_group to 2025-11-09 00:00:00+00:00, run_after=2025-11-10 00:00:00+00:00
[2025-11-10T09:02:27.356+0000] {processor.py:183} INFO - Processing /home/airflow/.local/lib/python3.8/site-packages/airflow/example_dags/example_task_group.py took 0.650 seconds
[2025-11-10T09:02:57.899+0000] {processor.py:161} INFO - Started process (PID=159) to work on /home/airflow/.local/lib/python3.8/site-packages/airflow/example_dags/example_task_group.py
[2025-11-10T09:02:57.901+0000] {processor.py:830} INFO - Processing file /home/airflow/.local/lib/python3.8/site-packages/airflow/example_dags/example_task_group.py for tasks to queue
[2025-11-10T09:02:57.906+0000] {logging_mixin.py:188} INFO - [2025-11-10T09:02:57.905+0000] {dagbag.py:538} INFO - Filling up the DagBag from /home/airflow/.local/lib/python3.8/site-packages/airflow/example_dags/example_task_group.py
[2025-11-10T09:02:57.935+0000] {processor.py:840} INFO - DAG(s) 'example_task_group' retrieved from /home/airflow/.local/lib/python3.8/site-packages/airflow/example_dags/example_task_group.py
[2025-11-10T09:02:58.059+0000] {logging_mixin.py:188} INFO - [2025-11-10T09:02:58.058+0000] {dag.py:3036} INFO - Sync 1 DAGs
[2025-11-10T09:02:58.162+0000] {logging_mixin.py:188} INFO - [2025-11-10T09:02:58.161+0000] {dag.py:3823} INFO - Setting next_dagrun for example_task_group to 2025-11-09 00:00:00+00:00, run_after=2025-11-10 00:00:00+00:00
[2025-11-10T09:02:58.235+0000] {processor.py:183} INFO - Processing /home/airflow/.local/lib/python3.8/site-packages/airflow/example_dags/example_task_group.py took 0.348 seconds
[2025-11-10T09:19:52.322+0000] {processor.py:161} INFO - Started process (PID=99) to work on /home/airflow/.local/lib/python3.8/site-packages/airflow/example_dags/example_task_group.py
[2025-11-10T09:19:52.325+0000] {processor.py:830} INFO - Processing file /home/airflow/.local/lib/python3.8/site-packages/airflow/example_dags/example_task_group.py for tasks to queue
[2025-11-10T09:19:52.335+0000] {logging_mixin.py:188} INFO - [2025-11-10T09:19:52.334+0000] {dagbag.py:538} INFO - Filling up the DagBag from /home/airflow/.local/lib/python3.8/site-packages/airflow/example_dags/example_task_group.py
[2025-11-10T09:19:52.361+0000] {processor.py:840} INFO - DAG(s) 'example_task_group' retrieved from /home/airflow/.local/lib/python3.8/site-packages/airflow/example_dags/example_task_group.py
[2025-11-10T09:19:52.445+0000] {logging_mixin.py:188} INFO - [2025-11-10T09:19:52.445+0000] {dag.py:3036} INFO - Sync 1 DAGs
[2025-11-10T09:19:52.504+0000] {logging_mixin.py:188} INFO - [2025-11-10T09:19:52.503+0000] {dag.py:3823} INFO - Setting next_dagrun for example_task_group to 2025-11-09 00:00:00+00:00, run_after=2025-11-10 00:00:00+00:00
[2025-11-10T09:19:52.552+0000] {processor.py:183} INFO - Processing /home/airflow/.local/lib/python3.8/site-packages/airflow/example_dags/example_task_group.py took 0.242 seconds
[2025-11-10T12:21:44.595+0000] {processor.py:161} INFO - Started process (PID=93) to work on /home/airflow/.local/lib/python3.8/site-packages/airflow/example_dags/example_task_group.py
[2025-11-10T12:21:44.596+0000] {processor.py:830} INFO - Processing file /home/airflow/.local/lib/python3.8/site-packages/airflow/example_dags/example_task_group.py for tasks to queue
[2025-11-10T12:21:44.599+0000] {logging_mixin.py:188} INFO - [2025-11-10T12:21:44.599+0000] {dagbag.py:538} INFO - Filling up the DagBag from /home/airflow/.local/lib/python3.8/site-packages/airflow/example_dags/example_task_group.py
[2025-11-10T12:21:44.618+0000] {processor.py:840} INFO - DAG(s) 'example_task_group' retrieved from /home/airflow/.local/lib/python3.8/site-packages/airflow/example_dags/example_task_group.py
[2025-11-10T12:21:44.667+0000] {logging_mixin.py:188} INFO - [2025-11-10T12:21:44.666+0000] {dag.py:3036} INFO - Sync 1 DAGs
[2025-11-10T12:21:44.711+0000] {logging_mixin.py:188} INFO - [2025-11-10T12:21:44.711+0000] {dag.py:3823} INFO - Setting next_dagrun for example_task_group to 2025-11-09 00:00:00+00:00, run_after=2025-11-10 00:00:00+00:00
[2025-11-10T12:21:44.748+0000] {processor.py:183} INFO - Processing /home/airflow/.local/lib/python3.8/site-packages/airflow/example_dags/example_task_group.py took 0.162 seconds
[2025-11-10T12:22:15.014+0000] {processor.py:161} INFO - Started process (PID=148) to work on /home/airflow/.local/lib/python3.8/site-packages/airflow/example_dags/example_task_group.py
[2025-11-10T12:22:15.016+0000] {processor.py:830} INFO - Processing file /home/airflow/.local/lib/python3.8/site-packages/airflow/example_dags/example_task_group.py for tasks to queue
[2025-11-10T12:22:15.018+0000] {logging_mixin.py:188} INFO - [2025-11-10T12:22:15.017+0000] {dagbag.py:538} INFO - Filling up the DagBag from /home/airflow/.local/lib/python3.8/site-packages/airflow/example_dags/example_task_group.py
[2025-11-10T12:22:15.027+0000] {processor.py:840} INFO - DAG(s) 'example_task_group' retrieved from /home/airflow/.local/lib/python3.8/site-packages/airflow/example_dags/example_task_group.py
[2025-11-10T12:22:15.053+0000] {logging_mixin.py:188} INFO - [2025-11-10T12:22:15.053+0000] {dag.py:3036} INFO - Sync 1 DAGs
[2025-11-10T12:22:15.078+0000] {logging_mixin.py:188} INFO - [2025-11-10T12:22:15.078+0000] {dag.py:3823} INFO - Setting next_dagrun for example_task_group to 2025-11-09 00:00:00+00:00, run_after=2025-11-10 00:00:00+00:00
[2025-11-10T12:22:15.101+0000] {processor.py:183} INFO - Processing /home/airflow/.local/lib/python3.8/site-packages/airflow/example_dags/example_task_group.py took 0.090 seconds
[2025-11-10T12:22:45.943+0000] {processor.py:161} INFO - Started process (PID=204) to work on /home/airflow/.local/lib/python3.8/site-packages/airflow/example_dags/example_task_group.py
[2025-11-10T12:22:45.945+0000] {processor.py:830} INFO - Processing file /home/airflow/.local/lib/python3.8/site-packages/airflow/example_dags/example_task_group.py for tasks to queue
[2025-11-10T12:22:45.948+0000] {logging_mixin.py:188} INFO - [2025-11-10T12:22:45.948+0000] {dagbag.py:538} INFO - Filling up the DagBag from /home/airflow/.local/lib/python3.8/site-packages/airflow/example_dags/example_task_group.py
[2025-11-10T12:22:45.962+0000] {processor.py:840} INFO - DAG(s) 'example_task_group' retrieved from /home/airflow/.local/lib/python3.8/site-packages/airflow/example_dags/example_task_group.py
[2025-11-10T12:22:46.013+0000] {logging_mixin.py:188} INFO - [2025-11-10T12:22:46.012+0000] {dag.py:3036} INFO - Sync 1 DAGs
[2025-11-10T12:22:46.048+0000] {logging_mixin.py:188} INFO - [2025-11-10T12:22:46.048+0000] {dag.py:3823} INFO - Setting next_dagrun for example_task_group to 2025-11-09 00:00:00+00:00, run_after=2025-11-10 00:00:00+00:00
[2025-11-10T12:22:46.074+0000] {processor.py:183} INFO - Processing /home/airflow/.local/lib/python3.8/site-packages/airflow/example_dags/example_task_group.py took 0.136 seconds
