[2025-11-10T09:02:22.701+0000] {processor.py:161} INFO - Started process (PID=95) to work on /home/airflow/.local/lib/python3.8/site-packages/airflow/example_dags/tutorial.py
[2025-11-10T09:02:22.703+0000] {processor.py:830} INFO - Processing file /home/airflow/.local/lib/python3.8/site-packages/airflow/example_dags/tutorial.py for tasks to queue
[2025-11-10T09:02:22.713+0000] {logging_mixin.py:188} INFO - [2025-11-10T09:02:22.712+0000] {dagbag.py:538} INFO - Filling up the DagBag from /home/airflow/.local/lib/python3.8/site-packages/airflow/example_dags/tutorial.py
[2025-11-10T09:02:22.733+0000] {processor.py:840} INFO - DAG(s) 'tutorial' retrieved from /home/airflow/.local/lib/python3.8/site-packages/airflow/example_dags/tutorial.py
[2025-11-10T09:02:23.152+0000] {logging_mixin.py:188} INFO - [2025-11-10T09:02:23.152+0000] {dag.py:3036} INFO - Sync 1 DAGs
[2025-11-10T09:02:23.246+0000] {logging_mixin.py:188} INFO - [2025-11-10T09:02:23.245+0000] {dag.py:3823} INFO - Setting next_dagrun for tutorial to 2025-11-09 00:00:00+00:00, run_after=2025-11-10 00:00:00+00:00
[2025-11-10T09:02:23.279+0000] {processor.py:183} INFO - Processing /home/airflow/.local/lib/python3.8/site-packages/airflow/example_dags/tutorial.py took 0.642 seconds
[2025-11-10T09:02:53.737+0000] {processor.py:161} INFO - Started process (PID=149) to work on /home/airflow/.local/lib/python3.8/site-packages/airflow/example_dags/tutorial.py
[2025-11-10T09:02:53.740+0000] {processor.py:830} INFO - Processing file /home/airflow/.local/lib/python3.8/site-packages/airflow/example_dags/tutorial.py for tasks to queue
[2025-11-10T09:02:53.743+0000] {logging_mixin.py:188} INFO - [2025-11-10T09:02:53.742+0000] {dagbag.py:538} INFO - Filling up the DagBag from /home/airflow/.local/lib/python3.8/site-packages/airflow/example_dags/tutorial.py
[2025-11-10T09:02:53.753+0000] {processor.py:840} INFO - DAG(s) 'tutorial' retrieved from /home/airflow/.local/lib/python3.8/site-packages/airflow/example_dags/tutorial.py
[2025-11-10T09:02:53.794+0000] {logging_mixin.py:188} INFO - [2025-11-10T09:02:53.794+0000] {dag.py:3036} INFO - Sync 1 DAGs
[2025-11-10T09:02:53.835+0000] {logging_mixin.py:188} INFO - [2025-11-10T09:02:53.834+0000] {dag.py:3823} INFO - Setting next_dagrun for tutorial to 2025-11-09 00:00:00+00:00, run_after=2025-11-10 00:00:00+00:00
[2025-11-10T09:02:53.862+0000] {processor.py:183} INFO - Processing /home/airflow/.local/lib/python3.8/site-packages/airflow/example_dags/tutorial.py took 0.129 seconds
[2025-11-10T09:19:50.284+0000] {processor.py:161} INFO - Started process (PID=90) to work on /home/airflow/.local/lib/python3.8/site-packages/airflow/example_dags/tutorial.py
[2025-11-10T09:19:50.287+0000] {processor.py:830} INFO - Processing file /home/airflow/.local/lib/python3.8/site-packages/airflow/example_dags/tutorial.py for tasks to queue
[2025-11-10T09:19:50.290+0000] {logging_mixin.py:188} INFO - [2025-11-10T09:19:50.290+0000] {dagbag.py:538} INFO - Filling up the DagBag from /home/airflow/.local/lib/python3.8/site-packages/airflow/example_dags/tutorial.py
[2025-11-10T09:19:50.307+0000] {processor.py:840} INFO - DAG(s) 'tutorial' retrieved from /home/airflow/.local/lib/python3.8/site-packages/airflow/example_dags/tutorial.py
[2025-11-10T09:19:50.393+0000] {logging_mixin.py:188} INFO - [2025-11-10T09:19:50.392+0000] {dag.py:3036} INFO - Sync 1 DAGs
[2025-11-10T09:19:50.439+0000] {logging_mixin.py:188} INFO - [2025-11-10T09:19:50.439+0000] {dag.py:3823} INFO - Setting next_dagrun for tutorial to 2025-11-09 00:00:00+00:00, run_after=2025-11-10 00:00:00+00:00
[2025-11-10T09:19:50.469+0000] {processor.py:183} INFO - Processing /home/airflow/.local/lib/python3.8/site-packages/airflow/example_dags/tutorial.py took 0.191 seconds
[2025-11-10T12:21:43.530+0000] {processor.py:161} INFO - Started process (PID=84) to work on /home/airflow/.local/lib/python3.8/site-packages/airflow/example_dags/tutorial.py
[2025-11-10T12:21:43.532+0000] {processor.py:830} INFO - Processing file /home/airflow/.local/lib/python3.8/site-packages/airflow/example_dags/tutorial.py for tasks to queue
[2025-11-10T12:21:43.535+0000] {logging_mixin.py:188} INFO - [2025-11-10T12:21:43.535+0000] {dagbag.py:538} INFO - Filling up the DagBag from /home/airflow/.local/lib/python3.8/site-packages/airflow/example_dags/tutorial.py
[2025-11-10T12:21:43.544+0000] {processor.py:840} INFO - DAG(s) 'tutorial' retrieved from /home/airflow/.local/lib/python3.8/site-packages/airflow/example_dags/tutorial.py
[2025-11-10T12:21:43.582+0000] {logging_mixin.py:188} INFO - [2025-11-10T12:21:43.582+0000] {dag.py:3036} INFO - Sync 1 DAGs
[2025-11-10T12:21:43.613+0000] {logging_mixin.py:188} INFO - [2025-11-10T12:21:43.613+0000] {dag.py:3823} INFO - Setting next_dagrun for tutorial to 2025-11-09 00:00:00+00:00, run_after=2025-11-10 00:00:00+00:00
[2025-11-10T12:21:43.640+0000] {processor.py:183} INFO - Processing /home/airflow/.local/lib/python3.8/site-packages/airflow/example_dags/tutorial.py took 0.123 seconds
[2025-11-10T12:22:13.845+0000] {processor.py:161} INFO - Started process (PID=138) to work on /home/airflow/.local/lib/python3.8/site-packages/airflow/example_dags/tutorial.py
[2025-11-10T12:22:13.848+0000] {processor.py:830} INFO - Processing file /home/airflow/.local/lib/python3.8/site-packages/airflow/example_dags/tutorial.py for tasks to queue
[2025-11-10T12:22:13.852+0000] {logging_mixin.py:188} INFO - [2025-11-10T12:22:13.852+0000] {dagbag.py:538} INFO - Filling up the DagBag from /home/airflow/.local/lib/python3.8/site-packages/airflow/example_dags/tutorial.py
[2025-11-10T12:22:13.863+0000] {processor.py:840} INFO - DAG(s) 'tutorial' retrieved from /home/airflow/.local/lib/python3.8/site-packages/airflow/example_dags/tutorial.py
[2025-11-10T12:22:13.902+0000] {logging_mixin.py:188} INFO - [2025-11-10T12:22:13.902+0000] {dag.py:3036} INFO - Sync 1 DAGs
[2025-11-10T12:22:13.952+0000] {logging_mixin.py:188} INFO - [2025-11-10T12:22:13.952+0000] {dag.py:3823} INFO - Setting next_dagrun for tutorial to 2025-11-09 00:00:00+00:00, run_after=2025-11-10 00:00:00+00:00
[2025-11-10T12:22:13.985+0000] {processor.py:183} INFO - Processing /home/airflow/.local/lib/python3.8/site-packages/airflow/example_dags/tutorial.py took 0.147 seconds
[2025-11-10T12:22:44.826+0000] {processor.py:161} INFO - Started process (PID=195) to work on /home/airflow/.local/lib/python3.8/site-packages/airflow/example_dags/tutorial.py
[2025-11-10T12:22:44.828+0000] {processor.py:830} INFO - Processing file /home/airflow/.local/lib/python3.8/site-packages/airflow/example_dags/tutorial.py for tasks to queue
[2025-11-10T12:22:44.832+0000] {logging_mixin.py:188} INFO - [2025-11-10T12:22:44.831+0000] {dagbag.py:538} INFO - Filling up the DagBag from /home/airflow/.local/lib/python3.8/site-packages/airflow/example_dags/tutorial.py
[2025-11-10T12:22:44.845+0000] {processor.py:840} INFO - DAG(s) 'tutorial' retrieved from /home/airflow/.local/lib/python3.8/site-packages/airflow/example_dags/tutorial.py
[2025-11-10T12:22:44.882+0000] {logging_mixin.py:188} INFO - [2025-11-10T12:22:44.881+0000] {dag.py:3036} INFO - Sync 1 DAGs
[2025-11-10T12:22:44.933+0000] {logging_mixin.py:188} INFO - [2025-11-10T12:22:44.932+0000] {dag.py:3823} INFO - Setting next_dagrun for tutorial to 2025-11-09 00:00:00+00:00, run_after=2025-11-10 00:00:00+00:00
[2025-11-10T12:22:44.983+0000] {processor.py:183} INFO - Processing /home/airflow/.local/lib/python3.8/site-packages/airflow/example_dags/tutorial.py took 0.165 seconds
