[2025-11-10T09:02:20.258+0000] {processor.py:161} INFO - Started process (PID=89) to work on /home/airflow/.local/lib/python3.8/site-packages/airflow/example_dags/tutorial_dag.py
[2025-11-10T09:02:20.261+0000] {processor.py:830} INFO - Processing file /home/airflow/.local/lib/python3.8/site-packages/airflow/example_dags/tutorial_dag.py for tasks to queue
[2025-11-10T09:02:20.266+0000] {logging_mixin.py:188} INFO - [2025-11-10T09:02:20.265+0000] {dagbag.py:538} INFO - Filling up the DagBag from /home/airflow/.local/lib/python3.8/site-packages/airflow/example_dags/tutorial_dag.py
[2025-11-10T09:02:20.299+0000] {processor.py:840} INFO - DAG(s) 'tutorial_dag' retrieved from /home/airflow/.local/lib/python3.8/site-packages/airflow/example_dags/tutorial_dag.py
[2025-11-10T09:02:20.847+0000] {logging_mixin.py:188} INFO - [2025-11-10T09:02:20.846+0000] {dag.py:3036} INFO - Sync 1 DAGs
[2025-11-10T09:02:20.892+0000] {logging_mixin.py:188} INFO - [2025-11-10T09:02:20.891+0000] {dag.py:3823} INFO - Setting next_dagrun for tutorial_dag to None, run_after=None
[2025-11-10T09:02:20.964+0000] {processor.py:183} INFO - Processing /home/airflow/.local/lib/python3.8/site-packages/airflow/example_dags/tutorial_dag.py took 0.718 seconds
[2025-11-10T09:02:51.706+0000] {processor.py:161} INFO - Started process (PID=144) to work on /home/airflow/.local/lib/python3.8/site-packages/airflow/example_dags/tutorial_dag.py
[2025-11-10T09:02:51.709+0000] {processor.py:830} INFO - Processing file /home/airflow/.local/lib/python3.8/site-packages/airflow/example_dags/tutorial_dag.py for tasks to queue
[2025-11-10T09:02:51.713+0000] {logging_mixin.py:188} INFO - [2025-11-10T09:02:51.713+0000] {dagbag.py:538} INFO - Filling up the DagBag from /home/airflow/.local/lib/python3.8/site-packages/airflow/example_dags/tutorial_dag.py
[2025-11-10T09:02:51.734+0000] {processor.py:840} INFO - DAG(s) 'tutorial_dag' retrieved from /home/airflow/.local/lib/python3.8/site-packages/airflow/example_dags/tutorial_dag.py
[2025-11-10T09:02:51.800+0000] {logging_mixin.py:188} INFO - [2025-11-10T09:02:51.800+0000] {dag.py:3036} INFO - Sync 1 DAGs
[2025-11-10T09:02:51.853+0000] {logging_mixin.py:188} INFO - [2025-11-10T09:02:51.853+0000] {dag.py:3823} INFO - Setting next_dagrun for tutorial_dag to None, run_after=None
[2025-11-10T09:02:51.913+0000] {processor.py:183} INFO - Processing /home/airflow/.local/lib/python3.8/site-packages/airflow/example_dags/tutorial_dag.py took 0.215 seconds
[2025-11-10T09:19:49.258+0000] {processor.py:161} INFO - Started process (PID=84) to work on /home/airflow/.local/lib/python3.8/site-packages/airflow/example_dags/tutorial_dag.py
[2025-11-10T09:19:49.260+0000] {processor.py:830} INFO - Processing file /home/airflow/.local/lib/python3.8/site-packages/airflow/example_dags/tutorial_dag.py for tasks to queue
[2025-11-10T09:19:49.263+0000] {logging_mixin.py:188} INFO - [2025-11-10T09:19:49.262+0000] {dagbag.py:538} INFO - Filling up the DagBag from /home/airflow/.local/lib/python3.8/site-packages/airflow/example_dags/tutorial_dag.py
[2025-11-10T09:19:49.283+0000] {processor.py:840} INFO - DAG(s) 'tutorial_dag' retrieved from /home/airflow/.local/lib/python3.8/site-packages/airflow/example_dags/tutorial_dag.py
[2025-11-10T09:19:49.354+0000] {logging_mixin.py:188} INFO - [2025-11-10T09:19:49.353+0000] {dag.py:3036} INFO - Sync 1 DAGs
[2025-11-10T09:19:49.389+0000] {logging_mixin.py:188} INFO - [2025-11-10T09:19:49.388+0000] {dag.py:3823} INFO - Setting next_dagrun for tutorial_dag to None, run_after=None
[2025-11-10T09:19:49.444+0000] {processor.py:183} INFO - Processing /home/airflow/.local/lib/python3.8/site-packages/airflow/example_dags/tutorial_dag.py took 0.193 seconds
[2025-11-10T12:21:41.673+0000] {processor.py:161} INFO - Started process (PID=72) to work on /home/airflow/.local/lib/python3.8/site-packages/airflow/example_dags/tutorial_dag.py
[2025-11-10T12:21:41.676+0000] {processor.py:830} INFO - Processing file /home/airflow/.local/lib/python3.8/site-packages/airflow/example_dags/tutorial_dag.py for tasks to queue
[2025-11-10T12:21:41.682+0000] {logging_mixin.py:188} INFO - [2025-11-10T12:21:41.681+0000] {dagbag.py:538} INFO - Filling up the DagBag from /home/airflow/.local/lib/python3.8/site-packages/airflow/example_dags/tutorial_dag.py
[2025-11-10T12:21:41.715+0000] {processor.py:840} INFO - DAG(s) 'tutorial_dag' retrieved from /home/airflow/.local/lib/python3.8/site-packages/airflow/example_dags/tutorial_dag.py
[2025-11-10T12:21:41.820+0000] {logging_mixin.py:188} INFO - [2025-11-10T12:21:41.819+0000] {dag.py:3036} INFO - Sync 1 DAGs
[2025-11-10T12:21:41.896+0000] {logging_mixin.py:188} INFO - [2025-11-10T12:21:41.896+0000] {dag.py:3823} INFO - Setting next_dagrun for tutorial_dag to None, run_after=None
[2025-11-10T12:21:42.008+0000] {processor.py:183} INFO - Processing /home/airflow/.local/lib/python3.8/site-packages/airflow/example_dags/tutorial_dag.py took 0.351 seconds
[2025-11-10T12:22:12.198+0000] {processor.py:161} INFO - Started process (PID=133) to work on /home/airflow/.local/lib/python3.8/site-packages/airflow/example_dags/tutorial_dag.py
[2025-11-10T12:22:12.200+0000] {processor.py:830} INFO - Processing file /home/airflow/.local/lib/python3.8/site-packages/airflow/example_dags/tutorial_dag.py for tasks to queue
[2025-11-10T12:22:12.202+0000] {logging_mixin.py:188} INFO - [2025-11-10T12:22:12.201+0000] {dagbag.py:538} INFO - Filling up the DagBag from /home/airflow/.local/lib/python3.8/site-packages/airflow/example_dags/tutorial_dag.py
[2025-11-10T12:22:12.208+0000] {processor.py:840} INFO - DAG(s) 'tutorial_dag' retrieved from /home/airflow/.local/lib/python3.8/site-packages/airflow/example_dags/tutorial_dag.py
[2025-11-10T12:22:12.239+0000] {logging_mixin.py:188} INFO - [2025-11-10T12:22:12.239+0000] {dag.py:3036} INFO - Sync 1 DAGs
[2025-11-10T12:22:12.263+0000] {logging_mixin.py:188} INFO - [2025-11-10T12:22:12.263+0000] {dag.py:3823} INFO - Setting next_dagrun for tutorial_dag to None, run_after=None
[2025-11-10T12:22:12.311+0000] {processor.py:183} INFO - Processing /home/airflow/.local/lib/python3.8/site-packages/airflow/example_dags/tutorial_dag.py took 0.116 seconds
[2025-11-10T12:22:43.909+0000] {processor.py:161} INFO - Started process (PID=189) to work on /home/airflow/.local/lib/python3.8/site-packages/airflow/example_dags/tutorial_dag.py
[2025-11-10T12:22:43.912+0000] {processor.py:830} INFO - Processing file /home/airflow/.local/lib/python3.8/site-packages/airflow/example_dags/tutorial_dag.py for tasks to queue
[2025-11-10T12:22:43.917+0000] {logging_mixin.py:188} INFO - [2025-11-10T12:22:43.916+0000] {dagbag.py:538} INFO - Filling up the DagBag from /home/airflow/.local/lib/python3.8/site-packages/airflow/example_dags/tutorial_dag.py
[2025-11-10T12:22:43.934+0000] {processor.py:840} INFO - DAG(s) 'tutorial_dag' retrieved from /home/airflow/.local/lib/python3.8/site-packages/airflow/example_dags/tutorial_dag.py
[2025-11-10T12:22:44.012+0000] {logging_mixin.py:188} INFO - [2025-11-10T12:22:44.012+0000] {dag.py:3036} INFO - Sync 1 DAGs
[2025-11-10T12:22:44.057+0000] {logging_mixin.py:188} INFO - [2025-11-10T12:22:44.057+0000] {dag.py:3823} INFO - Setting next_dagrun for tutorial_dag to None, run_after=None
[2025-11-10T12:22:44.123+0000] {processor.py:183} INFO - Processing /home/airflow/.local/lib/python3.8/site-packages/airflow/example_dags/tutorial_dag.py took 0.222 seconds
