{"timestamp":"2025-11-10T14:28:00.490923Z","level":"info","event":"DAG bundles loaded: dags-folder, example_dags","logger":"airflow.dag_processing.bundles.manager.DagBundlesManager","filename":"manager.py","lineno":179}
{"timestamp":"2025-11-10T14:28:00.491609Z","level":"info","event":"Filling up the DagBag from /opt/airflow/dags/workflowETL.py","logger":"airflow.models.dagbag.DagBag","filename":"dagbag.py","lineno":593}
{"timestamp":"2025-11-10T14:28:00.501459Z","level":"warning","event":"The `airflow.operators.python.PythonOperator` attribute is deprecated. Please use `'airflow.providers.standard.operators.python.PythonOperator'`.","category":"DeprecatedImportWarning","filename":"/opt/airflow/dags/workflowETL.py","lineno":8,"logger":"py.warnings"}
{"timestamp":"2025-11-10T14:28:00.501711Z","level":"warning","event":"The `airflow.operators.bash.BashOperator` attribute is deprecated. Please use `'airflow.providers.standard.operators.bash.BashOperator'`.","category":"DeprecatedImportWarning","filename":"/opt/airflow/dags/workflowETL.py","lineno":9,"logger":"py.warnings"}
{"timestamp":"2025-11-10T14:28:00.501923Z","level":"warning","event":"The `airflow.operators.empty.EmptyOperator` attribute is deprecated. Please use `'airflow.providers.standard.operators.empty.EmptyOperator'`.","category":"DeprecatedImportWarning","filename":"/opt/airflow/dags/workflowETL.py","lineno":10,"logger":"py.warnings"}
{"timestamp":"2025-11-10T14:28:00.522913Z","level":"info","event":"Task instance is in running state","logger":"task.stdout"}
{"timestamp":"2025-11-10T14:28:00.523049Z","level":"info","event":" Previous state of the Task instance: TaskInstanceState.QUEUED","logger":"task.stdout"}
{"timestamp":"2025-11-10T14:28:00.523153Z","level":"info","event":"Current task name:load_task","logger":"task.stdout"}
{"timestamp":"2025-11-10T14:28:00.523221Z","level":"info","event":"Dag name:intro_etl_workflow","logger":"task.stdout"}
{"timestamp":"2025-11-10T14:28:00.524970Z","level":"info","event":"💾 Memulai proses Load data cuaca...","logger":"task.stdout"}
{"timestamp":"2025-11-10T14:28:00.534013Z","level":"warning","event":"Passing literal json to 'read_json' is deprecated and will be removed in a future version. To read from a literal string, wrap it in a 'StringIO' object.","category":"FutureWarning","filename":"/opt/airflow/dags/workflowETL.py","lineno":127,"logger":"py.warnings"}
{"timestamp":"2025-11-10T14:28:00.569387Z","level":"warning","event":"Passing literal json to 'read_json' is deprecated and will be removed in a future version. To read from a literal string, wrap it in a 'StringIO' object.","category":"FutureWarning","filename":"/opt/airflow/dags/workflowETL.py","lineno":131,"logger":"py.warnings"}
{"timestamp":"2025-11-10T14:28:00.592391Z","level":"info","event":"","logger":"task.stdout"}
{"timestamp":"2025-11-10T14:28:00.592538Z","level":"info","event":"📊 Daily Weather Summary (Top 5 hari):","logger":"task.stdout"}
{"timestamp":"2025-11-10T14:28:00.598658Z","level":"info","event":"      date  avg_temp  min_temp  max_temp  total_rain","logger":"task.stdout"}
{"timestamp":"2025-11-10T14:28:00.598791Z","level":"info","event":"2025-11-10 28.016667      25.6      32.1         0.2","logger":"task.stdout"}
{"timestamp":"2025-11-10T14:28:00.598859Z","level":"info","event":"2025-11-11 27.658333      25.5      31.6         0.0","logger":"task.stdout"}
{"timestamp":"2025-11-10T14:28:00.598920Z","level":"info","event":"2025-11-12 27.775000      25.9      30.7         0.0","logger":"task.stdout"}
{"timestamp":"2025-11-10T14:28:00.598979Z","level":"info","event":"2025-11-13 27.800000      25.7      31.8         0.0","logger":"task.stdout"}
{"timestamp":"2025-11-10T14:28:00.599038Z","level":"info","event":"2025-11-14 27.441667      25.3      30.4         0.0","logger":"task.stdout"}
{"timestamp":"2025-11-10T14:28:00.599096Z","level":"info","event":"","logger":"task.stdout"}
{"timestamp":"2025-11-10T14:28:00.599155Z","level":"info","event":"✅ Data loaded successfully:","logger":"task.stdout"}
{"timestamp":"2025-11-10T14:28:00.599214Z","level":"info","event":"   - Daily summary: /opt/airflow/data/daily_weather_summary.csv","logger":"task.stdout"}
{"timestamp":"2025-11-10T14:28:00.599282Z","level":"info","event":"   - Hourly data: /opt/airflow/data/hourly_weather_processed.csv","logger":"task.stdout"}
{"timestamp":"2025-11-10T14:28:00.598663Z","level":"info","event":"Done. Returned value was: Load completed","logger":"airflow.task.operators.airflow.providers.standard.operators.python.PythonOperator","filename":"python.py","lineno":215}
{"timestamp":"2025-11-10T14:28:00.598889Z","level":"info","event":"Pushing xcom","ti":"RuntimeTaskInstance(id=UUID('019a6e2a-86e8-7237-9a66-5eafc201344a'), task_id='load_task', dag_id='intro_etl_workflow', run_id='manual__2025-11-10T14:27:50+00:00', try_number=1, dag_version_id=UUID('019a6e01-52e1-70c0-8353-0235ab6d6fb9'), map_index=-1, hostname='de092502fcf2', context_carrier={}, task=<Task(PythonOperator): load_task>, bundle_instance=LocalDagBundle(name=dags-folder), max_tries=1, start_date=datetime.datetime(2025, 11, 10, 14, 28, 0, 97648, tzinfo=datetime.timezone.utc), end_date=None, state=<TaskInstanceState.RUNNING: 'running'>, is_mapped=False, rendered_map_index=None)","logger":"task","filename":"task_runner.py","lineno":1357}
{"timestamp":"2025-11-10T14:28:00.631349Z","level":"info","event":"Task instance in success state","logger":"task.stdout"}
{"timestamp":"2025-11-10T14:28:00.631489Z","level":"info","event":" Previous state of the Task instance: TaskInstanceState.RUNNING","logger":"task.stdout"}
{"timestamp":"2025-11-10T14:28:00.631601Z","level":"info","event":"Task operator:<Task(PythonOperator): load_task>","logger":"task.stdout"}
