{"timestamp":"2025-11-10T14:07:15.405341Z","level":"info","event":"DAG bundles loaded: dags-folder, example_dags","logger":"airflow.dag_processing.bundles.manager.DagBundlesManager","filename":"manager.py","lineno":179}
{"timestamp":"2025-11-10T14:07:15.406098Z","level":"info","event":"Filling up the DagBag from /opt/airflow/dags/workflowETL.py","logger":"airflow.models.dagbag.DagBag","filename":"dagbag.py","lineno":593}
{"timestamp":"2025-11-10T14:07:15.416974Z","level":"warning","event":"The `airflow.operators.python.PythonOperator` attribute is deprecated. Please use `'airflow.providers.standard.operators.python.PythonOperator'`.","category":"DeprecatedImportWarning","filename":"/opt/airflow/dags/workflowETL.py","lineno":8,"logger":"py.warnings"}
{"timestamp":"2025-11-10T14:07:15.417326Z","level":"warning","event":"The `airflow.operators.bash.BashOperator` attribute is deprecated. Please use `'airflow.providers.standard.operators.bash.BashOperator'`.","category":"DeprecatedImportWarning","filename":"/opt/airflow/dags/workflowETL.py","lineno":9,"logger":"py.warnings"}
{"timestamp":"2025-11-10T14:07:15.417484Z","level":"warning","event":"The `airflow.operators.empty.EmptyOperator` attribute is deprecated. Please use `'airflow.providers.standard.operators.empty.EmptyOperator'`.","category":"DeprecatedImportWarning","filename":"/opt/airflow/dags/workflowETL.py","lineno":10,"logger":"py.warnings"}
{"timestamp":"2025-11-10T14:07:15.441623Z","level":"info","event":"Task instance is in running state","logger":"task.stdout"}
{"timestamp":"2025-11-10T14:07:15.441831Z","level":"info","event":" Previous state of the Task instance: TaskInstanceState.QUEUED","logger":"task.stdout"}
{"timestamp":"2025-11-10T14:07:15.441989Z","level":"info","event":"Current task name:transform_task","logger":"task.stdout"}
{"timestamp":"2025-11-10T14:07:15.442079Z","level":"info","event":"Dag name:intro_etl_workflow","logger":"task.stdout"}
{"timestamp":"2025-11-10T14:07:15.444289Z","level":"info","event":"🔄 Memulai proses Transform data cuaca...","logger":"task.stdout"}
{"timestamp":"2025-11-10T14:07:15.551340Z","level":"info","event":"✅ Data transformed:","logger":"task.stdout"}
{"timestamp":"2025-11-10T14:07:15.551489Z","level":"info","event":"   - Total 168 jam data","logger":"task.stdout"}
{"timestamp":"2025-11-10T14:07:15.551563Z","level":"info","event":"   - Ringkasan 7 hari","logger":"task.stdout"}
{"timestamp":"2025-11-10T14:07:15.552099Z","level":"info","event":"   - Suhu rata-rata: 27.73°C","logger":"task.stdout"}
{"timestamp":"2025-11-10T14:07:15.552249Z","level":"info","event":"   - Total hujan: 0.20mm","logger":"task.stdout"}
{"timestamp":"2025-11-10T14:07:15.552263Z","level":"info","event":"Done. Returned value was: Transform completed","logger":"airflow.task.operators.airflow.providers.standard.operators.python.PythonOperator","filename":"python.py","lineno":215}
{"timestamp":"2025-11-10T14:07:15.552557Z","level":"info","event":"Pushing xcom","ti":"RuntimeTaskInstance(id=UUID('019a6e17-7bab-76b2-9567-73ad4a4f4b1f'), task_id='transform_task', dag_id='intro_etl_workflow', run_id='scheduled__2025-11-10T00:00:00+00:00', try_number=1, dag_version_id=UUID('019a6e01-52e1-70c0-8353-0235ab6d6fb9'), map_index=-1, hostname='de092502fcf2', context_carrier={}, task=<Task(PythonOperator): transform_task>, bundle_instance=LocalDagBundle(name=dags-folder), max_tries=1, start_date=datetime.datetime(2025, 11, 10, 14, 7, 14, 959545, tzinfo=datetime.timezone.utc), end_date=None, state=<TaskInstanceState.RUNNING: 'running'>, is_mapped=False, rendered_map_index=None)","logger":"task","filename":"task_runner.py","lineno":1357}
{"timestamp":"2025-11-10T14:07:15.594365Z","level":"info","event":"Task instance in success state","logger":"task.stdout"}
{"timestamp":"2025-11-10T14:07:15.594502Z","level":"info","event":" Previous state of the Task instance: TaskInstanceState.RUNNING","logger":"task.stdout"}
{"timestamp":"2025-11-10T14:07:15.594613Z","level":"info","event":"Task operator:<Task(PythonOperator): transform_task>","logger":"task.stdout"}
