{"timestamp":"2025-11-10T14:30:26.845346Z","level":"info","event":"DAG bundles loaded: dags-folder, example_dags","logger":"airflow.dag_processing.bundles.manager.DagBundlesManager","filename":"manager.py","lineno":179}
{"timestamp":"2025-11-10T14:30:26.846180Z","level":"info","event":"Filling up the DagBag from /opt/airflow/dags/workflowETL.py","logger":"airflow.models.dagbag.DagBag","filename":"dagbag.py","lineno":593}
{"timestamp":"2025-11-10T14:30:26.859784Z","level":"warning","event":"The `airflow.operators.python.PythonOperator` attribute is deprecated. Please use `'airflow.providers.standard.operators.python.PythonOperator'`.","category":"DeprecatedImportWarning","filename":"/opt/airflow/dags/workflowETL.py","lineno":8,"logger":"py.warnings"}
{"timestamp":"2025-11-10T14:30:26.860001Z","level":"warning","event":"The `airflow.operators.bash.BashOperator` attribute is deprecated. Please use `'airflow.providers.standard.operators.bash.BashOperator'`.","category":"DeprecatedImportWarning","filename":"/opt/airflow/dags/workflowETL.py","lineno":9,"logger":"py.warnings"}
{"timestamp":"2025-11-10T14:30:26.860206Z","level":"warning","event":"The `airflow.operators.empty.EmptyOperator` attribute is deprecated. Please use `'airflow.providers.standard.operators.empty.EmptyOperator'`.","category":"DeprecatedImportWarning","filename":"/opt/airflow/dags/workflowETL.py","lineno":10,"logger":"py.warnings"}
{"timestamp":"2025-11-10T14:30:26.892368Z","level":"info","event":"Task instance is in running state","logger":"task.stdout"}
{"timestamp":"2025-11-10T14:30:26.892673Z","level":"info","event":" Previous state of the Task instance: TaskInstanceState.QUEUED","logger":"task.stdout"}
{"timestamp":"2025-11-10T14:30:26.892921Z","level":"info","event":"Current task name:load_task","logger":"task.stdout"}
{"timestamp":"2025-11-10T14:30:26.893072Z","level":"info","event":"Dag name:intro_etl_workflow","logger":"task.stdout"}
{"timestamp":"2025-11-10T14:30:26.895779Z","level":"info","event":"💾 Memulai proses Load data cuaca...","logger":"task.stdout"}
{"timestamp":"2025-11-10T14:30:26.912483Z","level":"warning","event":"Passing literal json to 'read_json' is deprecated and will be removed in a future version. To read from a literal string, wrap it in a 'StringIO' object.","category":"FutureWarning","filename":"/opt/airflow/dags/workflowETL.py","lineno":127,"logger":"py.warnings"}
{"timestamp":"2025-11-10T14:30:26.950624Z","level":"warning","event":"Passing literal json to 'read_json' is deprecated and will be removed in a future version. To read from a literal string, wrap it in a 'StringIO' object.","category":"FutureWarning","filename":"/opt/airflow/dags/workflowETL.py","lineno":131,"logger":"py.warnings"}
{"timestamp":"2025-11-10T14:30:26.968220Z","level":"info","event":"","logger":"task.stdout"}
{"timestamp":"2025-11-10T14:30:26.968453Z","level":"info","event":"📊 Daily Weather Summary (Top 5 hari):","logger":"task.stdout"}
{"timestamp":"2025-11-10T14:30:26.973399Z","level":"info","event":"      date  avg_temp  min_temp  max_temp  total_rain","logger":"task.stdout"}
{"timestamp":"2025-11-10T14:30:26.973651Z","level":"info","event":"2025-11-10 28.016667      25.6      32.1         0.2","logger":"task.stdout"}
{"timestamp":"2025-11-10T14:30:26.973749Z","level":"info","event":"2025-11-11 27.658333      25.5      31.6         0.0","logger":"task.stdout"}
{"timestamp":"2025-11-10T14:30:26.973833Z","level":"info","event":"2025-11-12 27.775000      25.9      30.7         0.0","logger":"task.stdout"}
{"timestamp":"2025-11-10T14:30:26.973914Z","level":"info","event":"2025-11-13 27.800000      25.7      31.8         0.0","logger":"task.stdout"}
{"timestamp":"2025-11-10T14:30:26.973993Z","level":"info","event":"2025-11-14 27.441667      25.3      30.4         0.0","logger":"task.stdout"}
{"timestamp":"2025-11-10T14:30:26.974071Z","level":"info","event":"","logger":"task.stdout"}
{"timestamp":"2025-11-10T14:30:26.974151Z","level":"info","event":"✅ Data loaded successfully:","logger":"task.stdout"}
{"timestamp":"2025-11-10T14:30:26.974233Z","level":"info","event":"   - Daily summary: /opt/airflow/data/daily_weather_summary.csv","logger":"task.stdout"}
{"timestamp":"2025-11-10T14:30:26.974325Z","level":"info","event":"   - Hourly data: /opt/airflow/data/hourly_weather_processed.csv","logger":"task.stdout"}
{"timestamp":"2025-11-10T14:30:26.973432Z","level":"info","event":"Done. Returned value was: Load completed","logger":"airflow.task.operators.airflow.providers.standard.operators.python.PythonOperator","filename":"python.py","lineno":215}
{"timestamp":"2025-11-10T14:30:26.973740Z","level":"info","event":"Pushing xcom","ti":"RuntimeTaskInstance(id=UUID('019a6e28-4c18-7441-9e2e-0e6c0cbadd76'), task_id='load_task', dag_id='intro_etl_workflow', run_id='manual__2025-11-10T14:25:14+00:00', try_number=2, dag_version_id=UUID('019a6e01-52e1-70c0-8353-0235ab6d6fb9'), map_index=-1, hostname='de092502fcf2', context_carrier={}, task=<Task(PythonOperator): load_task>, bundle_instance=LocalDagBundle(name=dags-folder), max_tries=1, start_date=datetime.datetime(2025, 11, 10, 14, 30, 26, 339619, tzinfo=datetime.timezone.utc), end_date=None, state=<TaskInstanceState.RUNNING: 'running'>, is_mapped=False, rendered_map_index=None)","logger":"task","filename":"task_runner.py","lineno":1357}
{"timestamp":"2025-11-10T14:30:27.010618Z","level":"info","event":"Task instance in success state","logger":"task.stdout"}
{"timestamp":"2025-11-10T14:30:27.010826Z","level":"info","event":" Previous state of the Task instance: TaskInstanceState.RUNNING","logger":"task.stdout"}
{"timestamp":"2025-11-10T14:30:27.011104Z","level":"info","event":"Task operator:<Task(PythonOperator): load_task>","logger":"task.stdout"}
